<?xml version="1.0" encoding="UTF-8" standalone="no"?><?xml-stylesheet type="text/xsl" href="../lib/xsl/imcgen.xsl"?><imcgen><node id="34" label="{Decls}"><node id="1" label="VarDecl" lexeme="i"><node id="0" label="AtomType" spec="INT"><location begcolumn="9" begline="3" endcolumn="11" endline="3" loc="3.9 - 3.11"/><isType><semtype type="INTEGER"/></isType></node><location begcolumn="1" begline="3" endcolumn="12" endline="3" loc="3.1 - 3.12"/><access label="_i" size="8"/></node><node id="7" label="FunDecl" lexeme="putChar"><node id="6" label="{Pars}"><node id="3" label="ParDecl" lexeme="c"><node id="2" label="AtomType" spec="CHAR"><location begcolumn="17" begline="5" endcolumn="20" endline="5" loc="5.17 - 5.20"/><isType><semtype type="CHAR"/></isType></node><location begcolumn="13" begline="5" endcolumn="20" endline="5" loc="5.13 - 5.20"/><access depth="1" offset="8" size="8"/></node><location begcolumn="13" begline="5" endcolumn="20" endline="5" loc="5.13 - 5.20"/></node><node id="4" label="AtomType" spec="CHAR"><location begcolumn="25" begline="5" endcolumn="28" endline="5" loc="5.25 - 5.28"/><isType><semtype type="CHAR"/></isType></node><node id="5" label="AtomExpr" lexeme="'a'" spec="CHAR"><location begcolumn="32" begline="5" endcolumn="34" endline="5" loc="5.32 - 5.34"/><ofType><semtype type="CHAR"/></ofType><imcs><imc instruction="CONST(97)"/></imcs></node><location begcolumn="1" begline="5" endcolumn="35" endline="5" loc="5.1 - 5.35"/><frame FP="T0" RV="T1" argssize="0" depth="1" label="_putChar" locssize="0" size="16"/></node><node id="33" label="FunDecl" lexeme="main"><node id="8" label="AtomType" spec="VOID"><location begcolumn="14" begline="7" endcolumn="17" endline="7" loc="7.14 - 7.17"/><isType><semtype type="VOID"/></isType></node><node id="31" label="StmtExpr"><node id="30" label="{Stmts}"><node id="11" label="AssignStmt"><node id="9" label="NameExpr" lexeme="i"><location begcolumn="5" begline="8" endcolumn="5" endline="8" loc="8.5 - 8.5"/><declaredAt idx="1" location="3.1 - 3.12"/><ofType><semtype type="INTEGER"/></ofType><lvalue/><imcs><imc instruction="MEM"><imc instruction="NAME(_i)"/></imc></imcs></node><node id="10" label="AtomExpr" lexeme="48" spec="INT"><location begcolumn="9" begline="8" endcolumn="10" endline="8" loc="8.9 - 8.10"/><ofType><semtype type="INTEGER"/></ofType><imcs><imc instruction="CONST(48)"/></imcs></node><location begcolumn="5" begline="8" endcolumn="11" endline="8" loc="8.5 - 8.11"/><ofType><semtype type="VOID"/></ofType><imcs><imc instruction="MOVE"><imc instruction="MEM"><imc instruction="NAME(_i)"/></imc><imc instruction="CONST(48)"/></imc></imcs></node><node id="29" label="WhileStmt"><node id="16" label="BinExpr" spec="LEQ"><node id="12" label="NameExpr" lexeme="i"><location begcolumn="11" begline="10" endcolumn="11" endline="10" loc="10.11 - 10.11"/><declaredAt idx="1" location="3.1 - 3.12"/><ofType><semtype type="INTEGER"/></ofType><lvalue/><imcs><imc instruction="MEM"><imc instruction="NAME(_i)"/></imc></imcs></node><node id="15" label="CastExpr"><node id="13" label="AtomExpr" lexeme="'z'" spec="CHAR"><location begcolumn="17" begline="10" endcolumn="19" endline="10" loc="10.17 - 10.19"/><ofType><semtype type="CHAR"/></ofType><imcs><imc instruction="CONST(122)"/></imcs></node><node id="14" label="AtomType" spec="INT"><location begcolumn="23" begline="10" endcolumn="25" endline="10" loc="10.23 - 10.25"/><isType><semtype type="INTEGER"/></isType></node><location begcolumn="16" begline="10" endcolumn="26" endline="10" loc="10.16 - 10.26"/><ofType><semtype type="INTEGER"/></ofType><imcs><imc instruction="CONST(122)"/></imcs></node><location begcolumn="11" begline="10" endcolumn="26" endline="10" loc="10.11 - 10.26"/><ofType><semtype type="INTEGER"/></ofType><imcs><imc instruction="BINOP(LEQ)"><imc instruction="MEM"><imc instruction="NAME(_i)"/></imc><imc instruction="CONST(122)"/></imc></imcs></node><node id="28" label="{BodyStmts}"><node id="22" label="ExprStmt"><node id="21" label="CallExpr" lexeme="putChar"><node id="20" label="{CallArgs}"><node id="19" label="CastExpr"><node id="17" label="NameExpr" lexeme="i"><location begcolumn="18" begline="11" endcolumn="18" endline="11" loc="11.18 - 11.18"/><declaredAt idx="1" location="3.1 - 3.12"/><ofType><semtype type="INTEGER"/></ofType><lvalue/><imcs><imc instruction="MEM"><imc instruction="NAME(_i)"/></imc></imcs></node><node id="18" label="AtomType" spec="CHAR"><location begcolumn="22" begline="11" endcolumn="25" endline="11" loc="11.22 - 11.25"/><isType><semtype type="CHAR"/></isType></node><location begcolumn="17" begline="11" endcolumn="26" endline="11" loc="11.17 - 11.26"/><ofType><semtype type="CHAR"/></ofType><imcs><imc instruction="MEM"><imc instruction="NAME(_i)"/></imc></imcs></node><location begcolumn="17" begline="11" endcolumn="26" endline="11" loc="11.17 - 11.26"/></node><location begcolumn="9" begline="11" endcolumn="27" endline="11" loc="11.9 - 11.27"/><declaredAt idx="7" location="5.1 - 5.35"/><ofType><semtype type="CHAR"/></ofType><imcs><imc instruction="CALL(_putChar)"><imc instruction="CONST(0)"/><imc instruction="MEM"><imc instruction="NAME(_i)"/></imc></imc></imcs></node><location begcolumn="9" begline="11" endcolumn="28" endline="11" loc="11.9 - 11.28"/><ofType><semtype type="CHAR"/></ofType><imcs><imc instruction="ESTMT"><imc instruction="CALL(_putChar)"><imc instruction="CONST(0)"/><imc instruction="MEM"><imc instruction="NAME(_i)"/></imc></imc></imc></imcs></node><node id="27" label="AssignStmt"><node id="23" label="NameExpr" lexeme="i"><location begcolumn="9" begline="12" endcolumn="9" endline="12" loc="12.9 - 12.9"/><declaredAt idx="1" location="3.1 - 3.12"/><ofType><semtype type="INTEGER"/></ofType><lvalue/><imcs><imc instruction="MEM"><imc instruction="NAME(_i)"/></imc></imcs></node><node id="26" label="BinExpr" spec="ADD"><node id="24" label="NameExpr" lexeme="i"><location begcolumn="13" begline="12" endcolumn="13" endline="12" loc="12.13 - 12.13"/><declaredAt idx="1" location="3.1 - 3.12"/><ofType><semtype type="INTEGER"/></ofType><lvalue/><imcs><imc instruction="MEM"><imc instruction="NAME(_i)"/></imc></imcs></node><node id="25" label="AtomExpr" lexeme="1" spec="INT"><location begcolumn="17" begline="12" endcolumn="17" endline="12" loc="12.17 - 12.17"/><ofType><semtype type="INTEGER"/></ofType><imcs><imc instruction="CONST(1)"/></imcs></node><location begcolumn="13" begline="12" endcolumn="17" endline="12" loc="12.13 - 12.17"/><ofType><semtype type="INTEGER"/></ofType><imcs><imc instruction="BINOP(ADD)"><imc instruction="MEM"><imc instruction="NAME(_i)"/></imc><imc instruction="CONST(1)"/></imc></imcs></node><location begcolumn="9" begline="12" endcolumn="18" endline="12" loc="12.9 - 12.18"/><ofType><semtype type="VOID"/></ofType><imcs><imc instruction="MOVE"><imc instruction="MEM"><imc instruction="NAME(_i)"/></imc><imc instruction="BINOP(ADD)"><imc instruction="MEM"><imc instruction="NAME(_i)"/></imc><imc instruction="CONST(1)"/></imc></imc></imcs></node><location begcolumn="9" begline="11" endcolumn="18" endline="12" loc="11.9 - 12.18"/></node><location begcolumn="5" begline="10" endcolumn="8" endline="13" loc="10.5 - 13.8"/><ofType><semtype type="VOID"/></ofType><imcs><imc instruction="STMTS"><imc instruction="LABEL(L0)"/><imc instruction="CJUMP(L1,L2)"><imc instruction="BINOP(LEQ)"><imc instruction="MEM"><imc instruction="NAME(_i)"/></imc><imc instruction="CONST(122)"/></imc></imc><imc instruction="LABEL(L1)"/><imc instruction="ESTMT"><imc instruction="CALL(_putChar)"><imc instruction="CONST(0)"/><imc instruction="MEM"><imc instruction="NAME(_i)"/></imc></imc></imc><imc instruction="MOVE"><imc instruction="MEM"><imc instruction="NAME(_i)"/></imc><imc instruction="BINOP(ADD)"><imc instruction="MEM"><imc instruction="NAME(_i)"/></imc><imc instruction="CONST(1)"/></imc></imc><imc instruction="JUMP(L0)"/><imc instruction="LABEL(L2)"/></imc></imcs></node><location begcolumn="5" begline="8" endcolumn="8" endline="13" loc="8.5 - 13.8"/></node><location begcolumn="21" begline="7" endcolumn="1" endline="14" loc="7.21 - 14.1"/><ofType><semtype type="VOID"/></ofType><imcs><imc instruction="SEXPR"><imc instruction="STMTS"><imc instruction="MOVE"><imc instruction="MEM"><imc instruction="NAME(_i)"/></imc><imc instruction="CONST(48)"/></imc><imc instruction="STMTS"><imc instruction="LABEL(L0)"/><imc instruction="CJUMP(L1,L2)"><imc instruction="BINOP(LEQ)"><imc instruction="MEM"><imc instruction="NAME(_i)"/></imc><imc instruction="CONST(122)"/></imc></imc><imc instruction="LABEL(L1)"/><imc instruction="ESTMT"><imc instruction="CALL(_putChar)"><imc instruction="CONST(0)"/><imc instruction="MEM"><imc instruction="NAME(_i)"/></imc></imc></imc><imc instruction="MOVE"><imc instruction="MEM"><imc instruction="NAME(_i)"/></imc><imc instruction="BINOP(ADD)"><imc instruction="MEM"><imc instruction="NAME(_i)"/></imc><imc instruction="CONST(1)"/></imc></imc><imc instruction="JUMP(L0)"/><imc instruction="LABEL(L2)"/></imc></imc><imc instruction="CONST(0)"/></imc></imcs></node><location begcolumn="1" begline="7" endcolumn="2" endline="14" loc="7.1 - 14.2"/><frame FP="T2" RV="T3" argssize="16" depth="1" label="_main" locssize="0" size="32"/></node><location begcolumn="1" begline="3" endcolumn="2" endline="14" loc="3.1 - 14.2"/></node></imcgen>