<?xml version="1.0" encoding="UTF-8" standalone="no"?><?xml-stylesheet type="text/xsl" href="../lib/xsl/abstr.xsl"?><abstr><node id="16" label="{Decls}"><node id="1" label="VarDecl" lexeme="i"><node id="0" label="AtomType" spec="INT"><location begcolumn="9" begline="1" endcolumn="11" endline="1" loc="1.9 - 1.11"/></node><location begcolumn="1" begline="1" endcolumn="12" endline="1" loc="1.1 - 1.12"/></node><node id="15" label="FunDecl" lexeme="main"><node id="2" label="AtomType" spec="INT"><location begcolumn="14" begline="3" endcolumn="16" endline="3" loc="3.14 - 3.16"/></node><node id="13" label="StmtExpr"><node id="12" label="{Stmts}"><node id="5" label="AssignStmt"><node id="3" label="NameExpr" lexeme="i"><location begcolumn="3" begline="4" endcolumn="3" endline="4" loc="4.3 - 4.3"/></node><node id="4" label="AtomExpr" lexeme="10" spec="INT"><location begcolumn="7" begline="4" endcolumn="8" endline="4" loc="4.7 - 4.8"/></node><location begcolumn="3" begline="4" endcolumn="9" endline="4" loc="4.3 - 4.9"/></node><node id="11" label="ExprStmt"><node id="10" label="BinExpr" spec="ADD"><node id="6" label="AtomExpr" lexeme="1" spec="INT"><location begcolumn="3" begline="5" endcolumn="3" endline="5" loc="5.3 - 5.3"/></node><node id="9" label="BinExpr" spec="MUL"><node id="7" label="NameExpr" lexeme="i"><location begcolumn="7" begline="5" endcolumn="7" endline="5" loc="5.7 - 5.7"/></node><node id="8" label="AtomExpr" lexeme="5" spec="INT"><location begcolumn="11" begline="5" endcolumn="11" endline="5" loc="5.11 - 5.11"/></node><location begcolumn="7" begline="5" endcolumn="11" endline="5" loc="5.7 - 5.11"/></node><location begcolumn="3" begline="5" endcolumn="11" endline="5" loc="5.3 - 5.11"/></node><location begcolumn="3" begline="5" endcolumn="12" endline="5" loc="5.3 - 5.12"/></node><location begcolumn="3" begline="4" endcolumn="12" endline="5" loc="4.3 - 5.12"/></node><location begcolumn="20" begline="3" endcolumn="1" endline="6" loc="3.20 - 6.1"/></node><location begcolumn="1" begline="3" endcolumn="2" endline="6" loc="3.1 - 6.2"/></node><location begcolumn="1" begline="1" endcolumn="2" endline="6" loc="1.1 - 6.2"/></node></abstr>