<?xml version="1.0" encoding="UTF-8" standalone="no"?><?xml-stylesheet type="text/xsl" href="../lib/xsl/lexan.xsl"?><lexan><term lexeme="fun" token="FUN"><location begcolumn="1" begline="3" endcolumn="3" endline="3" loc="3.1 - 3.3"/></term><term lexeme="exit" token="ID"><location begcolumn="5" begline="3" endcolumn="8" endline="3" loc="3.5 - 3.8"/></term><term lexeme="(" token="LP"><location begcolumn="9" begline="3" endcolumn="9" endline="3" loc="3.9 - 3.9"/></term><term lexeme=")" token="RP"><location begcolumn="10" begline="3" endcolumn="10" endline="3" loc="3.10 - 3.10"/></term><term lexeme=":" token="COLON"><location begcolumn="12" begline="3" endcolumn="12" endline="3" loc="3.12 - 3.12"/></term><term lexeme="int" token="INT"><location begcolumn="14" begline="3" endcolumn="16" endline="3" loc="3.14 - 3.16"/></term><term lexeme="=" token="ASSIGN"><location begcolumn="18" begline="3" endcolumn="18" endline="3" loc="3.18 - 3.18"/></term><term lexeme="0" token="INTEGER"><location begcolumn="20" begline="3" endcolumn="20" endline="3" loc="3.20 - 3.20"/></term><term lexeme=";" token="SEMICOLON"><location begcolumn="21" begline="3" endcolumn="21" endline="3" loc="3.21 - 3.21"/></term><term lexeme="fun" token="FUN"><location begcolumn="1" begline="4" endcolumn="3" endline="4" loc="4.1 - 4.3"/></term><term lexeme="putChar" token="ID"><location begcolumn="5" begline="4" endcolumn="11" endline="4" loc="4.5 - 4.11"/></term><term lexeme="(" token="LP"><location begcolumn="12" begline="4" endcolumn="12" endline="4" loc="4.12 - 4.12"/></term><term lexeme="c" token="ID"><location begcolumn="13" begline="4" endcolumn="13" endline="4" loc="4.13 - 4.13"/></term><term lexeme=":" token="COLON"><location begcolumn="15" begline="4" endcolumn="15" endline="4" loc="4.15 - 4.15"/></term><term lexeme="char" token="CHAR"><location begcolumn="17" begline="4" endcolumn="20" endline="4" loc="4.17 - 4.20"/></term><term lexeme=")" token="RP"><location begcolumn="21" begline="4" endcolumn="21" endline="4" loc="4.21 - 4.21"/></term><term lexeme=":" token="COLON"><location begcolumn="23" begline="4" endcolumn="23" endline="4" loc="4.23 - 4.23"/></term><term lexeme="char" token="CHAR"><location begcolumn="25" begline="4" endcolumn="28" endline="4" loc="4.25 - 4.28"/></term><term lexeme="=" token="ASSIGN"><location begcolumn="30" begline="4" endcolumn="30" endline="4" loc="4.30 - 4.30"/></term><term lexeme="' '" token="CHARCONST"><location begcolumn="32" begline="4" endcolumn="34" endline="4" loc="4.32 - 4.34"/></term><term lexeme=";" token="SEMICOLON"><location begcolumn="35" begline="4" endcolumn="35" endline="4" loc="4.35 - 4.35"/></term><term lexeme="fun" token="FUN"><location begcolumn="1" begline="6" endcolumn="3" endline="6" loc="6.1 - 6.3"/></term><term lexeme="rekurzija" token="ID"><location begcolumn="5" begline="6" endcolumn="13" endline="6" loc="6.5 - 6.13"/></term><term lexeme="(" token="LP"><location begcolumn="14" begline="6" endcolumn="14" endline="6" loc="6.14 - 6.14"/></term><term lexeme="num" token="ID"><location begcolumn="15" begline="6" endcolumn="17" endline="6" loc="6.15 - 6.17"/></term><term lexeme=":" token="COLON"><location begcolumn="19" begline="6" endcolumn="19" endline="6" loc="6.19 - 6.19"/></term><term lexeme="int" token="INT"><location begcolumn="21" begline="6" endcolumn="23" endline="6" loc="6.21 - 6.23"/></term><term lexeme=")" token="RP"><location begcolumn="24" begline="6" endcolumn="24" endline="6" loc="6.24 - 6.24"/></term><term lexeme=":" token="COLON"><location begcolumn="26" begline="6" endcolumn="26" endline="6" loc="6.26 - 6.26"/></term><term lexeme="void" token="VOID"><location begcolumn="28" begline="6" endcolumn="31" endline="6" loc="6.28 - 6.31"/></term><term lexeme="=" token="ASSIGN"><location begcolumn="33" begline="6" endcolumn="33" endline="6" loc="6.33 - 6.33"/></term><term lexeme="{" token="LBR"><location begcolumn="35" begline="6" endcolumn="35" endline="6" loc="6.35 - 6.35"/></term><term lexeme="if" token="IF"><location begcolumn="5" begline="7" endcolumn="6" endline="7" loc="7.5 - 7.6"/></term><term lexeme="num" token="ID"><location begcolumn="8" begline="7" endcolumn="10" endline="7" loc="7.8 - 7.10"/></term><term lexeme="&gt;=" token="GE"><location begcolumn="12" begline="7" endcolumn="13" endline="7" loc="7.12 - 7.13"/></term><term lexeme="122" token="INTEGER"><location begcolumn="15" begline="7" endcolumn="17" endline="7" loc="7.15 - 7.17"/></term><term lexeme="then" token="THEN"><location begcolumn="19" begline="7" endcolumn="22" endline="7" loc="7.19 - 7.22"/></term><term lexeme="putChar" token="ID"><location begcolumn="9" begline="8" endcolumn="15" endline="8" loc="8.9 - 8.15"/></term><term lexeme="(" token="LP"><location begcolumn="16" begline="8" endcolumn="16" endline="8" loc="8.16 - 8.16"/></term><term lexeme="(" token="LP"><location begcolumn="17" begline="8" endcolumn="17" endline="8" loc="8.17 - 8.17"/></term><term lexeme="num" token="ID"><location begcolumn="18" begline="8" endcolumn="20" endline="8" loc="8.18 - 8.20"/></term><term lexeme=":" token="COLON"><location begcolumn="22" begline="8" endcolumn="22" endline="8" loc="8.22 - 8.22"/></term><term lexeme="char" token="CHAR"><location begcolumn="24" begline="8" endcolumn="27" endline="8" loc="8.24 - 8.27"/></term><term lexeme=")" token="RP"><location begcolumn="28" begline="8" endcolumn="28" endline="8" loc="8.28 - 8.28"/></term><term lexeme=")" token="RP"><location begcolumn="29" begline="8" endcolumn="29" endline="8" loc="8.29 - 8.29"/></term><term lexeme=";" token="SEMICOLON"><location begcolumn="30" begline="8" endcolumn="30" endline="8" loc="8.30 - 8.30"/></term><term lexeme="exit" token="ID"><location begcolumn="9" begline="9" endcolumn="12" endline="9" loc="9.9 - 9.12"/></term><term lexeme="(" token="LP"><location begcolumn="13" begline="9" endcolumn="13" endline="9" loc="9.13 - 9.13"/></term><term lexeme=")" token="RP"><location begcolumn="14" begline="9" endcolumn="14" endline="9" loc="9.14 - 9.14"/></term><term lexeme=";" token="SEMICOLON"><location begcolumn="15" begline="9" endcolumn="15" endline="9" loc="9.15 - 9.15"/></term><term lexeme="end" token="END"><location begcolumn="5" begline="10" endcolumn="7" endline="10" loc="10.5 - 10.7"/></term><term lexeme=";" token="SEMICOLON"><location begcolumn="8" begline="10" endcolumn="8" endline="10" loc="10.8 - 10.8"/></term><term lexeme="putChar" token="ID"><location begcolumn="5" begline="12" endcolumn="11" endline="12" loc="12.5 - 12.11"/></term><term lexeme="(" token="LP"><location begcolumn="12" begline="12" endcolumn="12" endline="12" loc="12.12 - 12.12"/></term><term lexeme="(" token="LP"><location begcolumn="13" begline="12" endcolumn="13" endline="12" loc="12.13 - 12.13"/></term><term lexeme="num" token="ID"><location begcolumn="14" begline="12" endcolumn="16" endline="12" loc="12.14 - 12.16"/></term><term lexeme=":" token="COLON"><location begcolumn="18" begline="12" endcolumn="18" endline="12" loc="12.18 - 12.18"/></term><term lexeme="char" token="CHAR"><location begcolumn="20" begline="12" endcolumn="23" endline="12" loc="12.20 - 12.23"/></term><term lexeme=")" token="RP"><location begcolumn="24" begline="12" endcolumn="24" endline="12" loc="12.24 - 12.24"/></term><term lexeme=")" token="RP"><location begcolumn="25" begline="12" endcolumn="25" endline="12" loc="12.25 - 12.25"/></term><term lexeme=";" token="SEMICOLON"><location begcolumn="26" begline="12" endcolumn="26" endline="12" loc="12.26 - 12.26"/></term><term lexeme="num" token="ID"><location begcolumn="5" begline="13" endcolumn="7" endline="13" loc="13.5 - 13.7"/></term><term lexeme="=" token="ASSIGN"><location begcolumn="9" begline="13" endcolumn="9" endline="13" loc="13.9 - 13.9"/></term><term lexeme="num" token="ID"><location begcolumn="11" begline="13" endcolumn="13" endline="13" loc="13.11 - 13.13"/></term><term lexeme="+" token="ADD"><location begcolumn="15" begline="13" endcolumn="15" endline="13" loc="13.15 - 13.15"/></term><term lexeme="1" token="INTEGER"><location begcolumn="17" begline="13" endcolumn="17" endline="13" loc="13.17 - 13.17"/></term><term lexeme=";" token="SEMICOLON"><location begcolumn="18" begline="13" endcolumn="18" endline="13" loc="13.18 - 13.18"/></term><term lexeme="rekurzija" token="ID"><location begcolumn="5" begline="15" endcolumn="13" endline="15" loc="15.5 - 15.13"/></term><term lexeme="(" token="LP"><location begcolumn="14" begline="15" endcolumn="14" endline="15" loc="15.14 - 15.14"/></term><term lexeme="num" token="ID"><location begcolumn="15" begline="15" endcolumn="17" endline="15" loc="15.15 - 15.17"/></term><term lexeme=")" token="RP"><location begcolumn="18" begline="15" endcolumn="18" endline="15" loc="15.18 - 15.18"/></term><term lexeme=";" token="SEMICOLON"><location begcolumn="19" begline="15" endcolumn="19" endline="15" loc="15.19 - 15.19"/></term><term lexeme="}" token="RBR"><location begcolumn="1" begline="16" endcolumn="1" endline="16" loc="16.1 - 16.1"/></term><term lexeme=";" token="SEMICOLON"><location begcolumn="2" begline="16" endcolumn="2" endline="16" loc="16.2 - 16.2"/></term><term lexeme="fun" token="FUN"><location begcolumn="1" begline="18" endcolumn="3" endline="18" loc="18.1 - 18.3"/></term><term lexeme="main" token="ID"><location begcolumn="5" begline="18" endcolumn="8" endline="18" loc="18.5 - 18.8"/></term><term lexeme="(" token="LP"><location begcolumn="9" begline="18" endcolumn="9" endline="18" loc="18.9 - 18.9"/></term><term lexeme=")" token="RP"><location begcolumn="10" begline="18" endcolumn="10" endline="18" loc="18.10 - 18.10"/></term><term lexeme=":" token="COLON"><location begcolumn="12" begline="18" endcolumn="12" endline="18" loc="18.12 - 18.12"/></term><term lexeme="void" token="VOID"><location begcolumn="14" begline="18" endcolumn="17" endline="18" loc="18.14 - 18.17"/></term><term lexeme="=" token="ASSIGN"><location begcolumn="19" begline="18" endcolumn="19" endline="18" loc="18.19 - 18.19"/></term><term lexeme="{" token="LBR"><location begcolumn="21" begline="18" endcolumn="21" endline="18" loc="18.21 - 18.21"/></term><term lexeme="rekurzija" token="ID"><location begcolumn="5" begline="19" endcolumn="13" endline="19" loc="19.5 - 19.13"/></term><term lexeme="(" token="LP"><location begcolumn="14" begline="19" endcolumn="14" endline="19" loc="19.14 - 19.14"/></term><term lexeme="48" token="INTEGER"><location begcolumn="15" begline="19" endcolumn="16" endline="19" loc="19.15 - 19.16"/></term><term lexeme=")" token="RP"><location begcolumn="17" begline="19" endcolumn="17" endline="19" loc="19.17 - 19.17"/></term><term lexeme=";" token="SEMICOLON"><location begcolumn="18" begline="19" endcolumn="18" endline="19" loc="19.18 - 19.18"/></term><term lexeme="}" token="RBR"><location begcolumn="1" begline="20" endcolumn="1" endline="20" loc="20.1 - 20.1"/></term><term lexeme=";" token="SEMICOLON"><location begcolumn="2" begline="20" endcolumn="2" endline="20" loc="20.2 - 20.2"/></term><term lexeme="" token="EOF"/></lexan>