<?xml version="1.0" encoding="UTF-8" standalone="no"?><?xml-stylesheet type="text/xsl" href="../lib/xsl/imclin.xsl"?><imclin><datachunk init="" label="_i" size="8"/><datachunk init="" label="_n" size="8"/><codechunk entrylabel="L2" exitlabel="L3"><frame FP="T0" RV="T1" argssize="0" depth="3" label="L1" locssize="0" size="16"/><stmt><imc instruction="LABEL(L2)"/></stmt><stmt><imc instruction="MOVE"><imc instruction="TEMP(10)"/><imc instruction="MEM"><imc instruction="NAME(_i)"/></imc></imc></stmt><stmt><imc instruction="MOVE"><imc instruction="TEMP(11)"/><imc instruction="TEMP(0)"/></imc></stmt><stmt><imc instruction="MOVE"><imc instruction="TEMP(12)"/><imc instruction="CONST(8)"/></imc></stmt><stmt><imc instruction="MOVE"><imc instruction="TEMP(13)"/><imc instruction="MEM"><imc instruction="BINOP(ADD)"><imc instruction="TEMP(11)"/><imc instruction="TEMP(12)"/></imc></imc></imc></stmt><stmt><imc instruction="MOVE"><imc instruction="TEMP(14)"/><imc instruction="BINOP(ADD)"><imc instruction="TEMP(10)"/><imc instruction="TEMP(13)"/></imc></imc></stmt><stmt><imc instruction="MOVE"><imc instruction="TEMP(1)"/><imc instruction="TEMP(14)"/></imc></stmt><stmt><imc instruction="JUMP(L3)"/></stmt></codechunk><codechunk entrylabel="L4" exitlabel="L5"><frame FP="T2" RV="T3" argssize="16" depth="2" label="L0" locssize="0" size="32"/><stmt><imc instruction="LABEL(L4)"/></stmt><stmt><imc instruction="MOVE"><imc instruction="TEMP(15)"/><imc instruction="NAME(_i)"/></imc></stmt><stmt><imc instruction="MOVE"><imc instruction="TEMP(16)"/><imc instruction="CONST(50)"/></imc></stmt><stmt><imc instruction="MOVE"><imc instruction="MEM"><imc instruction="TEMP(15)"/></imc><imc instruction="TEMP(16)"/></imc></stmt><stmt><imc instruction="MOVE"><imc instruction="TEMP(17)"/><imc instruction="TEMP(2)"/></imc></stmt><stmt><imc instruction="MOVE"><imc instruction="TEMP(18)"/><imc instruction="CONST(-8)"/></imc></stmt><stmt><imc instruction="MOVE"><imc instruction="TEMP(19)"/><imc instruction="BINOP(ADD)"><imc instruction="TEMP(17)"/><imc instruction="TEMP(18)"/></imc></imc></stmt><stmt><imc instruction="MOVE"><imc instruction="TEMP(20)"/><imc instruction="TEMP(2)"/></imc></stmt><stmt><imc instruction="MOVE"><imc instruction="TEMP(21)"/><imc instruction="CONST(8)"/></imc></stmt><stmt><imc instruction="MOVE"><imc instruction="TEMP(22)"/><imc instruction="MEM"><imc instruction="BINOP(ADD)"><imc instruction="TEMP(20)"/><imc instruction="TEMP(21)"/></imc></imc></imc></stmt><stmt><imc instruction="MOVE"><imc instruction="TEMP(23)"/><imc instruction="CONST(90)"/></imc></stmt><stmt><imc instruction="MOVE"><imc instruction="TEMP(24)"/><imc instruction="BINOP(ADD)"><imc instruction="TEMP(22)"/><imc instruction="TEMP(23)"/></imc></imc></stmt><stmt><imc instruction="MOVE"><imc instruction="TEMP(25)"/><imc instruction="UNOP(NEG)"><imc instruction="UNOP(NEG)"><imc instruction="MEM"><imc instruction="NAME(_i)"/></imc></imc></imc></imc></stmt><stmt><imc instruction="MOVE"><imc instruction="TEMP(26)"/><imc instruction="BINOP(ADD)"><imc instruction="TEMP(24)"/><imc instruction="TEMP(25)"/></imc></imc></stmt><stmt><imc instruction="MOVE"><imc instruction="MEM"><imc instruction="TEMP(19)"/></imc><imc instruction="TEMP(26)"/></imc></stmt><stmt><imc instruction="MOVE"><imc instruction="TEMP(27)"/><imc instruction="TEMP(2)"/></imc></stmt><stmt><imc instruction="MOVE"><imc instruction="TEMP(28)"/><imc instruction="CONST(-8)"/></imc></stmt><stmt><imc instruction="ESTMT"><imc instruction="CALL(L1)"><imc instruction="CONST(0)"/><imc instruction="MEM"><imc instruction="BINOP(ADD)"><imc instruction="TEMP(27)"/><imc instruction="TEMP(28)"/></imc></imc></imc></imc></stmt><stmt><imc instruction="MOVE"><imc instruction="TEMP(29)"/><imc instruction="CONST(0)"/></imc></stmt><stmt><imc instruction="MOVE"><imc instruction="TEMP(30)"/><imc instruction="TEMP(2)"/></imc></stmt><stmt><imc instruction="MOVE"><imc instruction="TEMP(31)"/><imc instruction="CONST(-8)"/></imc></stmt><stmt><imc instruction="MOVE"><imc instruction="TEMP(32)"/><imc instruction="MEM"><imc instruction="BINOP(ADD)"><imc instruction="TEMP(30)"/><imc instruction="TEMP(31)"/></imc></imc></imc></stmt><stmt><imc instruction="MOVE"><imc instruction="TEMP(33)"/><imc instruction="CALL(L1)"><imc instruction="TEMP(29)"/><imc instruction="TEMP(32)"/></imc></imc></stmt><stmt><imc instruction="MOVE"><imc instruction="TEMP(34)"/><imc instruction="TEMP(33)"/></imc></stmt><stmt><imc instruction="MOVE"><imc instruction="TEMP(3)"/><imc instruction="TEMP(34)"/></imc></stmt><stmt><imc instruction="JUMP(L5)"/></stmt></codechunk><codechunk entrylabel="L6" exitlabel="L7"><frame FP="T4" RV="T5" argssize="16" depth="1" label="_calculation" locssize="8" size="40"/><stmt><imc instruction="LABEL(L6)"/></stmt><stmt><imc instruction="MOVE"><imc instruction="TEMP(35)"/><imc instruction="CONST(0)"/></imc></stmt><stmt><imc instruction="MOVE"><imc instruction="TEMP(36)"/><imc instruction="TEMP(4)"/></imc></stmt><stmt><imc instruction="MOVE"><imc instruction="TEMP(37)"/><imc instruction="CONST(8)"/></imc></stmt><stmt><imc instruction="MOVE"><imc instruction="TEMP(38)"/><imc instruction="MEM"><imc instruction="BINOP(ADD)"><imc instruction="TEMP(36)"/><imc instruction="TEMP(37)"/></imc></imc></imc></stmt><stmt><imc instruction="MOVE"><imc instruction="TEMP(39)"/><imc instruction="CALL(L0)"><imc instruction="TEMP(35)"/><imc instruction="TEMP(38)"/></imc></imc></stmt><stmt><imc instruction="MOVE"><imc instruction="TEMP(40)"/><imc instruction="TEMP(39)"/></imc></stmt><stmt><imc instruction="MOVE"><imc instruction="TEMP(5)"/><imc instruction="TEMP(40)"/></imc></stmt><stmt><imc instruction="JUMP(L7)"/></stmt></codechunk><codechunk entrylabel="L8" exitlabel="L9"><frame FP="T6" RV="T7" argssize="0" depth="1" label="_printInt" locssize="0" size="16"/><stmt><imc instruction="LABEL(L8)"/></stmt><stmt><imc instruction="MOVE"><imc instruction="TEMP(41)"/><imc instruction="TEMP(6)"/></imc></stmt><stmt><imc instruction="MOVE"><imc instruction="TEMP(42)"/><imc instruction="CONST(8)"/></imc></stmt><stmt><imc instruction="MOVE"><imc instruction="TEMP(43)"/><imc instruction="MEM"><imc instruction="BINOP(ADD)"><imc instruction="TEMP(41)"/><imc instruction="TEMP(42)"/></imc></imc></imc></stmt><stmt><imc instruction="MOVE"><imc instruction="TEMP(7)"/><imc instruction="TEMP(43)"/></imc></stmt><stmt><imc instruction="JUMP(L9)"/></stmt></codechunk><codechunk entrylabel="L10" exitlabel="L11"><frame FP="T8" RV="T9" argssize="16" depth="1" label="_main" locssize="0" size="32"/><stmt><imc instruction="LABEL(L10)"/></stmt><stmt><imc instruction="MOVE"><imc instruction="TEMP(44)"/><imc instruction="NAME(_n)"/></imc></stmt><stmt><imc instruction="MOVE"><imc instruction="TEMP(45)"/><imc instruction="CONST(15)"/></imc></stmt><stmt><imc instruction="MOVE"><imc instruction="MEM"><imc instruction="TEMP(44)"/></imc><imc instruction="TEMP(45)"/></imc></stmt><stmt><imc instruction="MOVE"><imc instruction="TEMP(46)"/><imc instruction="NAME(_i)"/></imc></stmt><stmt><imc instruction="MOVE"><imc instruction="TEMP(47)"/><imc instruction="MEM"><imc instruction="NAME(_n)"/></imc></imc></stmt><stmt><imc instruction="MOVE"><imc instruction="TEMP(48)"/><imc instruction="CONST(20)"/></imc></stmt><stmt><imc instruction="MOVE"><imc instruction="TEMP(49)"/><imc instruction="BINOP(LTH)"><imc instruction="TEMP(47)"/><imc instruction="TEMP(48)"/></imc></imc></stmt><stmt><imc instruction="MOVE"><imc instruction="TEMP(50)"/><imc instruction="CONST(5)"/></imc></stmt><stmt><imc instruction="MOVE"><imc instruction="TEMP(51)"/><imc instruction="BINOP(MUL)"><imc instruction="TEMP(49)"/><imc instruction="TEMP(50)"/></imc></imc></stmt><stmt><imc instruction="MOVE"><imc instruction="TEMP(52)"/><imc instruction="CONST(5)"/></imc></stmt><stmt><imc instruction="MOVE"><imc instruction="TEMP(53)"/><imc instruction="BINOP(ADD)"><imc instruction="TEMP(51)"/><imc instruction="TEMP(52)"/></imc></imc></stmt><stmt><imc instruction="MOVE"><imc instruction="MEM"><imc instruction="TEMP(46)"/></imc><imc instruction="TEMP(53)"/></imc></stmt><stmt><imc instruction="MOVE"><imc instruction="TEMP(54)"/><imc instruction="NAME(_i)"/></imc></stmt><stmt><imc instruction="MOVE"><imc instruction="TEMP(55)"/><imc instruction="CONST(0)"/></imc></stmt><stmt><imc instruction="MOVE"><imc instruction="TEMP(56)"/><imc instruction="MEM"><imc instruction="NAME(_i)"/></imc></imc></stmt><stmt><imc instruction="MOVE"><imc instruction="TEMP(57)"/><imc instruction="CALL(_calculation)"><imc instruction="TEMP(55)"/><imc instruction="TEMP(56)"/></imc></imc></stmt><stmt><imc instruction="MOVE"><imc instruction="TEMP(58)"/><imc instruction="TEMP(57)"/></imc></stmt><stmt><imc instruction="MOVE"><imc instruction="MEM"><imc instruction="TEMP(54)"/></imc><imc instruction="TEMP(58)"/></imc></stmt><stmt><imc instruction="ESTMT"><imc instruction="CALL(_printInt)"><imc instruction="CONST(0)"/><imc instruction="MEM"><imc instruction="NAME(_i)"/></imc></imc></imc></stmt><stmt><imc instruction="MOVE"><imc instruction="TEMP(59)"/><imc instruction="CONST(0)"/></imc></stmt><stmt><imc instruction="MOVE"><imc instruction="TEMP(60)"/><imc instruction="MEM"><imc instruction="NAME(_i)"/></imc></imc></stmt><stmt><imc instruction="MOVE"><imc instruction="TEMP(61)"/><imc instruction="CALL(_printInt)"><imc instruction="TEMP(59)"/><imc instruction="TEMP(60)"/></imc></imc></stmt><stmt><imc instruction="MOVE"><imc instruction="TEMP(62)"/><imc instruction="TEMP(61)"/></imc></stmt><stmt><imc instruction="MOVE"><imc instruction="TEMP(9)"/><imc instruction="TEMP(62)"/></imc></stmt><stmt><imc instruction="JUMP(L11)"/></stmt></codechunk></imclin>