<?xml version="1.0" encoding="UTF-8" standalone="no"?><?xml-stylesheet type="text/xsl" href="../lib/xsl/lexan.xsl"?><lexan><term lexeme="var" token="VAR"><location begcolumn="1" begline="1" endcolumn="3" endline="1" loc="1.1 - 1.3"/></term><term lexeme="i" token="ID"><location begcolumn="5" begline="1" endcolumn="5" endline="1" loc="1.5 - 1.5"/></term><term lexeme=":" token="COLON"><location begcolumn="7" begline="1" endcolumn="7" endline="1" loc="1.7 - 1.7"/></term><term lexeme="int" token="INT"><location begcolumn="9" begline="1" endcolumn="11" endline="1" loc="1.9 - 1.11"/></term><term lexeme=";" token="SEMICOLON"><location begcolumn="12" begline="1" endcolumn="12" endline="1" loc="1.12 - 1.12"/></term><term lexeme="fun" token="FUN"><location begcolumn="1" begline="3" endcolumn="3" endline="3" loc="3.1 - 3.3"/></term><term lexeme="main" token="ID"><location begcolumn="5" begline="3" endcolumn="8" endline="3" loc="3.5 - 3.8"/></term><term lexeme="(" token="LP"><location begcolumn="9" begline="3" endcolumn="9" endline="3" loc="3.9 - 3.9"/></term><term lexeme=")" token="RP"><location begcolumn="10" begline="3" endcolumn="10" endline="3" loc="3.10 - 3.10"/></term><term lexeme=":" token="COLON"><location begcolumn="12" begline="3" endcolumn="12" endline="3" loc="3.12 - 3.12"/></term><term lexeme="int" token="INT"><location begcolumn="14" begline="3" endcolumn="16" endline="3" loc="3.14 - 3.16"/></term><term lexeme="=" token="ASSIGN"><location begcolumn="18" begline="3" endcolumn="18" endline="3" loc="3.18 - 3.18"/></term><term lexeme="{" token="LBR"><location begcolumn="20" begline="3" endcolumn="20" endline="3" loc="3.20 - 3.20"/></term><term lexeme="i" token="ID"><location begcolumn="3" begline="4" endcolumn="3" endline="4" loc="4.3 - 4.3"/></term><term lexeme="=" token="ASSIGN"><location begcolumn="5" begline="4" endcolumn="5" endline="4" loc="4.5 - 4.5"/></term><term lexeme="10" token="INTEGER"><location begcolumn="7" begline="4" endcolumn="8" endline="4" loc="4.7 - 4.8"/></term><term lexeme=";" token="SEMICOLON"><location begcolumn="9" begline="4" endcolumn="9" endline="4" loc="4.9 - 4.9"/></term><term lexeme="1" token="INTEGER"><location begcolumn="3" begline="5" endcolumn="3" endline="5" loc="5.3 - 5.3"/></term><term lexeme="+" token="ADD"><location begcolumn="5" begline="5" endcolumn="5" endline="5" loc="5.5 - 5.5"/></term><term lexeme="i" token="ID"><location begcolumn="7" begline="5" endcolumn="7" endline="5" loc="5.7 - 5.7"/></term><term lexeme="*" token="MUL"><location begcolumn="9" begline="5" endcolumn="9" endline="5" loc="5.9 - 5.9"/></term><term lexeme="5" token="INTEGER"><location begcolumn="11" begline="5" endcolumn="11" endline="5" loc="5.11 - 5.11"/></term><term lexeme=";" token="SEMICOLON"><location begcolumn="12" begline="5" endcolumn="12" endline="5" loc="5.12 - 5.12"/></term><term lexeme="}" token="RBR"><location begcolumn="1" begline="6" endcolumn="1" endline="6" loc="6.1 - 6.1"/></term><term lexeme=";" token="SEMICOLON"><location begcolumn="2" begline="6" endcolumn="2" endline="6" loc="6.2 - 6.2"/></term><term lexeme="" token="EOF"/></lexan>