<?xml version="1.0" encoding="UTF-8" standalone="no"?><?xml-stylesheet type="text/xsl" href="../lib/xsl/imclin.xsl"?><imclin><datachunk init="" label="_i" size="400"/><datachunk init="" label="_index" size="8"/><codechunk entrylabel="L3" exitlabel="L4"><frame FP="T0" RV="T1" argssize="0" depth="1" label="_printInt" locssize="0" size="16"/><stmt><imc instruction="LABEL(L3)"/></stmt><stmt><imc instruction="MOVE"><imc instruction="TEMP(4)"/><imc instruction="TEMP(0)"/></imc></stmt><stmt><imc instruction="MOVE"><imc instruction="TEMP(5)"/><imc instruction="CONST(8)"/></imc></stmt><stmt><imc instruction="MOVE"><imc instruction="TEMP(6)"/><imc instruction="MEM"><imc instruction="BINOP(ADD)"><imc instruction="TEMP(4)"/><imc instruction="TEMP(5)"/></imc></imc></imc></stmt><stmt><imc instruction="MOVE"><imc instruction="TEMP(1)"/><imc instruction="TEMP(6)"/></imc></stmt><stmt><imc instruction="JUMP(L4)"/></stmt></codechunk><codechunk entrylabel="L5" exitlabel="L6"><frame FP="T2" RV="T3" argssize="16" depth="1" label="_main" locssize="0" size="32"/><stmt><imc instruction="LABEL(L5)"/></stmt><stmt><imc instruction="MOVE"><imc instruction="TEMP(7)"/><imc instruction="NAME(_index)"/></imc></stmt><stmt><imc instruction="MOVE"><imc instruction="TEMP(8)"/><imc instruction="CONST(2)"/></imc></stmt><stmt><imc instruction="MOVE"><imc instruction="MEM"><imc instruction="TEMP(7)"/></imc><imc instruction="TEMP(8)"/></imc></stmt><stmt><imc instruction="MOVE"><imc instruction="TEMP(9)"/><imc instruction="NAME(_i)"/></imc></stmt><stmt><imc instruction="MOVE"><imc instruction="TEMP(10)"/><imc instruction="CONST(8)"/></imc></stmt><stmt><imc instruction="MOVE"><imc instruction="TEMP(11)"/><imc instruction="CONST(0)"/></imc></stmt><stmt><imc instruction="MOVE"><imc instruction="TEMP(12)"/><imc instruction="BINOP(MUL)"><imc instruction="TEMP(10)"/><imc instruction="TEMP(11)"/></imc></imc></stmt><stmt><imc instruction="MOVE"><imc instruction="TEMP(13)"/><imc instruction="BINOP(ADD)"><imc instruction="TEMP(9)"/><imc instruction="TEMP(12)"/></imc></imc></stmt><stmt><imc instruction="MOVE"><imc instruction="TEMP(14)"/><imc instruction="CONST(0)"/></imc></stmt><stmt><imc instruction="MOVE"><imc instruction="MEM"><imc instruction="TEMP(13)"/></imc><imc instruction="TEMP(14)"/></imc></stmt><stmt><imc instruction="MOVE"><imc instruction="TEMP(15)"/><imc instruction="NAME(_i)"/></imc></stmt><stmt><imc instruction="MOVE"><imc instruction="TEMP(16)"/><imc instruction="CONST(8)"/></imc></stmt><stmt><imc instruction="MOVE"><imc instruction="TEMP(17)"/><imc instruction="CONST(1)"/></imc></stmt><stmt><imc instruction="MOVE"><imc instruction="TEMP(18)"/><imc instruction="BINOP(MUL)"><imc instruction="TEMP(16)"/><imc instruction="TEMP(17)"/></imc></imc></stmt><stmt><imc instruction="MOVE"><imc instruction="TEMP(19)"/><imc instruction="BINOP(ADD)"><imc instruction="TEMP(15)"/><imc instruction="TEMP(18)"/></imc></imc></stmt><stmt><imc instruction="MOVE"><imc instruction="TEMP(20)"/><imc instruction="CONST(1)"/></imc></stmt><stmt><imc instruction="MOVE"><imc instruction="MEM"><imc instruction="TEMP(19)"/></imc><imc instruction="TEMP(20)"/></imc></stmt><stmt><imc instruction="LABEL(L0)"/></stmt><stmt><imc instruction="MOVE"><imc instruction="TEMP(21)"/><imc instruction="MEM"><imc instruction="NAME(_index)"/></imc></imc></stmt><stmt><imc instruction="MOVE"><imc instruction="TEMP(22)"/><imc instruction="CONST(50)"/></imc></stmt><stmt><imc instruction="CJUMP(L1,L7)"><imc instruction="BINOP(LTH)"><imc instruction="TEMP(21)"/><imc instruction="TEMP(22)"/></imc></imc></stmt><stmt><imc instruction="LABEL(L7)"/></stmt><stmt><imc instruction="JUMP(L2)"/></stmt><stmt><imc instruction="LABEL(L1)"/></stmt><stmt><imc instruction="MOVE"><imc instruction="TEMP(23)"/><imc instruction="NAME(_i)"/></imc></stmt><stmt><imc instruction="MOVE"><imc instruction="TEMP(24)"/><imc instruction="CONST(8)"/></imc></stmt><stmt><imc instruction="MOVE"><imc instruction="TEMP(25)"/><imc instruction="MEM"><imc instruction="NAME(_index)"/></imc></imc></stmt><stmt><imc instruction="MOVE"><imc instruction="TEMP(26)"/><imc instruction="BINOP(MUL)"><imc instruction="TEMP(24)"/><imc instruction="TEMP(25)"/></imc></imc></stmt><stmt><imc instruction="MOVE"><imc instruction="TEMP(27)"/><imc instruction="BINOP(ADD)"><imc instruction="TEMP(23)"/><imc instruction="TEMP(26)"/></imc></imc></stmt><stmt><imc instruction="MOVE"><imc instruction="TEMP(28)"/><imc instruction="NAME(_i)"/></imc></stmt><stmt><imc instruction="MOVE"><imc instruction="TEMP(29)"/><imc instruction="CONST(8)"/></imc></stmt><stmt><imc instruction="MOVE"><imc instruction="TEMP(30)"/><imc instruction="MEM"><imc instruction="NAME(_index)"/></imc></imc></stmt><stmt><imc instruction="MOVE"><imc instruction="TEMP(31)"/><imc instruction="CONST(1)"/></imc></stmt><stmt><imc instruction="MOVE"><imc instruction="TEMP(32)"/><imc instruction="BINOP(SUB)"><imc instruction="TEMP(30)"/><imc instruction="TEMP(31)"/></imc></imc></stmt><stmt><imc instruction="MOVE"><imc instruction="TEMP(33)"/><imc instruction="BINOP(MUL)"><imc instruction="TEMP(29)"/><imc instruction="TEMP(32)"/></imc></imc></stmt><stmt><imc instruction="MOVE"><imc instruction="TEMP(34)"/><imc instruction="MEM"><imc instruction="BINOP(ADD)"><imc instruction="TEMP(28)"/><imc instruction="TEMP(33)"/></imc></imc></imc></stmt><stmt><imc instruction="MOVE"><imc instruction="TEMP(35)"/><imc instruction="NAME(_i)"/></imc></stmt><stmt><imc instruction="MOVE"><imc instruction="TEMP(36)"/><imc instruction="CONST(8)"/></imc></stmt><stmt><imc instruction="MOVE"><imc instruction="TEMP(37)"/><imc instruction="MEM"><imc instruction="NAME(_index)"/></imc></imc></stmt><stmt><imc instruction="MOVE"><imc instruction="TEMP(38)"/><imc instruction="CONST(2)"/></imc></stmt><stmt><imc instruction="MOVE"><imc instruction="TEMP(39)"/><imc instruction="BINOP(SUB)"><imc instruction="TEMP(37)"/><imc instruction="TEMP(38)"/></imc></imc></stmt><stmt><imc instruction="MOVE"><imc instruction="TEMP(40)"/><imc instruction="BINOP(MUL)"><imc instruction="TEMP(36)"/><imc instruction="TEMP(39)"/></imc></imc></stmt><stmt><imc instruction="MOVE"><imc instruction="TEMP(41)"/><imc instruction="MEM"><imc instruction="BINOP(ADD)"><imc instruction="TEMP(35)"/><imc instruction="TEMP(40)"/></imc></imc></imc></stmt><stmt><imc instruction="MOVE"><imc instruction="TEMP(42)"/><imc instruction="BINOP(ADD)"><imc instruction="TEMP(34)"/><imc instruction="TEMP(41)"/></imc></imc></stmt><stmt><imc instruction="MOVE"><imc instruction="MEM"><imc instruction="TEMP(27)"/></imc><imc instruction="TEMP(42)"/></imc></stmt><stmt><imc instruction="MOVE"><imc instruction="TEMP(43)"/><imc instruction="NAME(_index)"/></imc></stmt><stmt><imc instruction="MOVE"><imc instruction="TEMP(44)"/><imc instruction="MEM"><imc instruction="NAME(_index)"/></imc></imc></stmt><stmt><imc instruction="MOVE"><imc instruction="TEMP(45)"/><imc instruction="CONST(1)"/></imc></stmt><stmt><imc instruction="MOVE"><imc instruction="TEMP(46)"/><imc instruction="BINOP(ADD)"><imc instruction="TEMP(44)"/><imc instruction="TEMP(45)"/></imc></imc></stmt><stmt><imc instruction="MOVE"><imc instruction="MEM"><imc instruction="TEMP(43)"/></imc><imc instruction="TEMP(46)"/></imc></stmt><stmt><imc instruction="JUMP(L0)"/></stmt><stmt><imc instruction="LABEL(L2)"/></stmt><stmt><imc instruction="MOVE"><imc instruction="TEMP(47)"/><imc instruction="NAME(_i)"/></imc></stmt><stmt><imc instruction="MOVE"><imc instruction="TEMP(48)"/><imc instruction="CONST(8)"/></imc></stmt><stmt><imc instruction="MOVE"><imc instruction="TEMP(49)"/><imc instruction="CONST(49)"/></imc></stmt><stmt><imc instruction="MOVE"><imc instruction="TEMP(50)"/><imc instruction="BINOP(MUL)"><imc instruction="TEMP(48)"/><imc instruction="TEMP(49)"/></imc></imc></stmt><stmt><imc instruction="ESTMT"><imc instruction="CALL(_printInt)"><imc instruction="CONST(0)"/><imc instruction="MEM"><imc instruction="BINOP(ADD)"><imc instruction="TEMP(47)"/><imc instruction="TEMP(50)"/></imc></imc></imc></imc></stmt><stmt><imc instruction="MOVE"><imc instruction="TEMP(51)"/><imc instruction="CONST(0)"/></imc></stmt><stmt><imc instruction="MOVE"><imc instruction="TEMP(52)"/><imc instruction="NAME(_i)"/></imc></stmt><stmt><imc instruction="MOVE"><imc instruction="TEMP(53)"/><imc instruction="CONST(8)"/></imc></stmt><stmt><imc instruction="MOVE"><imc instruction="TEMP(54)"/><imc instruction="CONST(49)"/></imc></stmt><stmt><imc instruction="MOVE"><imc instruction="TEMP(55)"/><imc instruction="BINOP(MUL)"><imc instruction="TEMP(53)"/><imc instruction="TEMP(54)"/></imc></imc></stmt><stmt><imc instruction="MOVE"><imc instruction="TEMP(56)"/><imc instruction="MEM"><imc instruction="BINOP(ADD)"><imc instruction="TEMP(52)"/><imc instruction="TEMP(55)"/></imc></imc></imc></stmt><stmt><imc instruction="MOVE"><imc instruction="TEMP(57)"/><imc instruction="CALL(_printInt)"><imc instruction="TEMP(51)"/><imc instruction="TEMP(56)"/></imc></imc></stmt><stmt><imc instruction="MOVE"><imc instruction="TEMP(58)"/><imc instruction="TEMP(57)"/></imc></stmt><stmt><imc instruction="MOVE"><imc instruction="TEMP(3)"/><imc instruction="TEMP(58)"/></imc></stmt><stmt><imc instruction="JUMP(L6)"/></stmt></codechunk></imclin>