<?xml version="1.0" encoding="UTF-8" standalone="no"?><?xml-stylesheet type="text/xsl" href="../lib/xsl/memory.xsl"?><memory><node id="65" label="{Decls}"><node id="3" label="TypeDecl" lexeme="table"><node id="2" label="ArrType"><node id="1" label="AtomType" spec="INT"><location begcolumn="17" begline="4" endcolumn="19" endline="4" loc="4.17 - 4.19"/><isType><semtype type="INTEGER"/></isType></node><node id="0" label="AtomExpr" lexeme="50" spec="INT"><location begcolumn="14" begline="4" endcolumn="15" endline="4" loc="4.14 - 4.15"/><ofType><semtype type="INTEGER"/></ofType></node><location begcolumn="13" begline="4" endcolumn="19" endline="4" loc="4.13 - 4.19"/><isType><semtype type="ARRAY[50]"><semtype type="INTEGER"/></semtype></isType></node><location begcolumn="1" begline="4" endcolumn="20" endline="4" loc="4.1 - 4.20"/><declaresType><semtype type="TYPE(table)"/></declaresType></node><node id="5" label="TypeDecl" lexeme="integer"><node id="4" label="AtomType" spec="INT"><location begcolumn="15" begline="5" endcolumn="17" endline="5" loc="5.15 - 5.17"/><isType><semtype type="INTEGER"/></isType></node><location begcolumn="1" begline="5" endcolumn="18" endline="5" loc="5.1 - 5.18"/><declaresType><semtype type="TYPE(integer)"/></declaresType></node><node id="7" label="VarDecl" lexeme="i"><node id="6" label="NameType" lexeme="table"><location begcolumn="9" begline="7" endcolumn="13" endline="7" loc="7.9 - 7.13"/><declaredAt idx="3" location="4.1 - 4.20"/><isType><semtype type="ARRAY[50]"><semtype type="INTEGER"/></semtype></isType></node><location begcolumn="1" begline="7" endcolumn="14" endline="7" loc="7.1 - 7.14"/><access label="_i" size="400"/></node><node id="9" label="VarDecl" lexeme="index"><node id="8" label="NameType" lexeme="integer"><location begcolumn="13" begline="8" endcolumn="19" endline="8" loc="8.13 - 8.19"/><declaredAt idx="5" location="5.1 - 5.18"/><isType><semtype type="INTEGER"/></isType></node><location begcolumn="1" begline="8" endcolumn="20" endline="8" loc="8.1 - 8.20"/><access label="_index" size="8"/></node><node id="15" label="FunDecl" lexeme="printInt"><node id="14" label="{Pars}"><node id="11" label="ParDecl" lexeme="integer"><node id="10" label="AtomType" spec="INT"><location begcolumn="24" begline="10" endcolumn="26" endline="10" loc="10.24 - 10.26"/><isType><semtype type="INTEGER"/></isType></node><location begcolumn="14" begline="10" endcolumn="26" endline="10" loc="10.14 - 10.26"/><access depth="1" offset="8" size="8"/></node><location begcolumn="14" begline="10" endcolumn="26" endline="10" loc="10.14 - 10.26"/></node><node id="12" label="AtomType" spec="INT"><location begcolumn="31" begline="10" endcolumn="33" endline="10" loc="10.31 - 10.33"/><isType><semtype type="INTEGER"/></isType></node><node id="13" label="NameExpr" lexeme="integer"><location begcolumn="37" begline="10" endcolumn="43" endline="10" loc="10.37 - 10.43"/><declaredAt idx="11" location="10.14 - 10.26"/><ofType><semtype type="INTEGER"/></ofType><lvalue/></node><location begcolumn="1" begline="10" endcolumn="44" endline="10" loc="10.1 - 10.44"/><frame FP="T0" RV="T1" argssize="0" depth="1" label="_printInt" locssize="0" size="16"/></node><node id="64" label="FunDecl" lexeme="main"><node id="16" label="AtomType" spec="INT"><location begcolumn="14" begline="12" endcolumn="16" endline="12" loc="12.14 - 12.16"/><isType><semtype type="INTEGER"/></isType></node><node id="62" label="StmtExpr"><node id="61" label="{Stmts}"><node id="19" label="AssignStmt"><node id="17" label="NameExpr" lexeme="index"><location begcolumn="5" begline="13" endcolumn="9" endline="13" loc="13.5 - 13.9"/><declaredAt idx="9" location="8.1 - 8.20"/><ofType><semtype type="INTEGER"/></ofType><lvalue/></node><node id="18" label="AtomExpr" lexeme="2" spec="INT"><location begcolumn="13" begline="13" endcolumn="13" endline="13" loc="13.13 - 13.13"/><ofType><semtype type="INTEGER"/></ofType></node><location begcolumn="5" begline="13" endcolumn="14" endline="13" loc="13.5 - 13.14"/><ofType><semtype type="VOID"/></ofType></node><node id="24" label="AssignStmt"><node id="22" label="ArrExpr"><node id="20" label="NameExpr" lexeme="i"><location begcolumn="5" begline="14" endcolumn="5" endline="14" loc="14.5 - 14.5"/><declaredAt idx="7" location="7.1 - 7.14"/><ofType><semtype type="ARRAY[50]"><semtype type="INTEGER"/></semtype></ofType><lvalue/></node><node id="21" label="AtomExpr" lexeme="0" spec="INT"><location begcolumn="7" begline="14" endcolumn="7" endline="14" loc="14.7 - 14.7"/><ofType><semtype type="INTEGER"/></ofType></node><location begcolumn="5" begline="14" endcolumn="8" endline="14" loc="14.5 - 14.8"/><ofType><semtype type="INTEGER"/></ofType><lvalue/></node><node id="23" label="AtomExpr" lexeme="0" spec="INT"><location begcolumn="12" begline="14" endcolumn="12" endline="14" loc="14.12 - 14.12"/><ofType><semtype type="INTEGER"/></ofType></node><location begcolumn="5" begline="14" endcolumn="13" endline="14" loc="14.5 - 14.13"/><ofType><semtype type="VOID"/></ofType></node><node id="29" label="AssignStmt"><node id="27" label="ArrExpr"><node id="25" label="NameExpr" lexeme="i"><location begcolumn="5" begline="15" endcolumn="5" endline="15" loc="15.5 - 15.5"/><declaredAt idx="7" location="7.1 - 7.14"/><ofType><semtype type="ARRAY[50]"><semtype type="INTEGER"/></semtype></ofType><lvalue/></node><node id="26" label="AtomExpr" lexeme="1" spec="INT"><location begcolumn="7" begline="15" endcolumn="7" endline="15" loc="15.7 - 15.7"/><ofType><semtype type="INTEGER"/></ofType></node><location begcolumn="5" begline="15" endcolumn="8" endline="15" loc="15.5 - 15.8"/><ofType><semtype type="INTEGER"/></ofType><lvalue/></node><node id="28" label="AtomExpr" lexeme="1" spec="INT"><location begcolumn="12" begline="15" endcolumn="12" endline="15" loc="15.12 - 15.12"/><ofType><semtype type="INTEGER"/></ofType></node><location begcolumn="5" begline="15" endcolumn="13" endline="15" loc="15.5 - 15.13"/><ofType><semtype type="VOID"/></ofType></node><node id="54" label="WhileStmt"><node id="32" label="BinExpr" spec="LTH"><node id="30" label="NameExpr" lexeme="index"><location begcolumn="11" begline="17" endcolumn="15" endline="17" loc="17.11 - 17.15"/><declaredAt idx="9" location="8.1 - 8.20"/><ofType><semtype type="INTEGER"/></ofType><lvalue/></node><node id="31" label="AtomExpr" lexeme="50" spec="INT"><location begcolumn="19" begline="17" endcolumn="20" endline="17" loc="17.19 - 17.20"/><ofType><semtype type="INTEGER"/></ofType></node><location begcolumn="11" begline="17" endcolumn="20" endline="17" loc="17.11 - 17.20"/><ofType><semtype type="INTEGER"/></ofType></node><node id="53" label="{BodyStmts}"><node id="47" label="AssignStmt"><node id="35" label="ArrExpr"><node id="33" label="NameExpr" lexeme="i"><location begcolumn="9" begline="18" endcolumn="9" endline="18" loc="18.9 - 18.9"/><declaredAt idx="7" location="7.1 - 7.14"/><ofType><semtype type="ARRAY[50]"><semtype type="INTEGER"/></semtype></ofType><lvalue/></node><node id="34" label="NameExpr" lexeme="index"><location begcolumn="11" begline="18" endcolumn="15" endline="18" loc="18.11 - 18.15"/><declaredAt idx="9" location="8.1 - 8.20"/><ofType><semtype type="INTEGER"/></ofType><lvalue/></node><location begcolumn="9" begline="18" endcolumn="16" endline="18" loc="18.9 - 18.16"/><ofType><semtype type="INTEGER"/></ofType><lvalue/></node><node id="46" label="BinExpr" spec="ADD"><node id="40" label="ArrExpr"><node id="36" label="NameExpr" lexeme="i"><location begcolumn="20" begline="18" endcolumn="20" endline="18" loc="18.20 - 18.20"/><declaredAt idx="7" location="7.1 - 7.14"/><ofType><semtype type="ARRAY[50]"><semtype type="INTEGER"/></semtype></ofType><lvalue/></node><node id="39" label="BinExpr" spec="SUB"><node id="37" label="NameExpr" lexeme="index"><location begcolumn="22" begline="18" endcolumn="26" endline="18" loc="18.22 - 18.26"/><declaredAt idx="9" location="8.1 - 8.20"/><ofType><semtype type="INTEGER"/></ofType><lvalue/></node><node id="38" label="AtomExpr" lexeme="1" spec="INT"><location begcolumn="30" begline="18" endcolumn="30" endline="18" loc="18.30 - 18.30"/><ofType><semtype type="INTEGER"/></ofType></node><location begcolumn="22" begline="18" endcolumn="30" endline="18" loc="18.22 - 18.30"/><ofType><semtype type="INTEGER"/></ofType></node><location begcolumn="20" begline="18" endcolumn="31" endline="18" loc="18.20 - 18.31"/><ofType><semtype type="INTEGER"/></ofType><lvalue/></node><node id="45" label="ArrExpr"><node id="41" label="NameExpr" lexeme="i"><location begcolumn="35" begline="18" endcolumn="35" endline="18" loc="18.35 - 18.35"/><declaredAt idx="7" location="7.1 - 7.14"/><ofType><semtype type="ARRAY[50]"><semtype type="INTEGER"/></semtype></ofType><lvalue/></node><node id="44" label="BinExpr" spec="SUB"><node id="42" label="NameExpr" lexeme="index"><location begcolumn="37" begline="18" endcolumn="41" endline="18" loc="18.37 - 18.41"/><declaredAt idx="9" location="8.1 - 8.20"/><ofType><semtype type="INTEGER"/></ofType><lvalue/></node><node id="43" label="AtomExpr" lexeme="2" spec="INT"><location begcolumn="45" begline="18" endcolumn="45" endline="18" loc="18.45 - 18.45"/><ofType><semtype type="INTEGER"/></ofType></node><location begcolumn="37" begline="18" endcolumn="45" endline="18" loc="18.37 - 18.45"/><ofType><semtype type="INTEGER"/></ofType></node><location begcolumn="35" begline="18" endcolumn="46" endline="18" loc="18.35 - 18.46"/><ofType><semtype type="INTEGER"/></ofType><lvalue/></node><location begcolumn="20" begline="18" endcolumn="46" endline="18" loc="18.20 - 18.46"/><ofType><semtype type="INTEGER"/></ofType></node><location begcolumn="9" begline="18" endcolumn="47" endline="18" loc="18.9 - 18.47"/><ofType><semtype type="VOID"/></ofType></node><node id="52" label="AssignStmt"><node id="48" label="NameExpr" lexeme="index"><location begcolumn="9" begline="19" endcolumn="13" endline="19" loc="19.9 - 19.13"/><declaredAt idx="9" location="8.1 - 8.20"/><ofType><semtype type="INTEGER"/></ofType><lvalue/></node><node id="51" label="BinExpr" spec="ADD"><node id="49" label="NameExpr" lexeme="index"><location begcolumn="17" begline="19" endcolumn="21" endline="19" loc="19.17 - 19.21"/><declaredAt idx="9" location="8.1 - 8.20"/><ofType><semtype type="INTEGER"/></ofType><lvalue/></node><node id="50" label="AtomExpr" lexeme="1" spec="INT"><location begcolumn="25" begline="19" endcolumn="25" endline="19" loc="19.25 - 19.25"/><ofType><semtype type="INTEGER"/></ofType></node><location begcolumn="17" begline="19" endcolumn="25" endline="19" loc="19.17 - 19.25"/><ofType><semtype type="INTEGER"/></ofType></node><location begcolumn="9" begline="19" endcolumn="26" endline="19" loc="19.9 - 19.26"/><ofType><semtype type="VOID"/></ofType></node><location begcolumn="9" begline="18" endcolumn="26" endline="19" loc="18.9 - 19.26"/></node><location begcolumn="5" begline="17" endcolumn="8" endline="20" loc="17.5 - 20.8"/><ofType><semtype type="VOID"/></ofType></node><node id="60" label="ExprStmt"><node id="59" label="CallExpr" lexeme="printInt"><node id="58" label="{CallArgs}"><node id="57" label="ArrExpr"><node id="55" label="NameExpr" lexeme="i"><location begcolumn="14" begline="22" endcolumn="14" endline="22" loc="22.14 - 22.14"/><declaredAt idx="7" location="7.1 - 7.14"/><ofType><semtype type="ARRAY[50]"><semtype type="INTEGER"/></semtype></ofType><lvalue/></node><node id="56" label="AtomExpr" lexeme="49" spec="INT"><location begcolumn="16" begline="22" endcolumn="17" endline="22" loc="22.16 - 22.17"/><ofType><semtype type="INTEGER"/></ofType></node><location begcolumn="14" begline="22" endcolumn="18" endline="22" loc="22.14 - 22.18"/><ofType><semtype type="INTEGER"/></ofType><lvalue/></node><location begcolumn="14" begline="22" endcolumn="18" endline="22" loc="22.14 - 22.18"/></node><location begcolumn="5" begline="22" endcolumn="19" endline="22" loc="22.5 - 22.19"/><declaredAt idx="15" location="10.1 - 10.44"/><ofType><semtype type="INTEGER"/></ofType></node><location begcolumn="5" begline="22" endcolumn="20" endline="22" loc="22.5 - 22.20"/><ofType><semtype type="INTEGER"/></ofType></node><location begcolumn="5" begline="13" endcolumn="20" endline="22" loc="13.5 - 22.20"/></node><location begcolumn="20" begline="12" endcolumn="1" endline="23" loc="12.20 - 23.1"/><ofType><semtype type="INTEGER"/></ofType></node><location begcolumn="1" begline="12" endcolumn="2" endline="23" loc="12.1 - 23.2"/><frame FP="T2" RV="T3" argssize="16" depth="1" label="_main" locssize="0" size="32"/></node><location begcolumn="1" begline="4" endcolumn="2" endline="23" loc="4.1 - 23.2"/></node></memory>