<?xml version="1.0" encoding="UTF-8" standalone="no"?><?xml-stylesheet type="text/xsl" href="../lib/xsl/imclin.xsl"?><imclin><datachunk init="" label="_i" size="8"/><datachunk init="" label="_exit_code" size="8"/><codechunk entrylabel="L5" exitlabel="L6"><frame FP="T0" RV="T1" argssize="0" depth="1" label="_putChar" locssize="0" size="16"/><stmt><imc instruction="LABEL(L5)"/></stmt><stmt><imc instruction="MOVE"><imc instruction="TEMP(8)"/><imc instruction="CONST(32)"/></imc></stmt><stmt><imc instruction="MOVE"><imc instruction="TEMP(1)"/><imc instruction="TEMP(8)"/></imc></stmt><stmt><imc instruction="JUMP(L6)"/></stmt></codechunk><codechunk entrylabel="L7" exitlabel="L8"><frame FP="T2" RV="T3" argssize="0" depth="3" label="L1" locssize="0" size="16"/><stmt><imc instruction="LABEL(L7)"/></stmt><stmt><imc instruction="MOVE"><imc instruction="TEMP(9)"/><imc instruction="TEMP(2)"/></imc></stmt><stmt><imc instruction="MOVE"><imc instruction="TEMP(10)"/><imc instruction="CONST(8)"/></imc></stmt><stmt><imc instruction="MOVE"><imc instruction="TEMP(11)"/><imc instruction="MEM"><imc instruction="BINOP(ADD)"><imc instruction="TEMP(9)"/><imc instruction="TEMP(10)"/></imc></imc></imc></stmt><stmt><imc instruction="MOVE"><imc instruction="TEMP(12)"/><imc instruction="CONST(100)"/></imc></stmt><stmt><imc instruction="MOVE"><imc instruction="TEMP(13)"/><imc instruction="BINOP(ADD)"><imc instruction="TEMP(11)"/><imc instruction="TEMP(12)"/></imc></imc></stmt><stmt><imc instruction="MOVE"><imc instruction="TEMP(3)"/><imc instruction="TEMP(13)"/></imc></stmt><stmt><imc instruction="JUMP(L8)"/></stmt></codechunk><codechunk entrylabel="L9" exitlabel="L10"><frame FP="T4" RV="T5" argssize="16" depth="2" label="L0" locssize="0" size="32"/><stmt><imc instruction="LABEL(L9)"/></stmt><stmt><imc instruction="MOVE"><imc instruction="TEMP(14)"/><imc instruction="TEMP(4)"/></imc></stmt><stmt><imc instruction="MOVE"><imc instruction="TEMP(15)"/><imc instruction="CONST(-8)"/></imc></stmt><stmt><imc instruction="MOVE"><imc instruction="TEMP(16)"/><imc instruction="MEM"><imc instruction="BINOP(ADD)"><imc instruction="TEMP(14)"/><imc instruction="TEMP(15)"/></imc></imc></imc></stmt><stmt><imc instruction="MOVE"><imc instruction="TEMP(17)"/><imc instruction="CONST(8)"/></imc></stmt><stmt><imc instruction="MOVE"><imc instruction="TEMP(18)"/><imc instruction="CONST(0)"/></imc></stmt><stmt><imc instruction="MOVE"><imc instruction="TEMP(19)"/><imc instruction="BINOP(MUL)"><imc instruction="TEMP(17)"/><imc instruction="TEMP(18)"/></imc></imc></stmt><stmt><imc instruction="MOVE"><imc instruction="TEMP(20)"/><imc instruction="BINOP(ADD)"><imc instruction="TEMP(16)"/><imc instruction="TEMP(19)"/></imc></imc></stmt><stmt><imc instruction="MOVE"><imc instruction="TEMP(21)"/><imc instruction="TEMP(4)"/></imc></stmt><stmt><imc instruction="MOVE"><imc instruction="TEMP(22)"/><imc instruction="CONST(8)"/></imc></stmt><stmt><imc instruction="MOVE"><imc instruction="TEMP(23)"/><imc instruction="MEM"><imc instruction="BINOP(ADD)"><imc instruction="TEMP(21)"/><imc instruction="TEMP(22)"/></imc></imc></imc></stmt><stmt><imc instruction="MOVE"><imc instruction="TEMP(24)"/><imc instruction="CONST(90)"/></imc></stmt><stmt><imc instruction="MOVE"><imc instruction="TEMP(25)"/><imc instruction="BINOP(ADD)"><imc instruction="TEMP(23)"/><imc instruction="TEMP(24)"/></imc></imc></stmt><stmt><imc instruction="MOVE"><imc instruction="MEM"><imc instruction="TEMP(20)"/></imc><imc instruction="TEMP(25)"/></imc></stmt><stmt><imc instruction="MOVE"><imc instruction="TEMP(26)"/><imc instruction="NAME(_exit_code)"/></imc></stmt><stmt><imc instruction="MOVE"><imc instruction="TEMP(27)"/><imc instruction="CONST(0)"/></imc></stmt><stmt><imc instruction="MOVE"><imc instruction="MEM"><imc instruction="TEMP(26)"/></imc><imc instruction="TEMP(27)"/></imc></stmt><stmt><imc instruction="MOVE"><imc instruction="TEMP(28)"/><imc instruction="TEMP(4)"/></imc></stmt><stmt><imc instruction="MOVE"><imc instruction="TEMP(29)"/><imc instruction="CONST(-8)"/></imc></stmt><stmt><imc instruction="MOVE"><imc instruction="TEMP(30)"/><imc instruction="MEM"><imc instruction="BINOP(ADD)"><imc instruction="TEMP(28)"/><imc instruction="TEMP(29)"/></imc></imc></imc></stmt><stmt><imc instruction="MOVE"><imc instruction="TEMP(31)"/><imc instruction="CONST(8)"/></imc></stmt><stmt><imc instruction="MOVE"><imc instruction="TEMP(32)"/><imc instruction="CONST(0)"/></imc></stmt><stmt><imc instruction="MOVE"><imc instruction="TEMP(33)"/><imc instruction="BINOP(MUL)"><imc instruction="TEMP(31)"/><imc instruction="TEMP(32)"/></imc></imc></stmt><stmt><imc instruction="MOVE"><imc instruction="TEMP(34)"/><imc instruction="MEM"><imc instruction="BINOP(ADD)"><imc instruction="TEMP(30)"/><imc instruction="TEMP(33)"/></imc></imc></imc></stmt><stmt><imc instruction="MOVE"><imc instruction="TEMP(35)"/><imc instruction="CONST(90)"/></imc></stmt><stmt><imc instruction="CJUMP(L2,L11)"><imc instruction="BINOP(GTH)"><imc instruction="TEMP(34)"/><imc instruction="TEMP(35)"/></imc></imc></stmt><stmt><imc instruction="LABEL(L11)"/></stmt><stmt><imc instruction="JUMP(L3)"/></stmt><stmt><imc instruction="LABEL(L2)"/></stmt><stmt><imc instruction="MOVE"><imc instruction="TEMP(36)"/><imc instruction="TEMP(4)"/></imc></stmt><stmt><imc instruction="MOVE"><imc instruction="TEMP(37)"/><imc instruction="CONST(-8)"/></imc></stmt><stmt><imc instruction="MOVE"><imc instruction="TEMP(38)"/><imc instruction="MEM"><imc instruction="BINOP(ADD)"><imc instruction="TEMP(36)"/><imc instruction="TEMP(37)"/></imc></imc></imc></stmt><stmt><imc instruction="MOVE"><imc instruction="TEMP(39)"/><imc instruction="CONST(8)"/></imc></stmt><stmt><imc instruction="MOVE"><imc instruction="TEMP(40)"/><imc instruction="CONST(0)"/></imc></stmt><stmt><imc instruction="MOVE"><imc instruction="TEMP(41)"/><imc instruction="BINOP(MUL)"><imc instruction="TEMP(39)"/><imc instruction="TEMP(40)"/></imc></imc></stmt><stmt><imc instruction="MOVE"><imc instruction="TEMP(42)"/><imc instruction="BINOP(ADD)"><imc instruction="TEMP(38)"/><imc instruction="TEMP(41)"/></imc></imc></stmt><stmt><imc instruction="MOVE"><imc instruction="TEMP(43)"/><imc instruction="TEMP(4)"/></imc></stmt><stmt><imc instruction="MOVE"><imc instruction="TEMP(44)"/><imc instruction="CONST(-8)"/></imc></stmt><stmt><imc instruction="MOVE"><imc instruction="TEMP(45)"/><imc instruction="MEM"><imc instruction="BINOP(ADD)"><imc instruction="TEMP(43)"/><imc instruction="TEMP(44)"/></imc></imc></imc></stmt><stmt><imc instruction="MOVE"><imc instruction="TEMP(46)"/><imc instruction="CONST(8)"/></imc></stmt><stmt><imc instruction="MOVE"><imc instruction="TEMP(47)"/><imc instruction="CONST(0)"/></imc></stmt><stmt><imc instruction="MOVE"><imc instruction="TEMP(48)"/><imc instruction="BINOP(MUL)"><imc instruction="TEMP(46)"/><imc instruction="TEMP(47)"/></imc></imc></stmt><stmt><imc instruction="MOVE"><imc instruction="TEMP(49)"/><imc instruction="MEM"><imc instruction="BINOP(ADD)"><imc instruction="TEMP(45)"/><imc instruction="TEMP(48)"/></imc></imc></imc></stmt><stmt><imc instruction="MOVE"><imc instruction="TEMP(50)"/><imc instruction="CONST(200)"/></imc></stmt><stmt><imc instruction="MOVE"><imc instruction="TEMP(51)"/><imc instruction="BINOP(ADD)"><imc instruction="TEMP(49)"/><imc instruction="TEMP(50)"/></imc></imc></stmt><stmt><imc instruction="MOVE"><imc instruction="MEM"><imc instruction="TEMP(42)"/></imc><imc instruction="TEMP(51)"/></imc></stmt><stmt><imc instruction="JUMP(L4)"/></stmt><stmt><imc instruction="LABEL(L3)"/></stmt><stmt><imc instruction="LABEL(L4)"/></stmt><stmt><imc instruction="MOVE"><imc instruction="TEMP(52)"/><imc instruction="TEMP(4)"/></imc></stmt><stmt><imc instruction="MOVE"><imc instruction="TEMP(53)"/><imc instruction="CONST(-8)"/></imc></stmt><stmt><imc instruction="MOVE"><imc instruction="TEMP(54)"/><imc instruction="MEM"><imc instruction="BINOP(ADD)"><imc instruction="TEMP(52)"/><imc instruction="TEMP(53)"/></imc></imc></imc></stmt><stmt><imc instruction="MOVE"><imc instruction="TEMP(55)"/><imc instruction="CONST(8)"/></imc></stmt><stmt><imc instruction="MOVE"><imc instruction="TEMP(56)"/><imc instruction="CONST(0)"/></imc></stmt><stmt><imc instruction="MOVE"><imc instruction="TEMP(57)"/><imc instruction="BINOP(MUL)"><imc instruction="TEMP(55)"/><imc instruction="TEMP(56)"/></imc></imc></stmt><stmt><imc instruction="ESTMT"><imc instruction="CALL(L1)"><imc instruction="CONST(0)"/><imc instruction="MEM"><imc instruction="BINOP(ADD)"><imc instruction="TEMP(54)"/><imc instruction="TEMP(57)"/></imc></imc></imc></imc></stmt><stmt><imc instruction="MOVE"><imc instruction="TEMP(58)"/><imc instruction="CONST(0)"/></imc></stmt><stmt><imc instruction="MOVE"><imc instruction="TEMP(59)"/><imc instruction="TEMP(4)"/></imc></stmt><stmt><imc instruction="MOVE"><imc instruction="TEMP(60)"/><imc instruction="CONST(-8)"/></imc></stmt><stmt><imc instruction="MOVE"><imc instruction="TEMP(61)"/><imc instruction="MEM"><imc instruction="BINOP(ADD)"><imc instruction="TEMP(59)"/><imc instruction="TEMP(60)"/></imc></imc></imc></stmt><stmt><imc instruction="MOVE"><imc instruction="TEMP(62)"/><imc instruction="CONST(8)"/></imc></stmt><stmt><imc instruction="MOVE"><imc instruction="TEMP(63)"/><imc instruction="CONST(0)"/></imc></stmt><stmt><imc instruction="MOVE"><imc instruction="TEMP(64)"/><imc instruction="BINOP(MUL)"><imc instruction="TEMP(62)"/><imc instruction="TEMP(63)"/></imc></imc></stmt><stmt><imc instruction="MOVE"><imc instruction="TEMP(65)"/><imc instruction="MEM"><imc instruction="BINOP(ADD)"><imc instruction="TEMP(61)"/><imc instruction="TEMP(64)"/></imc></imc></imc></stmt><stmt><imc instruction="MOVE"><imc instruction="TEMP(66)"/><imc instruction="CALL(L1)"><imc instruction="TEMP(58)"/><imc instruction="TEMP(65)"/></imc></imc></stmt><stmt><imc instruction="MOVE"><imc instruction="TEMP(67)"/><imc instruction="TEMP(66)"/></imc></stmt><stmt><imc instruction="MOVE"><imc instruction="TEMP(5)"/><imc instruction="TEMP(67)"/></imc></stmt><stmt><imc instruction="JUMP(L10)"/></stmt></codechunk><codechunk entrylabel="L12" exitlabel="L13"><frame FP="T6" RV="T7" argssize="16" depth="1" label="_main" locssize="8" size="40"/><stmt><imc instruction="LABEL(L12)"/></stmt><stmt><imc instruction="MOVE"><imc instruction="TEMP(68)"/><imc instruction="NAME(_i)"/></imc></stmt><stmt><imc instruction="MOVE"><imc instruction="TEMP(69)"/><imc instruction="CONST(10)"/></imc></stmt><stmt><imc instruction="MOVE"><imc instruction="MEM"><imc instruction="TEMP(68)"/></imc><imc instruction="TEMP(69)"/></imc></stmt><stmt><imc instruction="MOVE"><imc instruction="TEMP(70)"/><imc instruction="NAME(_i)"/></imc></stmt><stmt><imc instruction="MOVE"><imc instruction="TEMP(71)"/><imc instruction="CONST(0)"/></imc></stmt><stmt><imc instruction="MOVE"><imc instruction="TEMP(72)"/><imc instruction="MEM"><imc instruction="NAME(_i)"/></imc></imc></stmt><stmt><imc instruction="MOVE"><imc instruction="TEMP(73)"/><imc instruction="CALL(L0)"><imc instruction="TEMP(71)"/><imc instruction="TEMP(72)"/></imc></imc></stmt><stmt><imc instruction="MOVE"><imc instruction="TEMP(74)"/><imc instruction="TEMP(73)"/></imc></stmt><stmt><imc instruction="MOVE"><imc instruction="TEMP(75)"/><imc instruction="TEMP(6)"/></imc></stmt><stmt><imc instruction="MOVE"><imc instruction="TEMP(76)"/><imc instruction="CONST(-8)"/></imc></stmt><stmt><imc instruction="MOVE"><imc instruction="TEMP(77)"/><imc instruction="MEM"><imc instruction="BINOP(ADD)"><imc instruction="TEMP(75)"/><imc instruction="TEMP(76)"/></imc></imc></imc></stmt><stmt><imc instruction="MOVE"><imc instruction="TEMP(78)"/><imc instruction="CONST(8)"/></imc></stmt><stmt><imc instruction="MOVE"><imc instruction="TEMP(79)"/><imc instruction="CONST(0)"/></imc></stmt><stmt><imc instruction="MOVE"><imc instruction="TEMP(80)"/><imc instruction="BINOP(MUL)"><imc instruction="TEMP(78)"/><imc instruction="TEMP(79)"/></imc></imc></stmt><stmt><imc instruction="MOVE"><imc instruction="TEMP(81)"/><imc instruction="MEM"><imc instruction="BINOP(ADD)"><imc instruction="TEMP(77)"/><imc instruction="TEMP(80)"/></imc></imc></imc></stmt><stmt><imc instruction="MOVE"><imc instruction="TEMP(82)"/><imc instruction="BINOP(GTH)"><imc instruction="TEMP(74)"/><imc instruction="TEMP(81)"/></imc></imc></stmt><stmt><imc instruction="MOVE"><imc instruction="MEM"><imc instruction="TEMP(70)"/></imc><imc instruction="TEMP(82)"/></imc></stmt><stmt><imc instruction="MOVE"><imc instruction="TEMP(83)"/><imc instruction="MEM"><imc instruction="NAME(_i)"/></imc></imc></stmt><stmt><imc instruction="MOVE"><imc instruction="TEMP(84)"/><imc instruction="CONST(48)"/></imc></stmt><stmt><imc instruction="ESTMT"><imc instruction="CALL(_putChar)"><imc instruction="CONST(0)"/><imc instruction="BINOP(ADD)"><imc instruction="TEMP(83)"/><imc instruction="TEMP(84)"/></imc></imc></imc></stmt><stmt><imc instruction="ESTMT"><imc instruction="MEM"><imc instruction="NAME(_exit_code)"/></imc></imc></stmt><stmt><imc instruction="MOVE"><imc instruction="TEMP(85)"/><imc instruction="MEM"><imc instruction="NAME(_exit_code)"/></imc></imc></stmt><stmt><imc instruction="MOVE"><imc instruction="TEMP(7)"/><imc instruction="TEMP(85)"/></imc></stmt><stmt><imc instruction="JUMP(L13)"/></stmt></codechunk></imclin>