<?xml version="1.0" encoding="UTF-8" standalone="no"?><?xml-stylesheet type="text/xsl" href="../lib/xsl/abstr.xsl"?><abstr><node id="34" label="{Decls}"><node id="1" label="VarDecl" lexeme="i"><node id="0" label="AtomType" spec="INT"><location begcolumn="9" begline="3" endcolumn="11" endline="3" loc="3.9 - 3.11"/></node><location begcolumn="1" begline="3" endcolumn="12" endline="3" loc="3.1 - 3.12"/></node><node id="7" label="FunDecl" lexeme="putChar"><node id="6" label="{Pars}"><node id="3" label="ParDecl" lexeme="c"><node id="2" label="AtomType" spec="CHAR"><location begcolumn="17" begline="5" endcolumn="20" endline="5" loc="5.17 - 5.20"/></node><location begcolumn="13" begline="5" endcolumn="20" endline="5" loc="5.13 - 5.20"/></node><location begcolumn="13" begline="5" endcolumn="20" endline="5" loc="5.13 - 5.20"/></node><node id="4" label="AtomType" spec="CHAR"><location begcolumn="25" begline="5" endcolumn="28" endline="5" loc="5.25 - 5.28"/></node><node id="5" label="AtomExpr" lexeme="'a'" spec="CHAR"><location begcolumn="32" begline="5" endcolumn="34" endline="5" loc="5.32 - 5.34"/></node><location begcolumn="1" begline="5" endcolumn="35" endline="5" loc="5.1 - 5.35"/></node><node id="33" label="FunDecl" lexeme="main"><node id="8" label="AtomType" spec="VOID"><location begcolumn="14" begline="7" endcolumn="17" endline="7" loc="7.14 - 7.17"/></node><node id="31" label="StmtExpr"><node id="30" label="{Stmts}"><node id="11" label="AssignStmt"><node id="9" label="NameExpr" lexeme="i"><location begcolumn="5" begline="8" endcolumn="5" endline="8" loc="8.5 - 8.5"/></node><node id="10" label="AtomExpr" lexeme="48" spec="INT"><location begcolumn="9" begline="8" endcolumn="10" endline="8" loc="8.9 - 8.10"/></node><location begcolumn="5" begline="8" endcolumn="11" endline="8" loc="8.5 - 8.11"/></node><node id="29" label="WhileStmt"><node id="16" label="BinExpr" spec="LEQ"><node id="12" label="NameExpr" lexeme="i"><location begcolumn="11" begline="10" endcolumn="11" endline="10" loc="10.11 - 10.11"/></node><node id="15" label="CastExpr"><node id="13" label="AtomExpr" lexeme="'z'" spec="CHAR"><location begcolumn="17" begline="10" endcolumn="19" endline="10" loc="10.17 - 10.19"/></node><node id="14" label="AtomType" spec="INT"><location begcolumn="23" begline="10" endcolumn="25" endline="10" loc="10.23 - 10.25"/></node><location begcolumn="16" begline="10" endcolumn="26" endline="10" loc="10.16 - 10.26"/></node><location begcolumn="11" begline="10" endcolumn="26" endline="10" loc="10.11 - 10.26"/></node><node id="28" label="{BodyStmts}"><node id="22" label="ExprStmt"><node id="21" label="CallExpr" lexeme="putChar"><node id="20" label="{CallArgs}"><node id="19" label="CastExpr"><node id="17" label="NameExpr" lexeme="i"><location begcolumn="18" begline="11" endcolumn="18" endline="11" loc="11.18 - 11.18"/></node><node id="18" label="AtomType" spec="CHAR"><location begcolumn="22" begline="11" endcolumn="25" endline="11" loc="11.22 - 11.25"/></node><location begcolumn="17" begline="11" endcolumn="26" endline="11" loc="11.17 - 11.26"/></node><location begcolumn="17" begline="11" endcolumn="26" endline="11" loc="11.17 - 11.26"/></node><location begcolumn="9" begline="11" endcolumn="27" endline="11" loc="11.9 - 11.27"/></node><location begcolumn="9" begline="11" endcolumn="28" endline="11" loc="11.9 - 11.28"/></node><node id="27" label="AssignStmt"><node id="23" label="NameExpr" lexeme="i"><location begcolumn="9" begline="12" endcolumn="9" endline="12" loc="12.9 - 12.9"/></node><node id="26" label="BinExpr" spec="ADD"><node id="24" label="NameExpr" lexeme="i"><location begcolumn="13" begline="12" endcolumn="13" endline="12" loc="12.13 - 12.13"/></node><node id="25" label="AtomExpr" lexeme="1" spec="INT"><location begcolumn="17" begline="12" endcolumn="17" endline="12" loc="12.17 - 12.17"/></node><location begcolumn="13" begline="12" endcolumn="17" endline="12" loc="12.13 - 12.17"/></node><location begcolumn="9" begline="12" endcolumn="18" endline="12" loc="12.9 - 12.18"/></node><location begcolumn="9" begline="11" endcolumn="18" endline="12" loc="11.9 - 12.18"/></node><location begcolumn="5" begline="10" endcolumn="8" endline="13" loc="10.5 - 13.8"/></node><location begcolumn="5" begline="8" endcolumn="8" endline="13" loc="8.5 - 13.8"/></node><location begcolumn="21" begline="7" endcolumn="1" endline="14" loc="7.21 - 14.1"/></node><location begcolumn="1" begline="7" endcolumn="2" endline="14" loc="7.1 - 14.2"/></node><location begcolumn="1" begline="3" endcolumn="2" endline="14" loc="3.1 - 14.2"/></node></abstr>