<?xml version="1.0" encoding="UTF-8" standalone="no"?><?xml-stylesheet type="text/xsl" href="../lib/xsl/imclin.xsl"?><imclin><datachunk init="" label="_tab" size="40"/><datachunk init="" label="_exit_code" size="8"/><codechunk entrylabel="L13" exitlabel="L14"><frame FP="T0" RV="T1" argssize="0" depth="1" label="_putChar" locssize="0" size="16"/><stmt><imc instruction="LABEL(L13)"/></stmt><stmt><imc instruction="MOVE"><imc instruction="TEMP(10)"/><imc instruction="CONST(32)"/></imc></stmt><stmt><imc instruction="MOVE"><imc instruction="TEMP(1)"/><imc instruction="TEMP(10)"/></imc></stmt><stmt><imc instruction="JUMP(L14)"/></stmt></codechunk><codechunk entrylabel="L15" exitlabel="L16"><frame FP="T2" RV="T3" argssize="16" depth="1" label="_outputStartArray" locssize="0" size="32"/><stmt><imc instruction="LABEL(L15)"/></stmt><stmt><imc instruction="MOVE"><imc instruction="TEMP(11)"/><imc instruction="CONST(48)"/></imc></stmt><stmt><imc instruction="MOVE"><imc instruction="TEMP(12)"/><imc instruction="NAME(_tab)"/></imc></stmt><stmt><imc instruction="MOVE"><imc instruction="TEMP(13)"/><imc instruction="CONST(8)"/></imc></stmt><stmt><imc instruction="MOVE"><imc instruction="TEMP(14)"/><imc instruction="CONST(0)"/></imc></stmt><stmt><imc instruction="MOVE"><imc instruction="TEMP(15)"/><imc instruction="BINOP(MUL)"><imc instruction="TEMP(13)"/><imc instruction="TEMP(14)"/></imc></imc></stmt><stmt><imc instruction="MOVE"><imc instruction="TEMP(16)"/><imc instruction="MEM"><imc instruction="BINOP(ADD)"><imc instruction="TEMP(12)"/><imc instruction="TEMP(15)"/></imc></imc></imc></stmt><stmt><imc instruction="ESTMT"><imc instruction="CALL(_putChar)"><imc instruction="CONST(0)"/><imc instruction="BINOP(ADD)"><imc instruction="TEMP(11)"/><imc instruction="TEMP(16)"/></imc></imc></imc></stmt><stmt><imc instruction="MOVE"><imc instruction="TEMP(17)"/><imc instruction="CONST(48)"/></imc></stmt><stmt><imc instruction="MOVE"><imc instruction="TEMP(18)"/><imc instruction="NAME(_tab)"/></imc></stmt><stmt><imc instruction="MOVE"><imc instruction="TEMP(19)"/><imc instruction="CONST(8)"/></imc></stmt><stmt><imc instruction="MOVE"><imc instruction="TEMP(20)"/><imc instruction="CONST(1)"/></imc></stmt><stmt><imc instruction="MOVE"><imc instruction="TEMP(21)"/><imc instruction="BINOP(MUL)"><imc instruction="TEMP(19)"/><imc instruction="TEMP(20)"/></imc></imc></stmt><stmt><imc instruction="MOVE"><imc instruction="TEMP(22)"/><imc instruction="MEM"><imc instruction="BINOP(ADD)"><imc instruction="TEMP(18)"/><imc instruction="TEMP(21)"/></imc></imc></imc></stmt><stmt><imc instruction="ESTMT"><imc instruction="CALL(_putChar)"><imc instruction="CONST(0)"/><imc instruction="BINOP(ADD)"><imc instruction="TEMP(17)"/><imc instruction="TEMP(22)"/></imc></imc></imc></stmt><stmt><imc instruction="MOVE"><imc instruction="TEMP(23)"/><imc instruction="CONST(48)"/></imc></stmt><stmt><imc instruction="MOVE"><imc instruction="TEMP(24)"/><imc instruction="NAME(_tab)"/></imc></stmt><stmt><imc instruction="MOVE"><imc instruction="TEMP(25)"/><imc instruction="CONST(8)"/></imc></stmt><stmt><imc instruction="MOVE"><imc instruction="TEMP(26)"/><imc instruction="CONST(2)"/></imc></stmt><stmt><imc instruction="MOVE"><imc instruction="TEMP(27)"/><imc instruction="BINOP(MUL)"><imc instruction="TEMP(25)"/><imc instruction="TEMP(26)"/></imc></imc></stmt><stmt><imc instruction="MOVE"><imc instruction="TEMP(28)"/><imc instruction="MEM"><imc instruction="BINOP(ADD)"><imc instruction="TEMP(24)"/><imc instruction="TEMP(27)"/></imc></imc></imc></stmt><stmt><imc instruction="ESTMT"><imc instruction="CALL(_putChar)"><imc instruction="CONST(0)"/><imc instruction="BINOP(ADD)"><imc instruction="TEMP(23)"/><imc instruction="TEMP(28)"/></imc></imc></imc></stmt><stmt><imc instruction="MOVE"><imc instruction="TEMP(29)"/><imc instruction="CONST(48)"/></imc></stmt><stmt><imc instruction="MOVE"><imc instruction="TEMP(30)"/><imc instruction="NAME(_tab)"/></imc></stmt><stmt><imc instruction="MOVE"><imc instruction="TEMP(31)"/><imc instruction="CONST(8)"/></imc></stmt><stmt><imc instruction="MOVE"><imc instruction="TEMP(32)"/><imc instruction="CONST(3)"/></imc></stmt><stmt><imc instruction="MOVE"><imc instruction="TEMP(33)"/><imc instruction="BINOP(MUL)"><imc instruction="TEMP(31)"/><imc instruction="TEMP(32)"/></imc></imc></stmt><stmt><imc instruction="MOVE"><imc instruction="TEMP(34)"/><imc instruction="MEM"><imc instruction="BINOP(ADD)"><imc instruction="TEMP(30)"/><imc instruction="TEMP(33)"/></imc></imc></imc></stmt><stmt><imc instruction="ESTMT"><imc instruction="CALL(_putChar)"><imc instruction="CONST(0)"/><imc instruction="BINOP(ADD)"><imc instruction="TEMP(29)"/><imc instruction="TEMP(34)"/></imc></imc></imc></stmt><stmt><imc instruction="MOVE"><imc instruction="TEMP(35)"/><imc instruction="CONST(48)"/></imc></stmt><stmt><imc instruction="MOVE"><imc instruction="TEMP(36)"/><imc instruction="NAME(_tab)"/></imc></stmt><stmt><imc instruction="MOVE"><imc instruction="TEMP(37)"/><imc instruction="CONST(8)"/></imc></stmt><stmt><imc instruction="MOVE"><imc instruction="TEMP(38)"/><imc instruction="CONST(4)"/></imc></stmt><stmt><imc instruction="MOVE"><imc instruction="TEMP(39)"/><imc instruction="BINOP(MUL)"><imc instruction="TEMP(37)"/><imc instruction="TEMP(38)"/></imc></imc></stmt><stmt><imc instruction="MOVE"><imc instruction="TEMP(40)"/><imc instruction="MEM"><imc instruction="BINOP(ADD)"><imc instruction="TEMP(36)"/><imc instruction="TEMP(39)"/></imc></imc></imc></stmt><stmt><imc instruction="ESTMT"><imc instruction="CALL(_putChar)"><imc instruction="CONST(0)"/><imc instruction="BINOP(ADD)"><imc instruction="TEMP(35)"/><imc instruction="TEMP(40)"/></imc></imc></imc></stmt><stmt><imc instruction="ESTMT"><imc instruction="CALL(_putChar)"><imc instruction="CONST(0)"/><imc instruction="CONST(32)"/></imc></imc></stmt><stmt><imc instruction="ESTMT"><imc instruction="CALL(_putChar)"><imc instruction="CONST(0)"/><imc instruction="CONST(61)"/></imc></imc></stmt><stmt><imc instruction="ESTMT"><imc instruction="CALL(_putChar)"><imc instruction="CONST(0)"/><imc instruction="CONST(62)"/></imc></imc></stmt><stmt><imc instruction="ESTMT"><imc instruction="CALL(_putChar)"><imc instruction="CONST(0)"/><imc instruction="CONST(32)"/></imc></imc></stmt><stmt><imc instruction="MOVE"><imc instruction="TEMP(41)"/><imc instruction="CONST(0)"/></imc></stmt><stmt><imc instruction="MOVE"><imc instruction="TEMP(42)"/><imc instruction="CONST(32)"/></imc></stmt><stmt><imc instruction="MOVE"><imc instruction="TEMP(43)"/><imc instruction="CALL(_putChar)"><imc instruction="TEMP(41)"/><imc instruction="TEMP(42)"/></imc></imc></stmt><stmt><imc instruction="MOVE"><imc instruction="TEMP(44)"/><imc instruction="TEMP(43)"/></imc></stmt><stmt><imc instruction="MOVE"><imc instruction="TEMP(3)"/><imc instruction="TEMP(44)"/></imc></stmt><stmt><imc instruction="JUMP(L16)"/></stmt></codechunk><codechunk entrylabel="L17" exitlabel="L18"><frame FP="T4" RV="T5" argssize="16" depth="1" label="_outputSortedArray" locssize="0" size="32"/><stmt><imc instruction="LABEL(L17)"/></stmt><stmt><imc instruction="MOVE"><imc instruction="TEMP(45)"/><imc instruction="CONST(48)"/></imc></stmt><stmt><imc instruction="MOVE"><imc instruction="TEMP(46)"/><imc instruction="NAME(_tab)"/></imc></stmt><stmt><imc instruction="MOVE"><imc instruction="TEMP(47)"/><imc instruction="CONST(8)"/></imc></stmt><stmt><imc instruction="MOVE"><imc instruction="TEMP(48)"/><imc instruction="CONST(0)"/></imc></stmt><stmt><imc instruction="MOVE"><imc instruction="TEMP(49)"/><imc instruction="BINOP(MUL)"><imc instruction="TEMP(47)"/><imc instruction="TEMP(48)"/></imc></imc></stmt><stmt><imc instruction="MOVE"><imc instruction="TEMP(50)"/><imc instruction="MEM"><imc instruction="BINOP(ADD)"><imc instruction="TEMP(46)"/><imc instruction="TEMP(49)"/></imc></imc></imc></stmt><stmt><imc instruction="ESTMT"><imc instruction="CALL(_putChar)"><imc instruction="CONST(0)"/><imc instruction="BINOP(ADD)"><imc instruction="TEMP(45)"/><imc instruction="TEMP(50)"/></imc></imc></imc></stmt><stmt><imc instruction="MOVE"><imc instruction="TEMP(51)"/><imc instruction="CONST(48)"/></imc></stmt><stmt><imc instruction="MOVE"><imc instruction="TEMP(52)"/><imc instruction="NAME(_tab)"/></imc></stmt><stmt><imc instruction="MOVE"><imc instruction="TEMP(53)"/><imc instruction="CONST(8)"/></imc></stmt><stmt><imc instruction="MOVE"><imc instruction="TEMP(54)"/><imc instruction="CONST(1)"/></imc></stmt><stmt><imc instruction="MOVE"><imc instruction="TEMP(55)"/><imc instruction="BINOP(MUL)"><imc instruction="TEMP(53)"/><imc instruction="TEMP(54)"/></imc></imc></stmt><stmt><imc instruction="MOVE"><imc instruction="TEMP(56)"/><imc instruction="MEM"><imc instruction="BINOP(ADD)"><imc instruction="TEMP(52)"/><imc instruction="TEMP(55)"/></imc></imc></imc></stmt><stmt><imc instruction="ESTMT"><imc instruction="CALL(_putChar)"><imc instruction="CONST(0)"/><imc instruction="BINOP(ADD)"><imc instruction="TEMP(51)"/><imc instruction="TEMP(56)"/></imc></imc></imc></stmt><stmt><imc instruction="MOVE"><imc instruction="TEMP(57)"/><imc instruction="CONST(48)"/></imc></stmt><stmt><imc instruction="MOVE"><imc instruction="TEMP(58)"/><imc instruction="NAME(_tab)"/></imc></stmt><stmt><imc instruction="MOVE"><imc instruction="TEMP(59)"/><imc instruction="CONST(8)"/></imc></stmt><stmt><imc instruction="MOVE"><imc instruction="TEMP(60)"/><imc instruction="CONST(2)"/></imc></stmt><stmt><imc instruction="MOVE"><imc instruction="TEMP(61)"/><imc instruction="BINOP(MUL)"><imc instruction="TEMP(59)"/><imc instruction="TEMP(60)"/></imc></imc></stmt><stmt><imc instruction="MOVE"><imc instruction="TEMP(62)"/><imc instruction="MEM"><imc instruction="BINOP(ADD)"><imc instruction="TEMP(58)"/><imc instruction="TEMP(61)"/></imc></imc></imc></stmt><stmt><imc instruction="ESTMT"><imc instruction="CALL(_putChar)"><imc instruction="CONST(0)"/><imc instruction="BINOP(ADD)"><imc instruction="TEMP(57)"/><imc instruction="TEMP(62)"/></imc></imc></imc></stmt><stmt><imc instruction="MOVE"><imc instruction="TEMP(63)"/><imc instruction="CONST(48)"/></imc></stmt><stmt><imc instruction="MOVE"><imc instruction="TEMP(64)"/><imc instruction="NAME(_tab)"/></imc></stmt><stmt><imc instruction="MOVE"><imc instruction="TEMP(65)"/><imc instruction="CONST(8)"/></imc></stmt><stmt><imc instruction="MOVE"><imc instruction="TEMP(66)"/><imc instruction="CONST(3)"/></imc></stmt><stmt><imc instruction="MOVE"><imc instruction="TEMP(67)"/><imc instruction="BINOP(MUL)"><imc instruction="TEMP(65)"/><imc instruction="TEMP(66)"/></imc></imc></stmt><stmt><imc instruction="MOVE"><imc instruction="TEMP(68)"/><imc instruction="MEM"><imc instruction="BINOP(ADD)"><imc instruction="TEMP(64)"/><imc instruction="TEMP(67)"/></imc></imc></imc></stmt><stmt><imc instruction="ESTMT"><imc instruction="CALL(_putChar)"><imc instruction="CONST(0)"/><imc instruction="BINOP(ADD)"><imc instruction="TEMP(63)"/><imc instruction="TEMP(68)"/></imc></imc></imc></stmt><stmt><imc instruction="MOVE"><imc instruction="TEMP(69)"/><imc instruction="CONST(48)"/></imc></stmt><stmt><imc instruction="MOVE"><imc instruction="TEMP(70)"/><imc instruction="NAME(_tab)"/></imc></stmt><stmt><imc instruction="MOVE"><imc instruction="TEMP(71)"/><imc instruction="CONST(8)"/></imc></stmt><stmt><imc instruction="MOVE"><imc instruction="TEMP(72)"/><imc instruction="CONST(4)"/></imc></stmt><stmt><imc instruction="MOVE"><imc instruction="TEMP(73)"/><imc instruction="BINOP(MUL)"><imc instruction="TEMP(71)"/><imc instruction="TEMP(72)"/></imc></imc></stmt><stmt><imc instruction="MOVE"><imc instruction="TEMP(74)"/><imc instruction="MEM"><imc instruction="BINOP(ADD)"><imc instruction="TEMP(70)"/><imc instruction="TEMP(73)"/></imc></imc></imc></stmt><stmt><imc instruction="ESTMT"><imc instruction="CALL(_putChar)"><imc instruction="CONST(0)"/><imc instruction="BINOP(ADD)"><imc instruction="TEMP(69)"/><imc instruction="TEMP(74)"/></imc></imc></imc></stmt><stmt><imc instruction="ESTMT"><imc instruction="CALL(_putChar)"><imc instruction="CONST(0)"/><imc instruction="CONST(32)"/></imc></imc></stmt><stmt><imc instruction="MOVE"><imc instruction="TEMP(75)"/><imc instruction="CONST(0)"/></imc></stmt><stmt><imc instruction="MOVE"><imc instruction="TEMP(76)"/><imc instruction="CONST(32)"/></imc></stmt><stmt><imc instruction="MOVE"><imc instruction="TEMP(77)"/><imc instruction="CALL(_putChar)"><imc instruction="TEMP(75)"/><imc instruction="TEMP(76)"/></imc></imc></stmt><stmt><imc instruction="MOVE"><imc instruction="TEMP(78)"/><imc instruction="TEMP(77)"/></imc></stmt><stmt><imc instruction="MOVE"><imc instruction="TEMP(5)"/><imc instruction="TEMP(78)"/></imc></stmt><stmt><imc instruction="JUMP(L18)"/></stmt></codechunk><codechunk entrylabel="L19" exitlabel="L20"><frame FP="T6" RV="T7" argssize="0" depth="2" label="L0" locssize="0" size="16"/><stmt><imc instruction="LABEL(L19)"/></stmt><stmt><imc instruction="MOVE"><imc instruction="TEMP(79)"/><imc instruction="TEMP(6)"/></imc></stmt><stmt><imc instruction="MOVE"><imc instruction="TEMP(80)"/><imc instruction="CONST(-8)"/></imc></stmt><stmt><imc instruction="MOVE"><imc instruction="TEMP(81)"/><imc instruction="BINOP(ADD)"><imc instruction="TEMP(79)"/><imc instruction="TEMP(80)"/></imc></imc></stmt><stmt><imc instruction="MOVE"><imc instruction="TEMP(82)"/><imc instruction="CONST(0)"/></imc></stmt><stmt><imc instruction="MOVE"><imc instruction="MEM"><imc instruction="TEMP(81)"/></imc><imc instruction="TEMP(82)"/></imc></stmt><stmt><imc instruction="MOVE"><imc instruction="TEMP(83)"/><imc instruction="TEMP(6)"/></imc></stmt><stmt><imc instruction="MOVE"><imc instruction="TEMP(84)"/><imc instruction="CONST(-24)"/></imc></stmt><stmt><imc instruction="MOVE"><imc instruction="TEMP(85)"/><imc instruction="BINOP(ADD)"><imc instruction="TEMP(83)"/><imc instruction="TEMP(84)"/></imc></imc></stmt><stmt><imc instruction="MOVE"><imc instruction="TEMP(86)"/><imc instruction="CONST(0)"/></imc></stmt><stmt><imc instruction="MOVE"><imc instruction="MEM"><imc instruction="TEMP(85)"/></imc><imc instruction="TEMP(86)"/></imc></stmt><stmt><imc instruction="LABEL(L1)"/></stmt><stmt><imc instruction="MOVE"><imc instruction="TEMP(87)"/><imc instruction="TEMP(6)"/></imc></stmt><stmt><imc instruction="MOVE"><imc instruction="TEMP(88)"/><imc instruction="CONST(-8)"/></imc></stmt><stmt><imc instruction="MOVE"><imc instruction="TEMP(89)"/><imc instruction="MEM"><imc instruction="BINOP(ADD)"><imc instruction="TEMP(87)"/><imc instruction="TEMP(88)"/></imc></imc></imc></stmt><stmt><imc instruction="MOVE"><imc instruction="TEMP(90)"/><imc instruction="CONST(5)"/></imc></stmt><stmt><imc instruction="CJUMP(L2,L21)"><imc instruction="BINOP(LTH)"><imc instruction="TEMP(89)"/><imc instruction="TEMP(90)"/></imc></imc></stmt><stmt><imc instruction="LABEL(L21)"/></stmt><stmt><imc instruction="JUMP(L3)"/></stmt><stmt><imc instruction="LABEL(L2)"/></stmt><stmt><imc instruction="MOVE"><imc instruction="TEMP(91)"/><imc instruction="TEMP(6)"/></imc></stmt><stmt><imc instruction="MOVE"><imc instruction="TEMP(92)"/><imc instruction="CONST(-16)"/></imc></stmt><stmt><imc instruction="MOVE"><imc instruction="TEMP(93)"/><imc instruction="BINOP(ADD)"><imc instruction="TEMP(91)"/><imc instruction="TEMP(92)"/></imc></imc></stmt><stmt><imc instruction="MOVE"><imc instruction="TEMP(94)"/><imc instruction="TEMP(6)"/></imc></stmt><stmt><imc instruction="MOVE"><imc instruction="TEMP(95)"/><imc instruction="CONST(-8)"/></imc></stmt><stmt><imc instruction="MOVE"><imc instruction="TEMP(96)"/><imc instruction="MEM"><imc instruction="BINOP(ADD)"><imc instruction="TEMP(94)"/><imc instruction="TEMP(95)"/></imc></imc></imc></stmt><stmt><imc instruction="MOVE"><imc instruction="MEM"><imc instruction="TEMP(93)"/></imc><imc instruction="TEMP(96)"/></imc></stmt><stmt><imc instruction="LABEL(L4)"/></stmt><stmt><imc instruction="MOVE"><imc instruction="TEMP(97)"/><imc instruction="TEMP(6)"/></imc></stmt><stmt><imc instruction="MOVE"><imc instruction="TEMP(98)"/><imc instruction="CONST(-16)"/></imc></stmt><stmt><imc instruction="MOVE"><imc instruction="TEMP(99)"/><imc instruction="MEM"><imc instruction="BINOP(ADD)"><imc instruction="TEMP(97)"/><imc instruction="TEMP(98)"/></imc></imc></imc></stmt><stmt><imc instruction="MOVE"><imc instruction="TEMP(100)"/><imc instruction="CONST(5)"/></imc></stmt><stmt><imc instruction="CJUMP(L5,L22)"><imc instruction="BINOP(LTH)"><imc instruction="TEMP(99)"/><imc instruction="TEMP(100)"/></imc></imc></stmt><stmt><imc instruction="LABEL(L22)"/></stmt><stmt><imc instruction="JUMP(L6)"/></stmt><stmt><imc instruction="LABEL(L5)"/></stmt><stmt><imc instruction="MOVE"><imc instruction="TEMP(101)"/><imc instruction="TEMP(6)"/></imc></stmt><stmt><imc instruction="MOVE"><imc instruction="TEMP(102)"/><imc instruction="CONST(-16)"/></imc></stmt><stmt><imc instruction="MOVE"><imc instruction="TEMP(103)"/><imc instruction="MEM"><imc instruction="BINOP(ADD)"><imc instruction="TEMP(101)"/><imc instruction="TEMP(102)"/></imc></imc></imc></stmt><stmt><imc instruction="MOVE"><imc instruction="TEMP(104)"/><imc instruction="CONST(1)"/></imc></stmt><stmt><imc instruction="MOVE"><imc instruction="TEMP(105)"/><imc instruction="BINOP(ADD)"><imc instruction="TEMP(103)"/><imc instruction="TEMP(104)"/></imc></imc></stmt><stmt><imc instruction="MOVE"><imc instruction="TEMP(106)"/><imc instruction="CONST(5)"/></imc></stmt><stmt><imc instruction="CJUMP(L7,L23)"><imc instruction="BINOP(LTH)"><imc instruction="TEMP(105)"/><imc instruction="TEMP(106)"/></imc></imc></stmt><stmt><imc instruction="LABEL(L23)"/></stmt><stmt><imc instruction="JUMP(L8)"/></stmt><stmt><imc instruction="LABEL(L7)"/></stmt><stmt><imc instruction="MOVE"><imc instruction="TEMP(107)"/><imc instruction="NAME(_tab)"/></imc></stmt><stmt><imc instruction="MOVE"><imc instruction="TEMP(108)"/><imc instruction="CONST(8)"/></imc></stmt><stmt><imc instruction="MOVE"><imc instruction="TEMP(109)"/><imc instruction="TEMP(6)"/></imc></stmt><stmt><imc instruction="MOVE"><imc instruction="TEMP(110)"/><imc instruction="CONST(-16)"/></imc></stmt><stmt><imc instruction="MOVE"><imc instruction="TEMP(111)"/><imc instruction="MEM"><imc instruction="BINOP(ADD)"><imc instruction="TEMP(109)"/><imc instruction="TEMP(110)"/></imc></imc></imc></stmt><stmt><imc instruction="MOVE"><imc instruction="TEMP(112)"/><imc instruction="BINOP(MUL)"><imc instruction="TEMP(108)"/><imc instruction="TEMP(111)"/></imc></imc></stmt><stmt><imc instruction="MOVE"><imc instruction="TEMP(113)"/><imc instruction="MEM"><imc instruction="BINOP(ADD)"><imc instruction="TEMP(107)"/><imc instruction="TEMP(112)"/></imc></imc></imc></stmt><stmt><imc instruction="MOVE"><imc instruction="TEMP(114)"/><imc instruction="NAME(_tab)"/></imc></stmt><stmt><imc instruction="MOVE"><imc instruction="TEMP(115)"/><imc instruction="CONST(8)"/></imc></stmt><stmt><imc instruction="MOVE"><imc instruction="TEMP(116)"/><imc instruction="TEMP(6)"/></imc></stmt><stmt><imc instruction="MOVE"><imc instruction="TEMP(117)"/><imc instruction="CONST(-16)"/></imc></stmt><stmt><imc instruction="MOVE"><imc instruction="TEMP(118)"/><imc instruction="MEM"><imc instruction="BINOP(ADD)"><imc instruction="TEMP(116)"/><imc instruction="TEMP(117)"/></imc></imc></imc></stmt><stmt><imc instruction="MOVE"><imc instruction="TEMP(119)"/><imc instruction="CONST(1)"/></imc></stmt><stmt><imc instruction="MOVE"><imc instruction="TEMP(120)"/><imc instruction="BINOP(ADD)"><imc instruction="TEMP(118)"/><imc instruction="TEMP(119)"/></imc></imc></stmt><stmt><imc instruction="MOVE"><imc instruction="TEMP(121)"/><imc instruction="BINOP(MUL)"><imc instruction="TEMP(115)"/><imc instruction="TEMP(120)"/></imc></imc></stmt><stmt><imc instruction="MOVE"><imc instruction="TEMP(122)"/><imc instruction="MEM"><imc instruction="BINOP(ADD)"><imc instruction="TEMP(114)"/><imc instruction="TEMP(121)"/></imc></imc></imc></stmt><stmt><imc instruction="CJUMP(L10,L24)"><imc instruction="BINOP(LTH)"><imc instruction="TEMP(113)"/><imc instruction="TEMP(122)"/></imc></imc></stmt><stmt><imc instruction="LABEL(L24)"/></stmt><stmt><imc instruction="JUMP(L11)"/></stmt><stmt><imc instruction="LABEL(L10)"/></stmt><stmt><imc instruction="MOVE"><imc instruction="TEMP(123)"/><imc instruction="TEMP(6)"/></imc></stmt><stmt><imc instruction="MOVE"><imc instruction="TEMP(124)"/><imc instruction="CONST(-24)"/></imc></stmt><stmt><imc instruction="MOVE"><imc instruction="TEMP(125)"/><imc instruction="BINOP(ADD)"><imc instruction="TEMP(123)"/><imc instruction="TEMP(124)"/></imc></imc></stmt><stmt><imc instruction="MOVE"><imc instruction="TEMP(126)"/><imc instruction="NAME(_tab)"/></imc></stmt><stmt><imc instruction="MOVE"><imc instruction="TEMP(127)"/><imc instruction="CONST(8)"/></imc></stmt><stmt><imc instruction="MOVE"><imc instruction="TEMP(128)"/><imc instruction="TEMP(6)"/></imc></stmt><stmt><imc instruction="MOVE"><imc instruction="TEMP(129)"/><imc instruction="CONST(-16)"/></imc></stmt><stmt><imc instruction="MOVE"><imc instruction="TEMP(130)"/><imc instruction="MEM"><imc instruction="BINOP(ADD)"><imc instruction="TEMP(128)"/><imc instruction="TEMP(129)"/></imc></imc></imc></stmt><stmt><imc instruction="MOVE"><imc instruction="TEMP(131)"/><imc instruction="BINOP(MUL)"><imc instruction="TEMP(127)"/><imc instruction="TEMP(130)"/></imc></imc></stmt><stmt><imc instruction="MOVE"><imc instruction="TEMP(132)"/><imc instruction="MEM"><imc instruction="BINOP(ADD)"><imc instruction="TEMP(126)"/><imc instruction="TEMP(131)"/></imc></imc></imc></stmt><stmt><imc instruction="MOVE"><imc instruction="MEM"><imc instruction="TEMP(125)"/></imc><imc instruction="TEMP(132)"/></imc></stmt><stmt><imc instruction="MOVE"><imc instruction="TEMP(133)"/><imc instruction="NAME(_tab)"/></imc></stmt><stmt><imc instruction="MOVE"><imc instruction="TEMP(134)"/><imc instruction="CONST(8)"/></imc></stmt><stmt><imc instruction="MOVE"><imc instruction="TEMP(135)"/><imc instruction="TEMP(6)"/></imc></stmt><stmt><imc instruction="MOVE"><imc instruction="TEMP(136)"/><imc instruction="CONST(-16)"/></imc></stmt><stmt><imc instruction="MOVE"><imc instruction="TEMP(137)"/><imc instruction="MEM"><imc instruction="BINOP(ADD)"><imc instruction="TEMP(135)"/><imc instruction="TEMP(136)"/></imc></imc></imc></stmt><stmt><imc instruction="MOVE"><imc instruction="TEMP(138)"/><imc instruction="BINOP(MUL)"><imc instruction="TEMP(134)"/><imc instruction="TEMP(137)"/></imc></imc></stmt><stmt><imc instruction="MOVE"><imc instruction="TEMP(139)"/><imc instruction="BINOP(ADD)"><imc instruction="TEMP(133)"/><imc instruction="TEMP(138)"/></imc></imc></stmt><stmt><imc instruction="MOVE"><imc instruction="TEMP(140)"/><imc instruction="NAME(_tab)"/></imc></stmt><stmt><imc instruction="MOVE"><imc instruction="TEMP(141)"/><imc instruction="CONST(8)"/></imc></stmt><stmt><imc instruction="MOVE"><imc instruction="TEMP(142)"/><imc instruction="TEMP(6)"/></imc></stmt><stmt><imc instruction="MOVE"><imc instruction="TEMP(143)"/><imc instruction="CONST(-16)"/></imc></stmt><stmt><imc instruction="MOVE"><imc instruction="TEMP(144)"/><imc instruction="MEM"><imc instruction="BINOP(ADD)"><imc instruction="TEMP(142)"/><imc instruction="TEMP(143)"/></imc></imc></imc></stmt><stmt><imc instruction="MOVE"><imc instruction="TEMP(145)"/><imc instruction="CONST(1)"/></imc></stmt><stmt><imc instruction="MOVE"><imc instruction="TEMP(146)"/><imc instruction="BINOP(ADD)"><imc instruction="TEMP(144)"/><imc instruction="TEMP(145)"/></imc></imc></stmt><stmt><imc instruction="MOVE"><imc instruction="TEMP(147)"/><imc instruction="BINOP(MUL)"><imc instruction="TEMP(141)"/><imc instruction="TEMP(146)"/></imc></imc></stmt><stmt><imc instruction="MOVE"><imc instruction="TEMP(148)"/><imc instruction="MEM"><imc instruction="BINOP(ADD)"><imc instruction="TEMP(140)"/><imc instruction="TEMP(147)"/></imc></imc></imc></stmt><stmt><imc instruction="MOVE"><imc instruction="MEM"><imc instruction="TEMP(139)"/></imc><imc instruction="TEMP(148)"/></imc></stmt><stmt><imc instruction="MOVE"><imc instruction="TEMP(149)"/><imc instruction="NAME(_tab)"/></imc></stmt><stmt><imc instruction="MOVE"><imc instruction="TEMP(150)"/><imc instruction="CONST(8)"/></imc></stmt><stmt><imc instruction="MOVE"><imc instruction="TEMP(151)"/><imc instruction="TEMP(6)"/></imc></stmt><stmt><imc instruction="MOVE"><imc instruction="TEMP(152)"/><imc instruction="CONST(-16)"/></imc></stmt><stmt><imc instruction="MOVE"><imc instruction="TEMP(153)"/><imc instruction="MEM"><imc instruction="BINOP(ADD)"><imc instruction="TEMP(151)"/><imc instruction="TEMP(152)"/></imc></imc></imc></stmt><stmt><imc instruction="MOVE"><imc instruction="TEMP(154)"/><imc instruction="CONST(1)"/></imc></stmt><stmt><imc instruction="MOVE"><imc instruction="TEMP(155)"/><imc instruction="BINOP(ADD)"><imc instruction="TEMP(153)"/><imc instruction="TEMP(154)"/></imc></imc></stmt><stmt><imc instruction="MOVE"><imc instruction="TEMP(156)"/><imc instruction="BINOP(MUL)"><imc instruction="TEMP(150)"/><imc instruction="TEMP(155)"/></imc></imc></stmt><stmt><imc instruction="MOVE"><imc instruction="TEMP(157)"/><imc instruction="BINOP(ADD)"><imc instruction="TEMP(149)"/><imc instruction="TEMP(156)"/></imc></imc></stmt><stmt><imc instruction="MOVE"><imc instruction="TEMP(158)"/><imc instruction="TEMP(6)"/></imc></stmt><stmt><imc instruction="MOVE"><imc instruction="TEMP(159)"/><imc instruction="CONST(-24)"/></imc></stmt><stmt><imc instruction="MOVE"><imc instruction="TEMP(160)"/><imc instruction="MEM"><imc instruction="BINOP(ADD)"><imc instruction="TEMP(158)"/><imc instruction="TEMP(159)"/></imc></imc></imc></stmt><stmt><imc instruction="MOVE"><imc instruction="MEM"><imc instruction="TEMP(157)"/></imc><imc instruction="TEMP(160)"/></imc></stmt><stmt><imc instruction="JUMP(L12)"/></stmt><stmt><imc instruction="LABEL(L11)"/></stmt><stmt><imc instruction="LABEL(L12)"/></stmt><stmt><imc instruction="JUMP(L9)"/></stmt><stmt><imc instruction="LABEL(L8)"/></stmt><stmt><imc instruction="LABEL(L9)"/></stmt><stmt><imc instruction="MOVE"><imc instruction="TEMP(161)"/><imc instruction="TEMP(6)"/></imc></stmt><stmt><imc instruction="MOVE"><imc instruction="TEMP(162)"/><imc instruction="CONST(-16)"/></imc></stmt><stmt><imc instruction="MOVE"><imc instruction="TEMP(163)"/><imc instruction="BINOP(ADD)"><imc instruction="TEMP(161)"/><imc instruction="TEMP(162)"/></imc></imc></stmt><stmt><imc instruction="MOVE"><imc instruction="TEMP(164)"/><imc instruction="TEMP(6)"/></imc></stmt><stmt><imc instruction="MOVE"><imc instruction="TEMP(165)"/><imc instruction="CONST(-16)"/></imc></stmt><stmt><imc instruction="MOVE"><imc instruction="TEMP(166)"/><imc instruction="MEM"><imc instruction="BINOP(ADD)"><imc instruction="TEMP(164)"/><imc instruction="TEMP(165)"/></imc></imc></imc></stmt><stmt><imc instruction="MOVE"><imc instruction="TEMP(167)"/><imc instruction="CONST(1)"/></imc></stmt><stmt><imc instruction="MOVE"><imc instruction="TEMP(168)"/><imc instruction="BINOP(ADD)"><imc instruction="TEMP(166)"/><imc instruction="TEMP(167)"/></imc></imc></stmt><stmt><imc instruction="MOVE"><imc instruction="MEM"><imc instruction="TEMP(163)"/></imc><imc instruction="TEMP(168)"/></imc></stmt><stmt><imc instruction="JUMP(L4)"/></stmt><stmt><imc instruction="LABEL(L6)"/></stmt><stmt><imc instruction="MOVE"><imc instruction="TEMP(169)"/><imc instruction="TEMP(6)"/></imc></stmt><stmt><imc instruction="MOVE"><imc instruction="TEMP(170)"/><imc instruction="CONST(-8)"/></imc></stmt><stmt><imc instruction="MOVE"><imc instruction="TEMP(171)"/><imc instruction="BINOP(ADD)"><imc instruction="TEMP(169)"/><imc instruction="TEMP(170)"/></imc></imc></stmt><stmt><imc instruction="MOVE"><imc instruction="TEMP(172)"/><imc instruction="TEMP(6)"/></imc></stmt><stmt><imc instruction="MOVE"><imc instruction="TEMP(173)"/><imc instruction="CONST(-8)"/></imc></stmt><stmt><imc instruction="MOVE"><imc instruction="TEMP(174)"/><imc instruction="MEM"><imc instruction="BINOP(ADD)"><imc instruction="TEMP(172)"/><imc instruction="TEMP(173)"/></imc></imc></imc></stmt><stmt><imc instruction="MOVE"><imc instruction="TEMP(175)"/><imc instruction="CONST(1)"/></imc></stmt><stmt><imc instruction="MOVE"><imc instruction="TEMP(176)"/><imc instruction="BINOP(ADD)"><imc instruction="TEMP(174)"/><imc instruction="TEMP(175)"/></imc></imc></stmt><stmt><imc instruction="MOVE"><imc instruction="MEM"><imc instruction="TEMP(171)"/></imc><imc instruction="TEMP(176)"/></imc></stmt><stmt><imc instruction="JUMP(L1)"/></stmt><stmt><imc instruction="LABEL(L3)"/></stmt><stmt><imc instruction="MOVE"><imc instruction="TEMP(177)"/><imc instruction="NAME(_exit_code)"/></imc></stmt><stmt><imc instruction="MOVE"><imc instruction="TEMP(178)"/><imc instruction="CONST(0)"/></imc></stmt><stmt><imc instruction="MOVE"><imc instruction="MEM"><imc instruction="TEMP(177)"/></imc><imc instruction="TEMP(178)"/></imc></stmt><stmt><imc instruction="MOVE"><imc instruction="TEMP(179)"/><imc instruction="CONST(0)"/></imc></stmt><stmt><imc instruction="MOVE"><imc instruction="TEMP(7)"/><imc instruction="TEMP(179)"/></imc></stmt><stmt><imc instruction="JUMP(L20)"/></stmt></codechunk><codechunk entrylabel="L25" exitlabel="L26"><frame FP="T8" RV="T9" argssize="8" depth="1" label="_main" locssize="32" size="56"/><stmt><imc instruction="LABEL(L25)"/></stmt><stmt><imc instruction="MOVE"><imc instruction="TEMP(180)"/><imc instruction="NAME(_tab)"/></imc></stmt><stmt><imc instruction="MOVE"><imc instruction="TEMP(181)"/><imc instruction="CONST(8)"/></imc></stmt><stmt><imc instruction="MOVE"><imc instruction="TEMP(182)"/><imc instruction="CONST(0)"/></imc></stmt><stmt><imc instruction="MOVE"><imc instruction="TEMP(183)"/><imc instruction="BINOP(MUL)"><imc instruction="TEMP(181)"/><imc instruction="TEMP(182)"/></imc></imc></stmt><stmt><imc instruction="MOVE"><imc instruction="TEMP(184)"/><imc instruction="BINOP(ADD)"><imc instruction="TEMP(180)"/><imc instruction="TEMP(183)"/></imc></imc></stmt><stmt><imc instruction="MOVE"><imc instruction="TEMP(185)"/><imc instruction="CONST(9)"/></imc></stmt><stmt><imc instruction="MOVE"><imc instruction="MEM"><imc instruction="TEMP(184)"/></imc><imc instruction="TEMP(185)"/></imc></stmt><stmt><imc instruction="MOVE"><imc instruction="TEMP(186)"/><imc instruction="NAME(_tab)"/></imc></stmt><stmt><imc instruction="MOVE"><imc instruction="TEMP(187)"/><imc instruction="CONST(8)"/></imc></stmt><stmt><imc instruction="MOVE"><imc instruction="TEMP(188)"/><imc instruction="CONST(1)"/></imc></stmt><stmt><imc instruction="MOVE"><imc instruction="TEMP(189)"/><imc instruction="BINOP(MUL)"><imc instruction="TEMP(187)"/><imc instruction="TEMP(188)"/></imc></imc></stmt><stmt><imc instruction="MOVE"><imc instruction="TEMP(190)"/><imc instruction="BINOP(ADD)"><imc instruction="TEMP(186)"/><imc instruction="TEMP(189)"/></imc></imc></stmt><stmt><imc instruction="MOVE"><imc instruction="TEMP(191)"/><imc instruction="CONST(6)"/></imc></stmt><stmt><imc instruction="MOVE"><imc instruction="MEM"><imc instruction="TEMP(190)"/></imc><imc instruction="TEMP(191)"/></imc></stmt><stmt><imc instruction="MOVE"><imc instruction="TEMP(192)"/><imc instruction="NAME(_tab)"/></imc></stmt><stmt><imc instruction="MOVE"><imc instruction="TEMP(193)"/><imc instruction="CONST(8)"/></imc></stmt><stmt><imc instruction="MOVE"><imc instruction="TEMP(194)"/><imc instruction="CONST(2)"/></imc></stmt><stmt><imc instruction="MOVE"><imc instruction="TEMP(195)"/><imc instruction="BINOP(MUL)"><imc instruction="TEMP(193)"/><imc instruction="TEMP(194)"/></imc></imc></stmt><stmt><imc instruction="MOVE"><imc instruction="TEMP(196)"/><imc instruction="BINOP(ADD)"><imc instruction="TEMP(192)"/><imc instruction="TEMP(195)"/></imc></imc></stmt><stmt><imc instruction="MOVE"><imc instruction="TEMP(197)"/><imc instruction="CONST(3)"/></imc></stmt><stmt><imc instruction="MOVE"><imc instruction="MEM"><imc instruction="TEMP(196)"/></imc><imc instruction="TEMP(197)"/></imc></stmt><stmt><imc instruction="MOVE"><imc instruction="TEMP(198)"/><imc instruction="NAME(_tab)"/></imc></stmt><stmt><imc instruction="MOVE"><imc instruction="TEMP(199)"/><imc instruction="CONST(8)"/></imc></stmt><stmt><imc instruction="MOVE"><imc instruction="TEMP(200)"/><imc instruction="CONST(3)"/></imc></stmt><stmt><imc instruction="MOVE"><imc instruction="TEMP(201)"/><imc instruction="BINOP(MUL)"><imc instruction="TEMP(199)"/><imc instruction="TEMP(200)"/></imc></imc></stmt><stmt><imc instruction="MOVE"><imc instruction="TEMP(202)"/><imc instruction="BINOP(ADD)"><imc instruction="TEMP(198)"/><imc instruction="TEMP(201)"/></imc></imc></stmt><stmt><imc instruction="MOVE"><imc instruction="TEMP(203)"/><imc instruction="CONST(9)"/></imc></stmt><stmt><imc instruction="MOVE"><imc instruction="MEM"><imc instruction="TEMP(202)"/></imc><imc instruction="TEMP(203)"/></imc></stmt><stmt><imc instruction="MOVE"><imc instruction="TEMP(204)"/><imc instruction="NAME(_tab)"/></imc></stmt><stmt><imc instruction="MOVE"><imc instruction="TEMP(205)"/><imc instruction="CONST(8)"/></imc></stmt><stmt><imc instruction="MOVE"><imc instruction="TEMP(206)"/><imc instruction="CONST(4)"/></imc></stmt><stmt><imc instruction="MOVE"><imc instruction="TEMP(207)"/><imc instruction="BINOP(MUL)"><imc instruction="TEMP(205)"/><imc instruction="TEMP(206)"/></imc></imc></stmt><stmt><imc instruction="MOVE"><imc instruction="TEMP(208)"/><imc instruction="BINOP(ADD)"><imc instruction="TEMP(204)"/><imc instruction="TEMP(207)"/></imc></imc></stmt><stmt><imc instruction="MOVE"><imc instruction="TEMP(209)"/><imc instruction="CONST(8)"/></imc></stmt><stmt><imc instruction="MOVE"><imc instruction="MEM"><imc instruction="TEMP(208)"/></imc><imc instruction="TEMP(209)"/></imc></stmt><stmt><imc instruction="ESTMT"><imc instruction="CALL(_outputStartArray)"><imc instruction="CONST(0)"/></imc></imc></stmt><stmt><imc instruction="ESTMT"><imc instruction="CALL(L0)"><imc instruction="CONST(0)"/></imc></imc></stmt><stmt><imc instruction="ESTMT"><imc instruction="CALL(_outputSortedArray)"><imc instruction="CONST(0)"/></imc></imc></stmt><stmt><imc instruction="ESTMT"><imc instruction="MEM"><imc instruction="NAME(_exit_code)"/></imc></imc></stmt><stmt><imc instruction="MOVE"><imc instruction="TEMP(210)"/><imc instruction="MEM"><imc instruction="NAME(_exit_code)"/></imc></imc></stmt><stmt><imc instruction="MOVE"><imc instruction="TEMP(9)"/><imc instruction="TEMP(210)"/></imc></stmt><stmt><imc instruction="JUMP(L26)"/></stmt></codechunk></imclin>