<?xml version="1.0" encoding="UTF-8" standalone="no"?><?xml-stylesheet type="text/xsl" href="../lib/xsl/lexan.xsl"?><lexan><term lexeme="var" token="VAR"><location begcolumn="1" begline="1" endcolumn="3" endline="1" loc="1.1 - 1.3"/></term><term lexeme="i" token="ID"><location begcolumn="5" begline="1" endcolumn="5" endline="1" loc="1.5 - 1.5"/></term><term lexeme=":" token="COLON"><location begcolumn="7" begline="1" endcolumn="7" endline="1" loc="1.7 - 1.7"/></term><term lexeme="int" token="INT"><location begcolumn="9" begline="1" endcolumn="11" endline="1" loc="1.9 - 1.11"/></term><term lexeme=";" token="SEMICOLON"><location begcolumn="12" begline="1" endcolumn="12" endline="1" loc="1.12 - 1.12"/></term><term lexeme="var" token="VAR"><location begcolumn="1" begline="3" endcolumn="3" endline="3" loc="3.1 - 3.3"/></term><term lexeme="exit_code" token="ID"><location begcolumn="5" begline="3" endcolumn="13" endline="3" loc="3.5 - 3.13"/></term><term lexeme=":" token="COLON"><location begcolumn="15" begline="3" endcolumn="15" endline="3" loc="3.15 - 3.15"/></term><term lexeme="int" token="INT"><location begcolumn="17" begline="3" endcolumn="19" endline="3" loc="3.17 - 3.19"/></term><term lexeme=";" token="SEMICOLON"><location begcolumn="20" begline="3" endcolumn="20" endline="3" loc="3.20 - 3.20"/></term><term lexeme="fun" token="FUN"><location begcolumn="1" begline="4" endcolumn="3" endline="4" loc="4.1 - 4.3"/></term><term lexeme="putChar" token="ID"><location begcolumn="5" begline="4" endcolumn="11" endline="4" loc="4.5 - 4.11"/></term><term lexeme="(" token="LP"><location begcolumn="12" begline="4" endcolumn="12" endline="4" loc="4.12 - 4.12"/></term><term lexeme="c" token="ID"><location begcolumn="13" begline="4" endcolumn="13" endline="4" loc="4.13 - 4.13"/></term><term lexeme=":" token="COLON"><location begcolumn="15" begline="4" endcolumn="15" endline="4" loc="4.15 - 4.15"/></term><term lexeme="char" token="CHAR"><location begcolumn="17" begline="4" endcolumn="20" endline="4" loc="4.17 - 4.20"/></term><term lexeme=")" token="RP"><location begcolumn="21" begline="4" endcolumn="21" endline="4" loc="4.21 - 4.21"/></term><term lexeme=":" token="COLON"><location begcolumn="23" begline="4" endcolumn="23" endline="4" loc="4.23 - 4.23"/></term><term lexeme="char" token="CHAR"><location begcolumn="25" begline="4" endcolumn="28" endline="4" loc="4.25 - 4.28"/></term><term lexeme="=" token="ASSIGN"><location begcolumn="30" begline="4" endcolumn="30" endline="4" loc="4.30 - 4.30"/></term><term lexeme="' '" token="CHARCONST"><location begcolumn="32" begline="4" endcolumn="34" endline="4" loc="4.32 - 4.34"/></term><term lexeme=";" token="SEMICOLON"><location begcolumn="35" begline="4" endcolumn="35" endline="4" loc="4.35 - 4.35"/></term><term lexeme="fun" token="FUN"><location begcolumn="1" begline="6" endcolumn="3" endline="6" loc="6.1 - 6.3"/></term><term lexeme="main" token="ID"><location begcolumn="5" begline="6" endcolumn="8" endline="6" loc="6.5 - 6.8"/></term><term lexeme="(" token="LP"><location begcolumn="9" begline="6" endcolumn="9" endline="6" loc="6.9 - 6.9"/></term><term lexeme=")" token="RP"><location begcolumn="10" begline="6" endcolumn="10" endline="6" loc="6.10 - 6.10"/></term><term lexeme=":" token="COLON"><location begcolumn="12" begline="6" endcolumn="12" endline="6" loc="6.12 - 6.12"/></term><term lexeme="int" token="INT"><location begcolumn="14" begline="6" endcolumn="16" endline="6" loc="6.14 - 6.16"/></term><term lexeme="=" token="ASSIGN"><location begcolumn="18" begline="6" endcolumn="18" endline="6" loc="6.18 - 6.18"/></term><term lexeme="{" token="LBR"><location begcolumn="20" begline="6" endcolumn="20" endline="6" loc="6.20 - 6.20"/></term><term lexeme="i" token="ID"><location begcolumn="5" begline="7" endcolumn="5" endline="7" loc="7.5 - 7.5"/></term><term lexeme="=" token="ASSIGN"><location begcolumn="7" begline="7" endcolumn="7" endline="7" loc="7.7 - 7.7"/></term><term lexeme="10" token="INTEGER"><location begcolumn="9" begline="7" endcolumn="10" endline="7" loc="7.9 - 7.10"/></term><term lexeme=";" token="SEMICOLON"><location begcolumn="11" begline="7" endcolumn="11" endline="7" loc="7.11 - 7.11"/></term><term lexeme="i" token="ID"><location begcolumn="5" begline="9" endcolumn="5" endline="9" loc="9.5 - 9.5"/></term><term lexeme="=" token="ASSIGN"><location begcolumn="7" begline="9" endcolumn="7" endline="9" loc="9.7 - 9.7"/></term><term lexeme="(" token="LP"><location begcolumn="9" begline="9" endcolumn="9" endline="9" loc="9.9 - 9.9"/></term><term lexeme="p" token="ID"><location begcolumn="10" begline="9" endcolumn="10" endline="9" loc="9.10 - 9.10"/></term><term lexeme="(" token="LP"><location begcolumn="11" begline="9" endcolumn="11" endline="9" loc="9.11 - 9.11"/></term><term lexeme="i" token="ID"><location begcolumn="12" begline="9" endcolumn="12" endline="9" loc="9.12 - 9.12"/></term><term lexeme=")" token="RP"><location begcolumn="13" begline="9" endcolumn="13" endline="9" loc="9.13 - 9.13"/></term><term lexeme="&gt;" token="GT"><location begcolumn="15" begline="9" endcolumn="15" endline="9" loc="9.15 - 9.15"/></term><term lexeme="integer" token="ID"><location begcolumn="17" begline="9" endcolumn="23" endline="9" loc="9.17 - 9.23"/></term><term lexeme="[" token="LB"><location begcolumn="24" begline="9" endcolumn="24" endline="9" loc="9.24 - 9.24"/></term><term lexeme="0" token="INTEGER"><location begcolumn="25" begline="9" endcolumn="25" endline="9" loc="9.25 - 9.25"/></term><term lexeme="]" token="RB"><location begcolumn="26" begline="9" endcolumn="26" endline="9" loc="9.26 - 9.26"/></term><term lexeme="where" token="WHERE"><location begcolumn="28" begline="9" endcolumn="32" endline="9" loc="9.28 - 9.32"/></term><term lexeme="var" token="VAR"><location begcolumn="9" begline="10" endcolumn="11" endline="10" loc="10.9 - 10.11"/></term><term lexeme="integer" token="ID"><location begcolumn="13" begline="10" endcolumn="19" endline="10" loc="10.13 - 10.19"/></term><term lexeme=":" token="COLON"><location begcolumn="21" begline="10" endcolumn="21" endline="10" loc="10.21 - 10.21"/></term><term lexeme="[" token="LB"><location begcolumn="23" begline="10" endcolumn="23" endline="10" loc="10.23 - 10.23"/></term><term lexeme="1" token="INTEGER"><location begcolumn="24" begline="10" endcolumn="24" endline="10" loc="10.24 - 10.24"/></term><term lexeme="]" token="RB"><location begcolumn="25" begline="10" endcolumn="25" endline="10" loc="10.25 - 10.25"/></term><term lexeme="int" token="INT"><location begcolumn="26" begline="10" endcolumn="28" endline="10" loc="10.26 - 10.28"/></term><term lexeme=";" token="SEMICOLON"><location begcolumn="29" begline="10" endcolumn="29" endline="10" loc="10.29 - 10.29"/></term><term lexeme="fun" token="FUN"><location begcolumn="9" begline="11" endcolumn="11" endline="11" loc="11.9 - 11.11"/></term><term lexeme="p" token="ID"><location begcolumn="13" begline="11" endcolumn="13" endline="11" loc="11.13 - 11.13"/></term><term lexeme="(" token="LP"><location begcolumn="14" begline="11" endcolumn="14" endline="11" loc="11.14 - 11.14"/></term><term lexeme="num" token="ID"><location begcolumn="15" begline="11" endcolumn="17" endline="11" loc="11.15 - 11.17"/></term><term lexeme=":" token="COLON"><location begcolumn="19" begline="11" endcolumn="19" endline="11" loc="11.19 - 11.19"/></term><term lexeme="int" token="INT"><location begcolumn="21" begline="11" endcolumn="23" endline="11" loc="11.21 - 11.23"/></term><term lexeme=")" token="RP"><location begcolumn="24" begline="11" endcolumn="24" endline="11" loc="11.24 - 11.24"/></term><term lexeme=":" token="COLON"><location begcolumn="26" begline="11" endcolumn="26" endline="11" loc="11.26 - 11.26"/></term><term lexeme="int" token="INT"><location begcolumn="28" begline="11" endcolumn="30" endline="11" loc="11.28 - 11.30"/></term><term lexeme="=" token="ASSIGN"><location begcolumn="32" begline="11" endcolumn="32" endline="11" loc="11.32 - 11.32"/></term><term lexeme="{" token="LBR"><location begcolumn="34" begline="11" endcolumn="34" endline="11" loc="11.34 - 11.34"/></term><term lexeme="integer" token="ID"><location begcolumn="13" begline="12" endcolumn="19" endline="12" loc="12.13 - 12.19"/></term><term lexeme="[" token="LB"><location begcolumn="20" begline="12" endcolumn="20" endline="12" loc="12.20 - 12.20"/></term><term lexeme="0" token="INTEGER"><location begcolumn="21" begline="12" endcolumn="21" endline="12" loc="12.21 - 12.21"/></term><term lexeme="]" token="RB"><location begcolumn="22" begline="12" endcolumn="22" endline="12" loc="12.22 - 12.22"/></term><term lexeme="=" token="ASSIGN"><location begcolumn="24" begline="12" endcolumn="24" endline="12" loc="12.24 - 12.24"/></term><term lexeme="num" token="ID"><location begcolumn="26" begline="12" endcolumn="28" endline="12" loc="12.26 - 12.28"/></term><term lexeme="+" token="ADD"><location begcolumn="30" begline="12" endcolumn="30" endline="12" loc="12.30 - 12.30"/></term><term lexeme="90" token="INTEGER"><location begcolumn="32" begline="12" endcolumn="33" endline="12" loc="12.32 - 12.33"/></term><term lexeme=";" token="SEMICOLON"><location begcolumn="34" begline="12" endcolumn="34" endline="12" loc="12.34 - 12.34"/></term><term lexeme="exit_code" token="ID"><location begcolumn="13" begline="13" endcolumn="21" endline="13" loc="13.13 - 13.21"/></term><term lexeme="=" token="ASSIGN"><location begcolumn="23" begline="13" endcolumn="23" endline="13" loc="13.23 - 13.23"/></term><term lexeme="0" token="INTEGER"><location begcolumn="25" begline="13" endcolumn="25" endline="13" loc="13.25 - 13.25"/></term><term lexeme=";" token="SEMICOLON"><location begcolumn="26" begline="13" endcolumn="26" endline="13" loc="13.26 - 13.26"/></term><term lexeme="if" token="IF"><location begcolumn="13" begline="15" endcolumn="14" endline="15" loc="15.13 - 15.14"/></term><term lexeme="integer" token="ID"><location begcolumn="16" begline="15" endcolumn="22" endline="15" loc="15.16 - 15.22"/></term><term lexeme="[" token="LB"><location begcolumn="23" begline="15" endcolumn="23" endline="15" loc="15.23 - 15.23"/></term><term lexeme="0" token="INTEGER"><location begcolumn="24" begline="15" endcolumn="24" endline="15" loc="15.24 - 15.24"/></term><term lexeme="]" token="RB"><location begcolumn="25" begline="15" endcolumn="25" endline="15" loc="15.25 - 15.25"/></term><term lexeme="&gt;" token="GT"><location begcolumn="27" begline="15" endcolumn="27" endline="15" loc="15.27 - 15.27"/></term><term lexeme="90" token="INTEGER"><location begcolumn="29" begline="15" endcolumn="30" endline="15" loc="15.29 - 15.30"/></term><term lexeme="then" token="THEN"><location begcolumn="32" begline="15" endcolumn="35" endline="15" loc="15.32 - 15.35"/></term><term lexeme="integer" token="ID"><location begcolumn="17" begline="16" endcolumn="23" endline="16" loc="16.17 - 16.23"/></term><term lexeme="[" token="LB"><location begcolumn="24" begline="16" endcolumn="24" endline="16" loc="16.24 - 16.24"/></term><term lexeme="0" token="INTEGER"><location begcolumn="25" begline="16" endcolumn="25" endline="16" loc="16.25 - 16.25"/></term><term lexeme="]" token="RB"><location begcolumn="26" begline="16" endcolumn="26" endline="16" loc="16.26 - 16.26"/></term><term lexeme="=" token="ASSIGN"><location begcolumn="28" begline="16" endcolumn="28" endline="16" loc="16.28 - 16.28"/></term><term lexeme="integer" token="ID"><location begcolumn="30" begline="16" endcolumn="36" endline="16" loc="16.30 - 16.36"/></term><term lexeme="[" token="LB"><location begcolumn="37" begline="16" endcolumn="37" endline="16" loc="16.37 - 16.37"/></term><term lexeme="0" token="INTEGER"><location begcolumn="38" begline="16" endcolumn="38" endline="16" loc="16.38 - 16.38"/></term><term lexeme="]" token="RB"><location begcolumn="39" begline="16" endcolumn="39" endline="16" loc="16.39 - 16.39"/></term><term lexeme="+" token="ADD"><location begcolumn="41" begline="16" endcolumn="41" endline="16" loc="16.41 - 16.41"/></term><term lexeme="200" token="INTEGER"><location begcolumn="43" begline="16" endcolumn="45" endline="16" loc="16.43 - 16.45"/></term><term lexeme=";" token="SEMICOLON"><location begcolumn="46" begline="16" endcolumn="46" endline="16" loc="16.46 - 16.46"/></term><term lexeme="end" token="END"><location begcolumn="13" begline="17" endcolumn="15" endline="17" loc="17.13 - 17.15"/></term><term lexeme=";" token="SEMICOLON"><location begcolumn="16" begline="17" endcolumn="16" endline="17" loc="17.16 - 17.16"/></term><term lexeme="(" token="LP"><location begcolumn="13" begline="19" endcolumn="13" endline="19" loc="19.13 - 19.13"/></term><term lexeme="p2" token="ID"><location begcolumn="15" begline="19" endcolumn="16" endline="19" loc="19.15 - 19.16"/></term><term lexeme="(" token="LP"><location begcolumn="17" begline="19" endcolumn="17" endline="19" loc="19.17 - 19.17"/></term><term lexeme="integer" token="ID"><location begcolumn="18" begline="19" endcolumn="24" endline="19" loc="19.18 - 19.24"/></term><term lexeme="[" token="LB"><location begcolumn="25" begline="19" endcolumn="25" endline="19" loc="19.25 - 19.25"/></term><term lexeme="0" token="INTEGER"><location begcolumn="26" begline="19" endcolumn="26" endline="19" loc="19.26 - 19.26"/></term><term lexeme="]" token="RB"><location begcolumn="27" begline="19" endcolumn="27" endline="19" loc="19.27 - 19.27"/></term><term lexeme=")" token="RP"><location begcolumn="28" begline="19" endcolumn="28" endline="19" loc="19.28 - 19.28"/></term><term lexeme="where" token="WHERE"><location begcolumn="30" begline="19" endcolumn="34" endline="19" loc="19.30 - 19.34"/></term><term lexeme="fun" token="FUN"><location begcolumn="17" begline="20" endcolumn="19" endline="20" loc="20.17 - 20.19"/></term><term lexeme="p2" token="ID"><location begcolumn="21" begline="20" endcolumn="22" endline="20" loc="20.21 - 20.22"/></term><term lexeme="(" token="LP"><location begcolumn="23" begline="20" endcolumn="23" endline="20" loc="20.23 - 20.23"/></term><term lexeme="num2" token="ID"><location begcolumn="24" begline="20" endcolumn="27" endline="20" loc="20.24 - 20.27"/></term><term lexeme=":" token="COLON"><location begcolumn="29" begline="20" endcolumn="29" endline="20" loc="20.29 - 20.29"/></term><term lexeme="int" token="INT"><location begcolumn="31" begline="20" endcolumn="33" endline="20" loc="20.31 - 20.33"/></term><term lexeme=")" token="RP"><location begcolumn="34" begline="20" endcolumn="34" endline="20" loc="20.34 - 20.34"/></term><term lexeme=":" token="COLON"><location begcolumn="36" begline="20" endcolumn="36" endline="20" loc="20.36 - 20.36"/></term><term lexeme="int" token="INT"><location begcolumn="38" begline="20" endcolumn="40" endline="20" loc="20.38 - 20.40"/></term><term lexeme="=" token="ASSIGN"><location begcolumn="42" begline="20" endcolumn="42" endline="20" loc="20.42 - 20.42"/></term><term lexeme="num2" token="ID"><location begcolumn="44" begline="20" endcolumn="47" endline="20" loc="20.44 - 20.47"/></term><term lexeme="+" token="ADD"><location begcolumn="49" begline="20" endcolumn="49" endline="20" loc="20.49 - 20.49"/></term><term lexeme="100" token="INTEGER"><location begcolumn="51" begline="20" endcolumn="53" endline="20" loc="20.51 - 20.53"/></term><term lexeme=";" token="SEMICOLON"><location begcolumn="54" begline="20" endcolumn="54" endline="20" loc="20.54 - 20.54"/></term><term lexeme=")" token="RP"><location begcolumn="13" begline="21" endcolumn="13" endline="21" loc="21.13 - 21.13"/></term><term lexeme=";" token="SEMICOLON"><location begcolumn="14" begline="21" endcolumn="14" endline="21" loc="21.14 - 21.14"/></term><term lexeme="}" token="RBR"><location begcolumn="9" begline="22" endcolumn="9" endline="22" loc="22.9 - 22.9"/></term><term lexeme=";" token="SEMICOLON"><location begcolumn="10" begline="22" endcolumn="10" endline="22" loc="22.10 - 22.10"/></term><term lexeme=")" token="RP"><location begcolumn="5" begline="23" endcolumn="5" endline="23" loc="23.5 - 23.5"/></term><term lexeme=";" token="SEMICOLON"><location begcolumn="6" begline="23" endcolumn="6" endline="23" loc="23.6 - 23.6"/></term><term lexeme="putChar" token="ID"><location begcolumn="5" begline="25" endcolumn="11" endline="25" loc="25.5 - 25.11"/></term><term lexeme="(" token="LP"><location begcolumn="12" begline="25" endcolumn="12" endline="25" loc="25.12 - 25.12"/></term><term lexeme="(" token="LP"><location begcolumn="13" begline="25" endcolumn="13" endline="25" loc="25.13 - 25.13"/></term><term lexeme="i" token="ID"><location begcolumn="14" begline="25" endcolumn="14" endline="25" loc="25.14 - 25.14"/></term><term lexeme="+" token="ADD"><location begcolumn="16" begline="25" endcolumn="16" endline="25" loc="25.16 - 25.16"/></term><term lexeme="48" token="INTEGER"><location begcolumn="18" begline="25" endcolumn="19" endline="25" loc="25.18 - 25.19"/></term><term lexeme=":" token="COLON"><location begcolumn="21" begline="25" endcolumn="21" endline="25" loc="25.21 - 25.21"/></term><term lexeme="char" token="CHAR"><location begcolumn="23" begline="25" endcolumn="26" endline="25" loc="25.23 - 25.26"/></term><term lexeme=")" token="RP"><location begcolumn="27" begline="25" endcolumn="27" endline="25" loc="25.27 - 25.27"/></term><term lexeme=")" token="RP"><location begcolumn="28" begline="25" endcolumn="28" endline="25" loc="25.28 - 25.28"/></term><term lexeme=";" token="SEMICOLON"><location begcolumn="29" begline="25" endcolumn="29" endline="25" loc="25.29 - 25.29"/></term><term lexeme="exit_code" token="ID"><location begcolumn="5" begline="26" endcolumn="13" endline="26" loc="26.5 - 26.13"/></term><term lexeme=";" token="SEMICOLON"><location begcolumn="14" begline="26" endcolumn="14" endline="26" loc="26.14 - 26.14"/></term><term lexeme="}" token="RBR"><location begcolumn="1" begline="27" endcolumn="1" endline="27" loc="27.1 - 27.1"/></term><term lexeme=";" token="SEMICOLON"><location begcolumn="2" begline="27" endcolumn="2" endline="27" loc="27.2 - 27.2"/></term><term lexeme="" token="EOF"/></lexan>