<?xml version="1.0" encoding="UTF-8" standalone="no"?><?xml-stylesheet type="text/xsl" href="../lib/xsl/lexan.xsl"?><lexan><term lexeme="typ" token="TYP"><location begcolumn="1" begline="4" endcolumn="3" endline="4" loc="4.1 - 4.3"/></term><term lexeme="table" token="ID"><location begcolumn="5" begline="4" endcolumn="9" endline="4" loc="4.5 - 4.9"/></term><term lexeme="=" token="ASSIGN"><location begcolumn="11" begline="4" endcolumn="11" endline="4" loc="4.11 - 4.11"/></term><term lexeme="[" token="LB"><location begcolumn="13" begline="4" endcolumn="13" endline="4" loc="4.13 - 4.13"/></term><term lexeme="50" token="INTEGER"><location begcolumn="14" begline="4" endcolumn="15" endline="4" loc="4.14 - 4.15"/></term><term lexeme="]" token="RB"><location begcolumn="16" begline="4" endcolumn="16" endline="4" loc="4.16 - 4.16"/></term><term lexeme="int" token="INT"><location begcolumn="17" begline="4" endcolumn="19" endline="4" loc="4.17 - 4.19"/></term><term lexeme=";" token="SEMICOLON"><location begcolumn="20" begline="4" endcolumn="20" endline="4" loc="4.20 - 4.20"/></term><term lexeme="typ" token="TYP"><location begcolumn="1" begline="5" endcolumn="3" endline="5" loc="5.1 - 5.3"/></term><term lexeme="integer" token="ID"><location begcolumn="5" begline="5" endcolumn="11" endline="5" loc="5.5 - 5.11"/></term><term lexeme="=" token="ASSIGN"><location begcolumn="13" begline="5" endcolumn="13" endline="5" loc="5.13 - 5.13"/></term><term lexeme="int" token="INT"><location begcolumn="15" begline="5" endcolumn="17" endline="5" loc="5.15 - 5.17"/></term><term lexeme=";" token="SEMICOLON"><location begcolumn="18" begline="5" endcolumn="18" endline="5" loc="5.18 - 5.18"/></term><term lexeme="var" token="VAR"><location begcolumn="1" begline="7" endcolumn="3" endline="7" loc="7.1 - 7.3"/></term><term lexeme="i" token="ID"><location begcolumn="5" begline="7" endcolumn="5" endline="7" loc="7.5 - 7.5"/></term><term lexeme=":" token="COLON"><location begcolumn="7" begline="7" endcolumn="7" endline="7" loc="7.7 - 7.7"/></term><term lexeme="table" token="ID"><location begcolumn="9" begline="7" endcolumn="13" endline="7" loc="7.9 - 7.13"/></term><term lexeme=";" token="SEMICOLON"><location begcolumn="14" begline="7" endcolumn="14" endline="7" loc="7.14 - 7.14"/></term><term lexeme="var" token="VAR"><location begcolumn="1" begline="8" endcolumn="3" endline="8" loc="8.1 - 8.3"/></term><term lexeme="index" token="ID"><location begcolumn="5" begline="8" endcolumn="9" endline="8" loc="8.5 - 8.9"/></term><term lexeme=":" token="COLON"><location begcolumn="11" begline="8" endcolumn="11" endline="8" loc="8.11 - 8.11"/></term><term lexeme="integer" token="ID"><location begcolumn="13" begline="8" endcolumn="19" endline="8" loc="8.13 - 8.19"/></term><term lexeme=";" token="SEMICOLON"><location begcolumn="20" begline="8" endcolumn="20" endline="8" loc="8.20 - 8.20"/></term><term lexeme="fun" token="FUN"><location begcolumn="1" begline="10" endcolumn="3" endline="10" loc="10.1 - 10.3"/></term><term lexeme="printInt" token="ID"><location begcolumn="5" begline="10" endcolumn="12" endline="10" loc="10.5 - 10.12"/></term><term lexeme="(" token="LP"><location begcolumn="13" begline="10" endcolumn="13" endline="10" loc="10.13 - 10.13"/></term><term lexeme="integer" token="ID"><location begcolumn="14" begline="10" endcolumn="20" endline="10" loc="10.14 - 10.20"/></term><term lexeme=":" token="COLON"><location begcolumn="22" begline="10" endcolumn="22" endline="10" loc="10.22 - 10.22"/></term><term lexeme="int" token="INT"><location begcolumn="24" begline="10" endcolumn="26" endline="10" loc="10.24 - 10.26"/></term><term lexeme=")" token="RP"><location begcolumn="27" begline="10" endcolumn="27" endline="10" loc="10.27 - 10.27"/></term><term lexeme=":" token="COLON"><location begcolumn="29" begline="10" endcolumn="29" endline="10" loc="10.29 - 10.29"/></term><term lexeme="int" token="INT"><location begcolumn="31" begline="10" endcolumn="33" endline="10" loc="10.31 - 10.33"/></term><term lexeme="=" token="ASSIGN"><location begcolumn="35" begline="10" endcolumn="35" endline="10" loc="10.35 - 10.35"/></term><term lexeme="integer" token="ID"><location begcolumn="37" begline="10" endcolumn="43" endline="10" loc="10.37 - 10.43"/></term><term lexeme=";" token="SEMICOLON"><location begcolumn="44" begline="10" endcolumn="44" endline="10" loc="10.44 - 10.44"/></term><term lexeme="fun" token="FUN"><location begcolumn="1" begline="12" endcolumn="3" endline="12" loc="12.1 - 12.3"/></term><term lexeme="main" token="ID"><location begcolumn="5" begline="12" endcolumn="8" endline="12" loc="12.5 - 12.8"/></term><term lexeme="(" token="LP"><location begcolumn="9" begline="12" endcolumn="9" endline="12" loc="12.9 - 12.9"/></term><term lexeme=")" token="RP"><location begcolumn="10" begline="12" endcolumn="10" endline="12" loc="12.10 - 12.10"/></term><term lexeme=":" token="COLON"><location begcolumn="12" begline="12" endcolumn="12" endline="12" loc="12.12 - 12.12"/></term><term lexeme="int" token="INT"><location begcolumn="14" begline="12" endcolumn="16" endline="12" loc="12.14 - 12.16"/></term><term lexeme="=" token="ASSIGN"><location begcolumn="18" begline="12" endcolumn="18" endline="12" loc="12.18 - 12.18"/></term><term lexeme="{" token="LBR"><location begcolumn="20" begline="12" endcolumn="20" endline="12" loc="12.20 - 12.20"/></term><term lexeme="index" token="ID"><location begcolumn="5" begline="13" endcolumn="9" endline="13" loc="13.5 - 13.9"/></term><term lexeme="=" token="ASSIGN"><location begcolumn="11" begline="13" endcolumn="11" endline="13" loc="13.11 - 13.11"/></term><term lexeme="2" token="INTEGER"><location begcolumn="13" begline="13" endcolumn="13" endline="13" loc="13.13 - 13.13"/></term><term lexeme=";" token="SEMICOLON"><location begcolumn="14" begline="13" endcolumn="14" endline="13" loc="13.14 - 13.14"/></term><term lexeme="i" token="ID"><location begcolumn="5" begline="14" endcolumn="5" endline="14" loc="14.5 - 14.5"/></term><term lexeme="[" token="LB"><location begcolumn="6" begline="14" endcolumn="6" endline="14" loc="14.6 - 14.6"/></term><term lexeme="0" token="INTEGER"><location begcolumn="7" begline="14" endcolumn="7" endline="14" loc="14.7 - 14.7"/></term><term lexeme="]" token="RB"><location begcolumn="8" begline="14" endcolumn="8" endline="14" loc="14.8 - 14.8"/></term><term lexeme="=" token="ASSIGN"><location begcolumn="10" begline="14" endcolumn="10" endline="14" loc="14.10 - 14.10"/></term><term lexeme="0" token="INTEGER"><location begcolumn="12" begline="14" endcolumn="12" endline="14" loc="14.12 - 14.12"/></term><term lexeme=";" token="SEMICOLON"><location begcolumn="13" begline="14" endcolumn="13" endline="14" loc="14.13 - 14.13"/></term><term lexeme="i" token="ID"><location begcolumn="5" begline="15" endcolumn="5" endline="15" loc="15.5 - 15.5"/></term><term lexeme="[" token="LB"><location begcolumn="6" begline="15" endcolumn="6" endline="15" loc="15.6 - 15.6"/></term><term lexeme="1" token="INTEGER"><location begcolumn="7" begline="15" endcolumn="7" endline="15" loc="15.7 - 15.7"/></term><term lexeme="]" token="RB"><location begcolumn="8" begline="15" endcolumn="8" endline="15" loc="15.8 - 15.8"/></term><term lexeme="=" token="ASSIGN"><location begcolumn="10" begline="15" endcolumn="10" endline="15" loc="15.10 - 15.10"/></term><term lexeme="1" token="INTEGER"><location begcolumn="12" begline="15" endcolumn="12" endline="15" loc="15.12 - 15.12"/></term><term lexeme=";" token="SEMICOLON"><location begcolumn="13" begline="15" endcolumn="13" endline="15" loc="15.13 - 15.13"/></term><term lexeme="while" token="WHILE"><location begcolumn="5" begline="17" endcolumn="9" endline="17" loc="17.5 - 17.9"/></term><term lexeme="index" token="ID"><location begcolumn="11" begline="17" endcolumn="15" endline="17" loc="17.11 - 17.15"/></term><term lexeme="&lt;" token="LT"><location begcolumn="17" begline="17" endcolumn="17" endline="17" loc="17.17 - 17.17"/></term><term lexeme="50" token="INTEGER"><location begcolumn="19" begline="17" endcolumn="20" endline="17" loc="17.19 - 17.20"/></term><term lexeme="do" token="DO"><location begcolumn="22" begline="17" endcolumn="23" endline="17" loc="17.22 - 17.23"/></term><term lexeme="i" token="ID"><location begcolumn="9" begline="18" endcolumn="9" endline="18" loc="18.9 - 18.9"/></term><term lexeme="[" token="LB"><location begcolumn="10" begline="18" endcolumn="10" endline="18" loc="18.10 - 18.10"/></term><term lexeme="index" token="ID"><location begcolumn="11" begline="18" endcolumn="15" endline="18" loc="18.11 - 18.15"/></term><term lexeme="]" token="RB"><location begcolumn="16" begline="18" endcolumn="16" endline="18" loc="18.16 - 18.16"/></term><term lexeme="=" token="ASSIGN"><location begcolumn="18" begline="18" endcolumn="18" endline="18" loc="18.18 - 18.18"/></term><term lexeme="i" token="ID"><location begcolumn="20" begline="18" endcolumn="20" endline="18" loc="18.20 - 18.20"/></term><term lexeme="[" token="LB"><location begcolumn="21" begline="18" endcolumn="21" endline="18" loc="18.21 - 18.21"/></term><term lexeme="index" token="ID"><location begcolumn="22" begline="18" endcolumn="26" endline="18" loc="18.22 - 18.26"/></term><term lexeme="-" token="MINUS"><location begcolumn="28" begline="18" endcolumn="28" endline="18" loc="18.28 - 18.28"/></term><term lexeme="1" token="INTEGER"><location begcolumn="30" begline="18" endcolumn="30" endline="18" loc="18.30 - 18.30"/></term><term lexeme="]" token="RB"><location begcolumn="31" begline="18" endcolumn="31" endline="18" loc="18.31 - 18.31"/></term><term lexeme="+" token="ADD"><location begcolumn="33" begline="18" endcolumn="33" endline="18" loc="18.33 - 18.33"/></term><term lexeme="i" token="ID"><location begcolumn="35" begline="18" endcolumn="35" endline="18" loc="18.35 - 18.35"/></term><term lexeme="[" token="LB"><location begcolumn="36" begline="18" endcolumn="36" endline="18" loc="18.36 - 18.36"/></term><term lexeme="index" token="ID"><location begcolumn="37" begline="18" endcolumn="41" endline="18" loc="18.37 - 18.41"/></term><term lexeme="-" token="MINUS"><location begcolumn="43" begline="18" endcolumn="43" endline="18" loc="18.43 - 18.43"/></term><term lexeme="2" token="INTEGER"><location begcolumn="45" begline="18" endcolumn="45" endline="18" loc="18.45 - 18.45"/></term><term lexeme="]" token="RB"><location begcolumn="46" begline="18" endcolumn="46" endline="18" loc="18.46 - 18.46"/></term><term lexeme=";" token="SEMICOLON"><location begcolumn="47" begline="18" endcolumn="47" endline="18" loc="18.47 - 18.47"/></term><term lexeme="index" token="ID"><location begcolumn="9" begline="19" endcolumn="13" endline="19" loc="19.9 - 19.13"/></term><term lexeme="=" token="ASSIGN"><location begcolumn="15" begline="19" endcolumn="15" endline="19" loc="19.15 - 19.15"/></term><term lexeme="index" token="ID"><location begcolumn="17" begline="19" endcolumn="21" endline="19" loc="19.17 - 19.21"/></term><term lexeme="+" token="ADD"><location begcolumn="23" begline="19" endcolumn="23" endline="19" loc="19.23 - 19.23"/></term><term lexeme="1" token="INTEGER"><location begcolumn="25" begline="19" endcolumn="25" endline="19" loc="19.25 - 19.25"/></term><term lexeme=";" token="SEMICOLON"><location begcolumn="26" begline="19" endcolumn="26" endline="19" loc="19.26 - 19.26"/></term><term lexeme="end" token="END"><location begcolumn="5" begline="20" endcolumn="7" endline="20" loc="20.5 - 20.7"/></term><term lexeme=";" token="SEMICOLON"><location begcolumn="8" begline="20" endcolumn="8" endline="20" loc="20.8 - 20.8"/></term><term lexeme="printInt" token="ID"><location begcolumn="5" begline="22" endcolumn="12" endline="22" loc="22.5 - 22.12"/></term><term lexeme="(" token="LP"><location begcolumn="13" begline="22" endcolumn="13" endline="22" loc="22.13 - 22.13"/></term><term lexeme="i" token="ID"><location begcolumn="14" begline="22" endcolumn="14" endline="22" loc="22.14 - 22.14"/></term><term lexeme="[" token="LB"><location begcolumn="15" begline="22" endcolumn="15" endline="22" loc="22.15 - 22.15"/></term><term lexeme="49" token="INTEGER"><location begcolumn="16" begline="22" endcolumn="17" endline="22" loc="22.16 - 22.17"/></term><term lexeme="]" token="RB"><location begcolumn="18" begline="22" endcolumn="18" endline="22" loc="22.18 - 22.18"/></term><term lexeme=")" token="RP"><location begcolumn="19" begline="22" endcolumn="19" endline="22" loc="22.19 - 22.19"/></term><term lexeme=";" token="SEMICOLON"><location begcolumn="20" begline="22" endcolumn="20" endline="22" loc="22.20 - 22.20"/></term><term lexeme="}" token="RBR"><location begcolumn="1" begline="23" endcolumn="1" endline="23" loc="23.1 - 23.1"/></term><term lexeme=";" token="SEMICOLON"><location begcolumn="2" begline="23" endcolumn="2" endline="23" loc="23.2 - 23.2"/></term><term lexeme="" token="EOF"/></lexan>