<?xml version="1.0" encoding="UTF-8" standalone="no"?><?xml-stylesheet type="text/xsl" href="../lib/xsl/lexan.xsl"?><lexan><term lexeme="var" token="VAR"><location begcolumn="1" begline="1" endcolumn="3" endline="1" loc="1.1 - 1.3"/></term><term lexeme="i" token="ID"><location begcolumn="5" begline="1" endcolumn="5" endline="1" loc="1.5 - 1.5"/></term><term lexeme=":" token="COLON"><location begcolumn="7" begline="1" endcolumn="7" endline="1" loc="1.7 - 1.7"/></term><term lexeme="int" token="INT"><location begcolumn="9" begline="1" endcolumn="11" endline="1" loc="1.9 - 1.11"/></term><term lexeme=";" token="SEMICOLON"><location begcolumn="12" begline="1" endcolumn="12" endline="1" loc="1.12 - 1.12"/></term><term lexeme="var" token="VAR"><location begcolumn="1" begline="2" endcolumn="3" endline="2" loc="2.1 - 2.3"/></term><term lexeme="n" token="ID"><location begcolumn="5" begline="2" endcolumn="5" endline="2" loc="2.5 - 2.5"/></term><term lexeme=":" token="COLON"><location begcolumn="7" begline="2" endcolumn="7" endline="2" loc="2.7 - 2.7"/></term><term lexeme="int" token="INT"><location begcolumn="9" begline="2" endcolumn="11" endline="2" loc="2.9 - 2.11"/></term><term lexeme=";" token="SEMICOLON"><location begcolumn="12" begline="2" endcolumn="12" endline="2" loc="2.12 - 2.12"/></term><term lexeme="fun" token="FUN"><location begcolumn="1" begline="4" endcolumn="3" endline="4" loc="4.1 - 4.3"/></term><term lexeme="calculation" token="ID"><location begcolumn="5" begline="4" endcolumn="15" endline="4" loc="4.5 - 4.15"/></term><term lexeme="(" token="LP"><location begcolumn="16" begline="4" endcolumn="16" endline="4" loc="4.16 - 4.16"/></term><term lexeme="number" token="ID"><location begcolumn="17" begline="4" endcolumn="22" endline="4" loc="4.17 - 4.22"/></term><term lexeme=":" token="COLON"><location begcolumn="24" begline="4" endcolumn="24" endline="4" loc="4.24 - 4.24"/></term><term lexeme="int" token="INT"><location begcolumn="26" begline="4" endcolumn="28" endline="4" loc="4.26 - 4.28"/></term><term lexeme=")" token="RP"><location begcolumn="29" begline="4" endcolumn="29" endline="4" loc="4.29 - 4.29"/></term><term lexeme=":" token="COLON"><location begcolumn="31" begline="4" endcolumn="31" endline="4" loc="4.31 - 4.31"/></term><term lexeme="int" token="INT"><location begcolumn="33" begline="4" endcolumn="35" endline="4" loc="4.33 - 4.35"/></term><term lexeme="=" token="ASSIGN"><location begcolumn="37" begline="4" endcolumn="37" endline="4" loc="4.37 - 4.37"/></term><term lexeme="(" token="LP"><location begcolumn="39" begline="4" endcolumn="39" endline="4" loc="4.39 - 4.39"/></term><term lexeme="p" token="ID"><location begcolumn="5" begline="5" endcolumn="5" endline="5" loc="5.5 - 5.5"/></term><term lexeme="(" token="LP"><location begcolumn="6" begline="5" endcolumn="6" endline="5" loc="5.6 - 5.6"/></term><term lexeme="number" token="ID"><location begcolumn="7" begline="5" endcolumn="12" endline="5" loc="5.7 - 5.12"/></term><term lexeme=")" token="RP"><location begcolumn="13" begline="5" endcolumn="13" endline="5" loc="5.13 - 5.13"/></term><term lexeme="where" token="WHERE"><location begcolumn="15" begline="5" endcolumn="19" endline="5" loc="5.15 - 5.19"/></term><term lexeme="var" token="VAR"><location begcolumn="9" begline="6" endcolumn="11" endline="6" loc="6.9 - 6.11"/></term><term lexeme="integer" token="ID"><location begcolumn="13" begline="6" endcolumn="19" endline="6" loc="6.13 - 6.19"/></term><term lexeme=":" token="COLON"><location begcolumn="21" begline="6" endcolumn="21" endline="6" loc="6.21 - 6.21"/></term><term lexeme="int" token="INT"><location begcolumn="23" begline="6" endcolumn="25" endline="6" loc="6.23 - 6.25"/></term><term lexeme=";" token="SEMICOLON"><location begcolumn="26" begline="6" endcolumn="26" endline="6" loc="6.26 - 6.26"/></term><term lexeme="fun" token="FUN"><location begcolumn="9" begline="7" endcolumn="11" endline="7" loc="7.9 - 7.11"/></term><term lexeme="p" token="ID"><location begcolumn="13" begline="7" endcolumn="13" endline="7" loc="7.13 - 7.13"/></term><term lexeme="(" token="LP"><location begcolumn="14" begline="7" endcolumn="14" endline="7" loc="7.14 - 7.14"/></term><term lexeme="num" token="ID"><location begcolumn="15" begline="7" endcolumn="17" endline="7" loc="7.15 - 7.17"/></term><term lexeme=":" token="COLON"><location begcolumn="19" begline="7" endcolumn="19" endline="7" loc="7.19 - 7.19"/></term><term lexeme="int" token="INT"><location begcolumn="21" begline="7" endcolumn="23" endline="7" loc="7.21 - 7.23"/></term><term lexeme=")" token="RP"><location begcolumn="24" begline="7" endcolumn="24" endline="7" loc="7.24 - 7.24"/></term><term lexeme=":" token="COLON"><location begcolumn="26" begline="7" endcolumn="26" endline="7" loc="7.26 - 7.26"/></term><term lexeme="int" token="INT"><location begcolumn="28" begline="7" endcolumn="30" endline="7" loc="7.28 - 7.30"/></term><term lexeme="=" token="ASSIGN"><location begcolumn="32" begline="7" endcolumn="32" endline="7" loc="7.32 - 7.32"/></term><term lexeme="{" token="LBR"><location begcolumn="34" begline="7" endcolumn="34" endline="7" loc="7.34 - 7.34"/></term><term lexeme="i" token="ID"><location begcolumn="13" begline="8" endcolumn="13" endline="8" loc="8.13 - 8.13"/></term><term lexeme="=" token="ASSIGN"><location begcolumn="15" begline="8" endcolumn="15" endline="8" loc="8.15 - 8.15"/></term><term lexeme="50" token="INTEGER"><location begcolumn="17" begline="8" endcolumn="18" endline="8" loc="8.17 - 8.18"/></term><term lexeme=";" token="SEMICOLON"><location begcolumn="19" begline="8" endcolumn="19" endline="8" loc="8.19 - 8.19"/></term><term lexeme="integer" token="ID"><location begcolumn="13" begline="9" endcolumn="19" endline="9" loc="9.13 - 9.19"/></term><term lexeme="=" token="ASSIGN"><location begcolumn="21" begline="9" endcolumn="21" endline="9" loc="9.21 - 9.21"/></term><term lexeme="num" token="ID"><location begcolumn="23" begline="9" endcolumn="25" endline="9" loc="9.23 - 9.25"/></term><term lexeme="+" token="ADD"><location begcolumn="27" begline="9" endcolumn="27" endline="9" loc="9.27 - 9.27"/></term><term lexeme="90" token="INTEGER"><location begcolumn="29" begline="9" endcolumn="30" endline="9" loc="9.29 - 9.30"/></term><term lexeme="+" token="ADD"><location begcolumn="32" begline="9" endcolumn="32" endline="9" loc="9.32 - 9.32"/></term><term lexeme="(" token="LP"><location begcolumn="34" begline="9" endcolumn="34" endline="9" loc="9.34 - 9.34"/></term><term lexeme="-" token="MINUS"><location begcolumn="35" begline="9" endcolumn="35" endline="9" loc="9.35 - 9.35"/></term><term lexeme="(" token="LP"><location begcolumn="36" begline="9" endcolumn="36" endline="9" loc="9.36 - 9.36"/></term><term lexeme="-" token="MINUS"><location begcolumn="37" begline="9" endcolumn="37" endline="9" loc="9.37 - 9.37"/></term><term lexeme="i" token="ID"><location begcolumn="38" begline="9" endcolumn="38" endline="9" loc="9.38 - 9.38"/></term><term lexeme=")" token="RP"><location begcolumn="39" begline="9" endcolumn="39" endline="9" loc="9.39 - 9.39"/></term><term lexeme=")" token="RP"><location begcolumn="40" begline="9" endcolumn="40" endline="9" loc="9.40 - 9.40"/></term><term lexeme=";" token="SEMICOLON"><location begcolumn="41" begline="9" endcolumn="41" endline="9" loc="9.41 - 9.41"/></term><term lexeme="(" token="LP"><location begcolumn="13" begline="10" endcolumn="13" endline="10" loc="10.13 - 10.13"/></term><term lexeme="p2" token="ID"><location begcolumn="15" begline="10" endcolumn="16" endline="10" loc="10.15 - 10.16"/></term><term lexeme="(" token="LP"><location begcolumn="17" begline="10" endcolumn="17" endline="10" loc="10.17 - 10.17"/></term><term lexeme="integer" token="ID"><location begcolumn="18" begline="10" endcolumn="24" endline="10" loc="10.18 - 10.24"/></term><term lexeme=")" token="RP"><location begcolumn="25" begline="10" endcolumn="25" endline="10" loc="10.25 - 10.25"/></term><term lexeme="where" token="WHERE"><location begcolumn="27" begline="10" endcolumn="31" endline="10" loc="10.27 - 10.31"/></term><term lexeme="fun" token="FUN"><location begcolumn="17" begline="11" endcolumn="19" endline="11" loc="11.17 - 11.19"/></term><term lexeme="p2" token="ID"><location begcolumn="21" begline="11" endcolumn="22" endline="11" loc="11.21 - 11.22"/></term><term lexeme="(" token="LP"><location begcolumn="23" begline="11" endcolumn="23" endline="11" loc="11.23 - 11.23"/></term><term lexeme="num" token="ID"><location begcolumn="24" begline="11" endcolumn="26" endline="11" loc="11.24 - 11.26"/></term><term lexeme=":" token="COLON"><location begcolumn="28" begline="11" endcolumn="28" endline="11" loc="11.28 - 11.28"/></term><term lexeme="int" token="INT"><location begcolumn="30" begline="11" endcolumn="32" endline="11" loc="11.30 - 11.32"/></term><term lexeme=")" token="RP"><location begcolumn="33" begline="11" endcolumn="33" endline="11" loc="11.33 - 11.33"/></term><term lexeme=":" token="COLON"><location begcolumn="35" begline="11" endcolumn="35" endline="11" loc="11.35 - 11.35"/></term><term lexeme="int" token="INT"><location begcolumn="37" begline="11" endcolumn="39" endline="11" loc="11.37 - 11.39"/></term><term lexeme="=" token="ASSIGN"><location begcolumn="41" begline="11" endcolumn="41" endline="11" loc="11.41 - 11.41"/></term><term lexeme="i" token="ID"><location begcolumn="43" begline="11" endcolumn="43" endline="11" loc="11.43 - 11.43"/></term><term lexeme="+" token="ADD"><location begcolumn="45" begline="11" endcolumn="45" endline="11" loc="11.45 - 11.45"/></term><term lexeme="num" token="ID"><location begcolumn="47" begline="11" endcolumn="49" endline="11" loc="11.47 - 11.49"/></term><term lexeme=";" token="SEMICOLON"><location begcolumn="50" begline="11" endcolumn="50" endline="11" loc="11.50 - 11.50"/></term><term lexeme=")" token="RP"><location begcolumn="13" begline="12" endcolumn="13" endline="12" loc="12.13 - 12.13"/></term><term lexeme=";" token="SEMICOLON"><location begcolumn="14" begline="12" endcolumn="14" endline="12" loc="12.14 - 12.14"/></term><term lexeme="}" token="RBR"><location begcolumn="9" begline="13" endcolumn="9" endline="13" loc="13.9 - 13.9"/></term><term lexeme=";" token="SEMICOLON"><location begcolumn="10" begline="13" endcolumn="10" endline="13" loc="13.10 - 13.10"/></term><term lexeme=")" token="RP"><location begcolumn="5" begline="14" endcolumn="5" endline="14" loc="14.5 - 14.5"/></term><term lexeme=";" token="SEMICOLON"><location begcolumn="6" begline="14" endcolumn="6" endline="14" loc="14.6 - 14.6"/></term><term lexeme="fun" token="FUN"><location begcolumn="1" begline="16" endcolumn="3" endline="16" loc="16.1 - 16.3"/></term><term lexeme="printInt" token="ID"><location begcolumn="5" begline="16" endcolumn="12" endline="16" loc="16.5 - 16.12"/></term><term lexeme="(" token="LP"><location begcolumn="13" begline="16" endcolumn="13" endline="16" loc="16.13 - 16.13"/></term><term lexeme="integer" token="ID"><location begcolumn="14" begline="16" endcolumn="20" endline="16" loc="16.14 - 16.20"/></term><term lexeme=":" token="COLON"><location begcolumn="22" begline="16" endcolumn="22" endline="16" loc="16.22 - 16.22"/></term><term lexeme="int" token="INT"><location begcolumn="24" begline="16" endcolumn="26" endline="16" loc="16.24 - 16.26"/></term><term lexeme=")" token="RP"><location begcolumn="27" begline="16" endcolumn="27" endline="16" loc="16.27 - 16.27"/></term><term lexeme=":" token="COLON"><location begcolumn="29" begline="16" endcolumn="29" endline="16" loc="16.29 - 16.29"/></term><term lexeme="int" token="INT"><location begcolumn="31" begline="16" endcolumn="33" endline="16" loc="16.31 - 16.33"/></term><term lexeme="=" token="ASSIGN"><location begcolumn="35" begline="16" endcolumn="35" endline="16" loc="16.35 - 16.35"/></term><term lexeme="integer" token="ID"><location begcolumn="37" begline="16" endcolumn="43" endline="16" loc="16.37 - 16.43"/></term><term lexeme=";" token="SEMICOLON"><location begcolumn="44" begline="16" endcolumn="44" endline="16" loc="16.44 - 16.44"/></term><term lexeme="fun" token="FUN"><location begcolumn="1" begline="18" endcolumn="3" endline="18" loc="18.1 - 18.3"/></term><term lexeme="main" token="ID"><location begcolumn="5" begline="18" endcolumn="8" endline="18" loc="18.5 - 18.8"/></term><term lexeme="(" token="LP"><location begcolumn="9" begline="18" endcolumn="9" endline="18" loc="18.9 - 18.9"/></term><term lexeme=")" token="RP"><location begcolumn="10" begline="18" endcolumn="10" endline="18" loc="18.10 - 18.10"/></term><term lexeme=":" token="COLON"><location begcolumn="12" begline="18" endcolumn="12" endline="18" loc="18.12 - 18.12"/></term><term lexeme="int" token="INT"><location begcolumn="14" begline="18" endcolumn="16" endline="18" loc="18.14 - 18.16"/></term><term lexeme="=" token="ASSIGN"><location begcolumn="18" begline="18" endcolumn="18" endline="18" loc="18.18 - 18.18"/></term><term lexeme="{" token="LBR"><location begcolumn="20" begline="18" endcolumn="20" endline="18" loc="18.20 - 18.20"/></term><term lexeme="n" token="ID"><location begcolumn="5" begline="19" endcolumn="5" endline="19" loc="19.5 - 19.5"/></term><term lexeme="=" token="ASSIGN"><location begcolumn="7" begline="19" endcolumn="7" endline="19" loc="19.7 - 19.7"/></term><term lexeme="15" token="INTEGER"><location begcolumn="9" begline="19" endcolumn="10" endline="19" loc="19.9 - 19.10"/></term><term lexeme=";" token="SEMICOLON"><location begcolumn="11" begline="19" endcolumn="11" endline="19" loc="19.11 - 19.11"/></term><term lexeme="i" token="ID"><location begcolumn="5" begline="20" endcolumn="5" endline="20" loc="20.5 - 20.5"/></term><term lexeme="=" token="ASSIGN"><location begcolumn="7" begline="20" endcolumn="7" endline="20" loc="20.7 - 20.7"/></term><term lexeme="(" token="LP"><location begcolumn="9" begline="20" endcolumn="9" endline="20" loc="20.9 - 20.9"/></term><term lexeme="n" token="ID"><location begcolumn="10" begline="20" endcolumn="10" endline="20" loc="20.10 - 20.10"/></term><term lexeme="&lt;" token="LT"><location begcolumn="12" begline="20" endcolumn="12" endline="20" loc="20.12 - 20.12"/></term><term lexeme="20" token="INTEGER"><location begcolumn="14" begline="20" endcolumn="15" endline="20" loc="20.14 - 20.15"/></term><term lexeme=")" token="RP"><location begcolumn="16" begline="20" endcolumn="16" endline="20" loc="20.16 - 20.16"/></term><term lexeme="*" token="MUL"><location begcolumn="18" begline="20" endcolumn="18" endline="20" loc="20.18 - 20.18"/></term><term lexeme="5" token="INTEGER"><location begcolumn="20" begline="20" endcolumn="20" endline="20" loc="20.20 - 20.20"/></term><term lexeme="+" token="ADD"><location begcolumn="22" begline="20" endcolumn="22" endline="20" loc="20.22 - 20.22"/></term><term lexeme="5" token="INTEGER"><location begcolumn="24" begline="20" endcolumn="24" endline="20" loc="20.24 - 20.24"/></term><term lexeme=";" token="SEMICOLON"><location begcolumn="25" begline="20" endcolumn="25" endline="20" loc="20.25 - 20.25"/></term><term lexeme="i" token="ID"><location begcolumn="5" begline="22" endcolumn="5" endline="22" loc="22.5 - 22.5"/></term><term lexeme="=" token="ASSIGN"><location begcolumn="7" begline="22" endcolumn="7" endline="22" loc="22.7 - 22.7"/></term><term lexeme="calculation" token="ID"><location begcolumn="9" begline="22" endcolumn="19" endline="22" loc="22.9 - 22.19"/></term><term lexeme="(" token="LP"><location begcolumn="20" begline="22" endcolumn="20" endline="22" loc="22.20 - 22.20"/></term><term lexeme="i" token="ID"><location begcolumn="21" begline="22" endcolumn="21" endline="22" loc="22.21 - 22.21"/></term><term lexeme=")" token="RP"><location begcolumn="22" begline="22" endcolumn="22" endline="22" loc="22.22 - 22.22"/></term><term lexeme=";" token="SEMICOLON"><location begcolumn="23" begline="22" endcolumn="23" endline="22" loc="22.23 - 22.23"/></term><term lexeme="printInt" token="ID"><location begcolumn="5" begline="24" endcolumn="12" endline="24" loc="24.5 - 24.12"/></term><term lexeme="(" token="LP"><location begcolumn="13" begline="24" endcolumn="13" endline="24" loc="24.13 - 24.13"/></term><term lexeme="i" token="ID"><location begcolumn="14" begline="24" endcolumn="14" endline="24" loc="24.14 - 24.14"/></term><term lexeme=")" token="RP"><location begcolumn="15" begline="24" endcolumn="15" endline="24" loc="24.15 - 24.15"/></term><term lexeme=";" token="SEMICOLON"><location begcolumn="16" begline="24" endcolumn="16" endline="24" loc="24.16 - 24.16"/></term><term lexeme="}" token="RBR"><location begcolumn="1" begline="25" endcolumn="1" endline="25" loc="25.1 - 25.1"/></term><term lexeme=";" token="SEMICOLON"><location begcolumn="2" begline="25" endcolumn="2" endline="25" loc="25.2 - 25.2"/></term><term lexeme="" token="EOF"/></lexan>