<?xml version="1.0" encoding="UTF-8" standalone="no"?><?xml-stylesheet type="text/xsl" href="../lib/xsl/lexan.xsl"?><lexan><term lexeme="var" token="VAR"><location begcolumn="1" begline="3" endcolumn="3" endline="3" loc="3.1 - 3.3"/></term><term lexeme="i" token="ID"><location begcolumn="5" begline="3" endcolumn="5" endline="3" loc="3.5 - 3.5"/></term><term lexeme=":" token="COLON"><location begcolumn="7" begline="3" endcolumn="7" endline="3" loc="3.7 - 3.7"/></term><term lexeme="int" token="INT"><location begcolumn="9" begline="3" endcolumn="11" endline="3" loc="3.9 - 3.11"/></term><term lexeme=";" token="SEMICOLON"><location begcolumn="12" begline="3" endcolumn="12" endline="3" loc="3.12 - 3.12"/></term><term lexeme="fun" token="FUN"><location begcolumn="1" begline="5" endcolumn="3" endline="5" loc="5.1 - 5.3"/></term><term lexeme="putChar" token="ID"><location begcolumn="5" begline="5" endcolumn="11" endline="5" loc="5.5 - 5.11"/></term><term lexeme="(" token="LP"><location begcolumn="12" begline="5" endcolumn="12" endline="5" loc="5.12 - 5.12"/></term><term lexeme="c" token="ID"><location begcolumn="13" begline="5" endcolumn="13" endline="5" loc="5.13 - 5.13"/></term><term lexeme=":" token="COLON"><location begcolumn="15" begline="5" endcolumn="15" endline="5" loc="5.15 - 5.15"/></term><term lexeme="char" token="CHAR"><location begcolumn="17" begline="5" endcolumn="20" endline="5" loc="5.17 - 5.20"/></term><term lexeme=")" token="RP"><location begcolumn="21" begline="5" endcolumn="21" endline="5" loc="5.21 - 5.21"/></term><term lexeme=":" token="COLON"><location begcolumn="23" begline="5" endcolumn="23" endline="5" loc="5.23 - 5.23"/></term><term lexeme="char" token="CHAR"><location begcolumn="25" begline="5" endcolumn="28" endline="5" loc="5.25 - 5.28"/></term><term lexeme="=" token="ASSIGN"><location begcolumn="30" begline="5" endcolumn="30" endline="5" loc="5.30 - 5.30"/></term><term lexeme="'a'" token="CHARCONST"><location begcolumn="32" begline="5" endcolumn="34" endline="5" loc="5.32 - 5.34"/></term><term lexeme=";" token="SEMICOLON"><location begcolumn="35" begline="5" endcolumn="35" endline="5" loc="5.35 - 5.35"/></term><term lexeme="fun" token="FUN"><location begcolumn="1" begline="7" endcolumn="3" endline="7" loc="7.1 - 7.3"/></term><term lexeme="main" token="ID"><location begcolumn="5" begline="7" endcolumn="8" endline="7" loc="7.5 - 7.8"/></term><term lexeme="(" token="LP"><location begcolumn="9" begline="7" endcolumn="9" endline="7" loc="7.9 - 7.9"/></term><term lexeme=")" token="RP"><location begcolumn="10" begline="7" endcolumn="10" endline="7" loc="7.10 - 7.10"/></term><term lexeme=":" token="COLON"><location begcolumn="12" begline="7" endcolumn="12" endline="7" loc="7.12 - 7.12"/></term><term lexeme="void" token="VOID"><location begcolumn="14" begline="7" endcolumn="17" endline="7" loc="7.14 - 7.17"/></term><term lexeme="=" token="ASSIGN"><location begcolumn="19" begline="7" endcolumn="19" endline="7" loc="7.19 - 7.19"/></term><term lexeme="{" token="LBR"><location begcolumn="21" begline="7" endcolumn="21" endline="7" loc="7.21 - 7.21"/></term><term lexeme="i" token="ID"><location begcolumn="5" begline="8" endcolumn="5" endline="8" loc="8.5 - 8.5"/></term><term lexeme="=" token="ASSIGN"><location begcolumn="7" begline="8" endcolumn="7" endline="8" loc="8.7 - 8.7"/></term><term lexeme="48" token="INTEGER"><location begcolumn="9" begline="8" endcolumn="10" endline="8" loc="8.9 - 8.10"/></term><term lexeme=";" token="SEMICOLON"><location begcolumn="11" begline="8" endcolumn="11" endline="8" loc="8.11 - 8.11"/></term><term lexeme="while" token="WHILE"><location begcolumn="5" begline="10" endcolumn="9" endline="10" loc="10.5 - 10.9"/></term><term lexeme="i" token="ID"><location begcolumn="11" begline="10" endcolumn="11" endline="10" loc="10.11 - 10.11"/></term><term lexeme="&lt;=" token="LE"><location begcolumn="13" begline="10" endcolumn="14" endline="10" loc="10.13 - 10.14"/></term><term lexeme="(" token="LP"><location begcolumn="16" begline="10" endcolumn="16" endline="10" loc="10.16 - 10.16"/></term><term lexeme="'z'" token="CHARCONST"><location begcolumn="17" begline="10" endcolumn="19" endline="10" loc="10.17 - 10.19"/></term><term lexeme=":" token="COLON"><location begcolumn="21" begline="10" endcolumn="21" endline="10" loc="10.21 - 10.21"/></term><term lexeme="int" token="INT"><location begcolumn="23" begline="10" endcolumn="25" endline="10" loc="10.23 - 10.25"/></term><term lexeme=")" token="RP"><location begcolumn="26" begline="10" endcolumn="26" endline="10" loc="10.26 - 10.26"/></term><term lexeme="do" token="DO"><location begcolumn="28" begline="10" endcolumn="29" endline="10" loc="10.28 - 10.29"/></term><term lexeme="putChar" token="ID"><location begcolumn="9" begline="11" endcolumn="15" endline="11" loc="11.9 - 11.15"/></term><term lexeme="(" token="LP"><location begcolumn="16" begline="11" endcolumn="16" endline="11" loc="11.16 - 11.16"/></term><term lexeme="(" token="LP"><location begcolumn="17" begline="11" endcolumn="17" endline="11" loc="11.17 - 11.17"/></term><term lexeme="i" token="ID"><location begcolumn="18" begline="11" endcolumn="18" endline="11" loc="11.18 - 11.18"/></term><term lexeme=":" token="COLON"><location begcolumn="20" begline="11" endcolumn="20" endline="11" loc="11.20 - 11.20"/></term><term lexeme="char" token="CHAR"><location begcolumn="22" begline="11" endcolumn="25" endline="11" loc="11.22 - 11.25"/></term><term lexeme=")" token="RP"><location begcolumn="26" begline="11" endcolumn="26" endline="11" loc="11.26 - 11.26"/></term><term lexeme=")" token="RP"><location begcolumn="27" begline="11" endcolumn="27" endline="11" loc="11.27 - 11.27"/></term><term lexeme=";" token="SEMICOLON"><location begcolumn="28" begline="11" endcolumn="28" endline="11" loc="11.28 - 11.28"/></term><term lexeme="i" token="ID"><location begcolumn="9" begline="12" endcolumn="9" endline="12" loc="12.9 - 12.9"/></term><term lexeme="=" token="ASSIGN"><location begcolumn="11" begline="12" endcolumn="11" endline="12" loc="12.11 - 12.11"/></term><term lexeme="i" token="ID"><location begcolumn="13" begline="12" endcolumn="13" endline="12" loc="12.13 - 12.13"/></term><term lexeme="+" token="ADD"><location begcolumn="15" begline="12" endcolumn="15" endline="12" loc="12.15 - 12.15"/></term><term lexeme="1" token="INTEGER"><location begcolumn="17" begline="12" endcolumn="17" endline="12" loc="12.17 - 12.17"/></term><term lexeme=";" token="SEMICOLON"><location begcolumn="18" begline="12" endcolumn="18" endline="12" loc="12.18 - 12.18"/></term><term lexeme="end" token="END"><location begcolumn="5" begline="13" endcolumn="7" endline="13" loc="13.5 - 13.7"/></term><term lexeme=";" token="SEMICOLON"><location begcolumn="8" begline="13" endcolumn="8" endline="13" loc="13.8 - 13.8"/></term><term lexeme="}" token="RBR"><location begcolumn="1" begline="14" endcolumn="1" endline="14" loc="14.1 - 14.1"/></term><term lexeme=";" token="SEMICOLON"><location begcolumn="2" begline="14" endcolumn="2" endline="14" loc="14.2 - 14.2"/></term><term lexeme="" token="EOF"/></lexan>