<?xml version="1.0" encoding="UTF-8" standalone="no"?><?xml-stylesheet type="text/xsl" href="../lib/xsl/memory.xsl"?><memory><node id="81" label="{Decls}"><node id="1" label="VarDecl" lexeme="i"><node id="0" label="AtomType" spec="INT"><location begcolumn="9" begline="1" endcolumn="11" endline="1" loc="1.9 - 1.11"/><isType><semtype type="INTEGER"/></isType></node><location begcolumn="1" begline="1" endcolumn="12" endline="1" loc="1.1 - 1.12"/><access label="_i" size="8"/></node><node id="3" label="VarDecl" lexeme="n"><node id="2" label="AtomType" spec="INT"><location begcolumn="9" begline="2" endcolumn="11" endline="2" loc="2.9 - 2.11"/><isType><semtype type="INTEGER"/></isType></node><location begcolumn="1" begline="2" endcolumn="12" endline="2" loc="2.1 - 2.12"/><access label="_n" size="8"/></node><node id="48" label="FunDecl" lexeme="calculation"><node id="47" label="{Pars}"><node id="5" label="ParDecl" lexeme="number"><node id="4" label="AtomType" spec="INT"><location begcolumn="26" begline="4" endcolumn="28" endline="4" loc="4.26 - 4.28"/><isType><semtype type="INTEGER"/></isType></node><location begcolumn="17" begline="4" endcolumn="28" endline="4" loc="4.17 - 4.28"/><access depth="1" offset="8" size="8"/></node><location begcolumn="17" begline="4" endcolumn="28" endline="4" loc="4.17 - 4.28"/></node><node id="6" label="AtomType" spec="INT"><location begcolumn="33" begline="4" endcolumn="35" endline="4" loc="4.33 - 4.35"/><isType><semtype type="INTEGER"/></isType></node><node id="46" label="WhereExpr"><node id="9" label="CallExpr" lexeme="p"><node id="8" label="{CallArgs}"><node id="7" label="NameExpr" lexeme="number"><location begcolumn="7" begline="5" endcolumn="12" endline="5" loc="5.7 - 5.12"/><declaredAt idx="5" location="4.17 - 4.28"/><ofType><semtype type="INTEGER"/></ofType><lvalue/></node><location begcolumn="7" begline="5" endcolumn="12" endline="5" loc="5.7 - 5.12"/></node><location begcolumn="5" begline="5" endcolumn="13" endline="5" loc="5.5 - 5.13"/><declaredAt idx="44" location="7.9 - 13.10"/><ofType><semtype type="INTEGER"/></ofType></node><node id="45" label="{Decls}"><node id="11" label="VarDecl" lexeme="integer"><node id="10" label="AtomType" spec="INT"><location begcolumn="23" begline="6" endcolumn="25" endline="6" loc="6.23 - 6.25"/><isType><semtype type="INTEGER"/></isType></node><location begcolumn="9" begline="6" endcolumn="26" endline="6" loc="6.9 - 6.26"/><access depth="1" offset="-8" size="8"/></node><node id="44" label="FunDecl" lexeme="p"><node id="43" label="{Pars}"><node id="13" label="ParDecl" lexeme="num"><node id="12" label="AtomType" spec="INT"><location begcolumn="21" begline="7" endcolumn="23" endline="7" loc="7.21 - 7.23"/><isType><semtype type="INTEGER"/></isType></node><location begcolumn="15" begline="7" endcolumn="23" endline="7" loc="7.15 - 7.23"/><access depth="2" offset="8" size="8"/></node><location begcolumn="15" begline="7" endcolumn="23" endline="7" loc="7.15 - 7.23"/></node><node id="14" label="AtomType" spec="INT"><location begcolumn="28" begline="7" endcolumn="30" endline="7" loc="7.28 - 7.30"/><isType><semtype type="INTEGER"/></isType></node><node id="42" label="StmtExpr"><node id="41" label="{Stmts}"><node id="17" label="AssignStmt"><node id="15" label="NameExpr" lexeme="i"><location begcolumn="13" begline="8" endcolumn="13" endline="8" loc="8.13 - 8.13"/><declaredAt idx="1" location="1.1 - 1.12"/><ofType><semtype type="INTEGER"/></ofType><lvalue/></node><node id="16" label="AtomExpr" lexeme="50" spec="INT"><location begcolumn="17" begline="8" endcolumn="18" endline="8" loc="8.17 - 8.18"/><ofType><semtype type="INTEGER"/></ofType></node><location begcolumn="13" begline="8" endcolumn="19" endline="8" loc="8.13 - 8.19"/><ofType><semtype type="VOID"/></ofType></node><node id="26" label="AssignStmt"><node id="18" label="NameExpr" lexeme="integer"><location begcolumn="13" begline="9" endcolumn="19" endline="9" loc="9.13 - 9.19"/><declaredAt idx="11" location="6.9 - 6.26"/><ofType><semtype type="INTEGER"/></ofType><lvalue/></node><node id="25" label="BinExpr" spec="ADD"><node id="21" label="BinExpr" spec="ADD"><node id="19" label="NameExpr" lexeme="num"><location begcolumn="23" begline="9" endcolumn="25" endline="9" loc="9.23 - 9.25"/><declaredAt idx="13" location="7.15 - 7.23"/><ofType><semtype type="INTEGER"/></ofType><lvalue/></node><node id="20" label="AtomExpr" lexeme="90" spec="INT"><location begcolumn="29" begline="9" endcolumn="30" endline="9" loc="9.29 - 9.30"/><ofType><semtype type="INTEGER"/></ofType></node><location begcolumn="23" begline="9" endcolumn="30" endline="9" loc="9.23 - 9.30"/><ofType><semtype type="INTEGER"/></ofType></node><node id="24" label="PfxExpr" spec="SUB"><node id="23" label="PfxExpr" spec="SUB"><node id="22" label="NameExpr" lexeme="i"><location begcolumn="38" begline="9" endcolumn="38" endline="9" loc="9.38 - 9.38"/><declaredAt idx="1" location="1.1 - 1.12"/><ofType><semtype type="INTEGER"/></ofType><lvalue/></node><location begcolumn="36" begline="9" endcolumn="39" endline="9" loc="9.36 - 9.39"/><ofType><semtype type="INTEGER"/></ofType></node><location begcolumn="34" begline="9" endcolumn="40" endline="9" loc="9.34 - 9.40"/><ofType><semtype type="INTEGER"/></ofType></node><location begcolumn="23" begline="9" endcolumn="40" endline="9" loc="9.23 - 9.40"/><ofType><semtype type="INTEGER"/></ofType></node><location begcolumn="13" begline="9" endcolumn="41" endline="9" loc="9.13 - 9.41"/><ofType><semtype type="VOID"/></ofType></node><node id="40" label="ExprStmt"><node id="39" label="WhereExpr"><node id="29" label="CallExpr" lexeme="p2"><node id="28" label="{CallArgs}"><node id="27" label="NameExpr" lexeme="integer"><location begcolumn="18" begline="10" endcolumn="24" endline="10" loc="10.18 - 10.24"/><declaredAt idx="11" location="6.9 - 6.26"/><ofType><semtype type="INTEGER"/></ofType><lvalue/></node><location begcolumn="18" begline="10" endcolumn="24" endline="10" loc="10.18 - 10.24"/></node><location begcolumn="15" begline="10" endcolumn="25" endline="10" loc="10.15 - 10.25"/><declaredAt idx="37" location="11.17 - 11.50"/><ofType><semtype type="INTEGER"/></ofType></node><node id="38" label="{Decls}"><node id="37" label="FunDecl" lexeme="p2"><node id="36" label="{Pars}"><node id="31" label="ParDecl" lexeme="num"><node id="30" label="AtomType" spec="INT"><location begcolumn="30" begline="11" endcolumn="32" endline="11" loc="11.30 - 11.32"/><isType><semtype type="INTEGER"/></isType></node><location begcolumn="24" begline="11" endcolumn="32" endline="11" loc="11.24 - 11.32"/><access depth="3" offset="8" size="8"/></node><location begcolumn="24" begline="11" endcolumn="32" endline="11" loc="11.24 - 11.32"/></node><node id="32" label="AtomType" spec="INT"><location begcolumn="37" begline="11" endcolumn="39" endline="11" loc="11.37 - 11.39"/><isType><semtype type="INTEGER"/></isType></node><node id="35" label="BinExpr" spec="ADD"><node id="33" label="NameExpr" lexeme="i"><location begcolumn="43" begline="11" endcolumn="43" endline="11" loc="11.43 - 11.43"/><declaredAt idx="1" location="1.1 - 1.12"/><ofType><semtype type="INTEGER"/></ofType><lvalue/></node><node id="34" label="NameExpr" lexeme="num"><location begcolumn="47" begline="11" endcolumn="49" endline="11" loc="11.47 - 11.49"/><declaredAt idx="31" location="11.24 - 11.32"/><ofType><semtype type="INTEGER"/></ofType><lvalue/></node><location begcolumn="43" begline="11" endcolumn="49" endline="11" loc="11.43 - 11.49"/><ofType><semtype type="INTEGER"/></ofType></node><location begcolumn="17" begline="11" endcolumn="50" endline="11" loc="11.17 - 11.50"/><frame FP="T0" RV="T1" argssize="0" depth="3" label="L1" locssize="0" size="16"/></node><location begcolumn="17" begline="11" endcolumn="50" endline="11" loc="11.17 - 11.50"/></node><location begcolumn="13" begline="10" endcolumn="13" endline="12" loc="10.13 - 12.13"/><ofType><semtype type="INTEGER"/></ofType></node><location begcolumn="13" begline="10" endcolumn="14" endline="12" loc="10.13 - 12.14"/><ofType><semtype type="INTEGER"/></ofType></node><location begcolumn="13" begline="8" endcolumn="14" endline="12" loc="8.13 - 12.14"/></node><location begcolumn="34" begline="7" endcolumn="9" endline="13" loc="7.34 - 13.9"/><ofType><semtype type="INTEGER"/></ofType></node><location begcolumn="9" begline="7" endcolumn="10" endline="13" loc="7.9 - 13.10"/><frame FP="T2" RV="T3" argssize="16" depth="2" label="L0" locssize="0" size="32"/></node><location begcolumn="9" begline="6" endcolumn="10" endline="13" loc="6.9 - 13.10"/></node><location begcolumn="39" begline="4" endcolumn="5" endline="14" loc="4.39 - 14.5"/><ofType><semtype type="INTEGER"/></ofType></node><location begcolumn="1" begline="4" endcolumn="6" endline="14" loc="4.1 - 14.6"/><frame FP="T4" RV="T5" argssize="16" depth="1" label="_calculation" locssize="8" size="40"/></node><node id="54" label="FunDecl" lexeme="printInt"><node id="53" label="{Pars}"><node id="50" label="ParDecl" lexeme="integer"><node id="49" label="AtomType" spec="INT"><location begcolumn="24" begline="16" endcolumn="26" endline="16" loc="16.24 - 16.26"/><isType><semtype type="INTEGER"/></isType></node><location begcolumn="14" begline="16" endcolumn="26" endline="16" loc="16.14 - 16.26"/><access depth="1" offset="8" size="8"/></node><location begcolumn="14" begline="16" endcolumn="26" endline="16" loc="16.14 - 16.26"/></node><node id="51" label="AtomType" spec="INT"><location begcolumn="31" begline="16" endcolumn="33" endline="16" loc="16.31 - 16.33"/><isType><semtype type="INTEGER"/></isType></node><node id="52" label="NameExpr" lexeme="integer"><location begcolumn="37" begline="16" endcolumn="43" endline="16" loc="16.37 - 16.43"/><declaredAt idx="50" location="16.14 - 16.26"/><ofType><semtype type="INTEGER"/></ofType><lvalue/></node><location begcolumn="1" begline="16" endcolumn="44" endline="16" loc="16.1 - 16.44"/><frame FP="T6" RV="T7" argssize="0" depth="1" label="_printInt" locssize="0" size="16"/></node><node id="80" label="FunDecl" lexeme="main"><node id="55" label="AtomType" spec="INT"><location begcolumn="14" begline="18" endcolumn="16" endline="18" loc="18.14 - 18.16"/><isType><semtype type="INTEGER"/></isType></node><node id="78" label="StmtExpr"><node id="77" label="{Stmts}"><node id="58" label="AssignStmt"><node id="56" label="NameExpr" lexeme="n"><location begcolumn="5" begline="19" endcolumn="5" endline="19" loc="19.5 - 19.5"/><declaredAt idx="3" location="2.1 - 2.12"/><ofType><semtype type="INTEGER"/></ofType><lvalue/></node><node id="57" label="AtomExpr" lexeme="15" spec="INT"><location begcolumn="9" begline="19" endcolumn="10" endline="19" loc="19.9 - 19.10"/><ofType><semtype type="INTEGER"/></ofType></node><location begcolumn="5" begline="19" endcolumn="11" endline="19" loc="19.5 - 19.11"/><ofType><semtype type="VOID"/></ofType></node><node id="67" label="AssignStmt"><node id="59" label="NameExpr" lexeme="i"><location begcolumn="5" begline="20" endcolumn="5" endline="20" loc="20.5 - 20.5"/><declaredAt idx="1" location="1.1 - 1.12"/><ofType><semtype type="INTEGER"/></ofType><lvalue/></node><node id="66" label="BinExpr" spec="ADD"><node id="64" label="BinExpr" spec="MUL"><node id="62" label="BinExpr" spec="LTH"><node id="60" label="NameExpr" lexeme="n"><location begcolumn="10" begline="20" endcolumn="10" endline="20" loc="20.10 - 20.10"/><declaredAt idx="3" location="2.1 - 2.12"/><ofType><semtype type="INTEGER"/></ofType><lvalue/></node><node id="61" label="AtomExpr" lexeme="20" spec="INT"><location begcolumn="14" begline="20" endcolumn="15" endline="20" loc="20.14 - 20.15"/><ofType><semtype type="INTEGER"/></ofType></node><location begcolumn="9" begline="20" endcolumn="16" endline="20" loc="20.9 - 20.16"/><ofType><semtype type="INTEGER"/></ofType></node><node id="63" label="AtomExpr" lexeme="5" spec="INT"><location begcolumn="20" begline="20" endcolumn="20" endline="20" loc="20.20 - 20.20"/><ofType><semtype type="INTEGER"/></ofType></node><location begcolumn="9" begline="20" endcolumn="20" endline="20" loc="20.9 - 20.20"/><ofType><semtype type="INTEGER"/></ofType></node><node id="65" label="AtomExpr" lexeme="5" spec="INT"><location begcolumn="24" begline="20" endcolumn="24" endline="20" loc="20.24 - 20.24"/><ofType><semtype type="INTEGER"/></ofType></node><location begcolumn="9" begline="20" endcolumn="24" endline="20" loc="20.9 - 20.24"/><ofType><semtype type="INTEGER"/></ofType></node><location begcolumn="5" begline="20" endcolumn="25" endline="20" loc="20.5 - 20.25"/><ofType><semtype type="VOID"/></ofType></node><node id="72" label="AssignStmt"><node id="68" label="NameExpr" lexeme="i"><location begcolumn="5" begline="22" endcolumn="5" endline="22" loc="22.5 - 22.5"/><declaredAt idx="1" location="1.1 - 1.12"/><ofType><semtype type="INTEGER"/></ofType><lvalue/></node><node id="71" label="CallExpr" lexeme="calculation"><node id="70" label="{CallArgs}"><node id="69" label="NameExpr" lexeme="i"><location begcolumn="21" begline="22" endcolumn="21" endline="22" loc="22.21 - 22.21"/><declaredAt idx="1" location="1.1 - 1.12"/><ofType><semtype type="INTEGER"/></ofType><lvalue/></node><location begcolumn="21" begline="22" endcolumn="21" endline="22" loc="22.21 - 22.21"/></node><location begcolumn="9" begline="22" endcolumn="22" endline="22" loc="22.9 - 22.22"/><declaredAt idx="48" location="4.1 - 14.6"/><ofType><semtype type="INTEGER"/></ofType></node><location begcolumn="5" begline="22" endcolumn="23" endline="22" loc="22.5 - 22.23"/><ofType><semtype type="VOID"/></ofType></node><node id="76" label="ExprStmt"><node id="75" label="CallExpr" lexeme="printInt"><node id="74" label="{CallArgs}"><node id="73" label="NameExpr" lexeme="i"><location begcolumn="14" begline="24" endcolumn="14" endline="24" loc="24.14 - 24.14"/><declaredAt idx="1" location="1.1 - 1.12"/><ofType><semtype type="INTEGER"/></ofType><lvalue/></node><location begcolumn="14" begline="24" endcolumn="14" endline="24" loc="24.14 - 24.14"/></node><location begcolumn="5" begline="24" endcolumn="15" endline="24" loc="24.5 - 24.15"/><declaredAt idx="54" location="16.1 - 16.44"/><ofType><semtype type="INTEGER"/></ofType></node><location begcolumn="5" begline="24" endcolumn="16" endline="24" loc="24.5 - 24.16"/><ofType><semtype type="INTEGER"/></ofType></node><location begcolumn="5" begline="19" endcolumn="16" endline="24" loc="19.5 - 24.16"/></node><location begcolumn="20" begline="18" endcolumn="1" endline="25" loc="18.20 - 25.1"/><ofType><semtype type="INTEGER"/></ofType></node><location begcolumn="1" begline="18" endcolumn="2" endline="25" loc="18.1 - 25.2"/><frame FP="T8" RV="T9" argssize="16" depth="1" label="_main" locssize="0" size="32"/></node><location begcolumn="1" begline="1" endcolumn="2" endline="25" loc="1.1 - 25.2"/></node></memory>