<?xml version="1.0" encoding="UTF-8" standalone="no"?><?xml-stylesheet type="text/xsl" href="../lib/xsl/imclin.xsl"?><imclin><datachunk init="" label="_i" size="8"/><codechunk entrylabel="L3" exitlabel="L4"><frame FP="T0" RV="T1" argssize="0" depth="1" label="_putChar" locssize="0" size="16"/><stmt><imc instruction="LABEL(L3)"/></stmt><stmt><imc instruction="MOVE"><imc instruction="TEMP(4)"/><imc instruction="CONST(97)"/></imc></stmt><stmt><imc instruction="MOVE"><imc instruction="TEMP(1)"/><imc instruction="TEMP(4)"/></imc></stmt><stmt><imc instruction="JUMP(L4)"/></stmt></codechunk><codechunk entrylabel="L5" exitlabel="L6"><frame FP="T2" RV="T3" argssize="16" depth="1" label="_main" locssize="0" size="32"/><stmt><imc instruction="LABEL(L5)"/></stmt><stmt><imc instruction="MOVE"><imc instruction="TEMP(5)"/><imc instruction="NAME(_i)"/></imc></stmt><stmt><imc instruction="MOVE"><imc instruction="TEMP(6)"/><imc instruction="CONST(48)"/></imc></stmt><stmt><imc instruction="MOVE"><imc instruction="MEM"><imc instruction="TEMP(5)"/></imc><imc instruction="TEMP(6)"/></imc></stmt><stmt><imc instruction="LABEL(L0)"/></stmt><stmt><imc instruction="MOVE"><imc instruction="TEMP(7)"/><imc instruction="MEM"><imc instruction="NAME(_i)"/></imc></imc></stmt><stmt><imc instruction="MOVE"><imc instruction="TEMP(8)"/><imc instruction="CONST(122)"/></imc></stmt><stmt><imc instruction="CJUMP(L1,L7)"><imc instruction="BINOP(LEQ)"><imc instruction="TEMP(7)"/><imc instruction="TEMP(8)"/></imc></imc></stmt><stmt><imc instruction="LABEL(L7)"/></stmt><stmt><imc instruction="JUMP(L2)"/></stmt><stmt><imc instruction="LABEL(L1)"/></stmt><stmt><imc instruction="ESTMT"><imc instruction="CALL(_putChar)"><imc instruction="CONST(0)"/><imc instruction="MEM"><imc instruction="NAME(_i)"/></imc></imc></imc></stmt><stmt><imc instruction="MOVE"><imc instruction="TEMP(9)"/><imc instruction="NAME(_i)"/></imc></stmt><stmt><imc instruction="MOVE"><imc instruction="TEMP(10)"/><imc instruction="MEM"><imc instruction="NAME(_i)"/></imc></imc></stmt><stmt><imc instruction="MOVE"><imc instruction="TEMP(11)"/><imc instruction="CONST(1)"/></imc></stmt><stmt><imc instruction="MOVE"><imc instruction="TEMP(12)"/><imc instruction="BINOP(ADD)"><imc instruction="TEMP(10)"/><imc instruction="TEMP(11)"/></imc></imc></stmt><stmt><imc instruction="MOVE"><imc instruction="MEM"><imc instruction="TEMP(9)"/></imc><imc instruction="TEMP(12)"/></imc></stmt><stmt><imc instruction="JUMP(L0)"/></stmt><stmt><imc instruction="LABEL(L2)"/></stmt><stmt><imc instruction="MOVE"><imc instruction="TEMP(13)"/><imc instruction="CONST(0)"/></imc></stmt><stmt><imc instruction="MOVE"><imc instruction="TEMP(3)"/><imc instruction="TEMP(13)"/></imc></stmt><stmt><imc instruction="JUMP(L6)"/></stmt></codechunk></imclin>