<?xml version="1.0" encoding="UTF-8" standalone="no"?><?xml-stylesheet type="text/xsl" href="../lib/xsl/lexan.xsl"?><lexan><term lexeme="var" token="VAR"><location begcolumn="1" begline="3" endcolumn="3" endline="3" loc="3.1 - 3.3"/></term><term lexeme="tab" token="ID"><location begcolumn="5" begline="3" endcolumn="7" endline="3" loc="3.5 - 3.7"/></term><term lexeme=":" token="COLON"><location begcolumn="9" begline="3" endcolumn="9" endline="3" loc="3.9 - 3.9"/></term><term lexeme="[" token="LB"><location begcolumn="11" begline="3" endcolumn="11" endline="3" loc="3.11 - 3.11"/></term><term lexeme="5" token="INTEGER"><location begcolumn="12" begline="3" endcolumn="12" endline="3" loc="3.12 - 3.12"/></term><term lexeme="]" token="RB"><location begcolumn="13" begline="3" endcolumn="13" endline="3" loc="3.13 - 3.13"/></term><term lexeme="int" token="INT"><location begcolumn="14" begline="3" endcolumn="16" endline="3" loc="3.14 - 3.16"/></term><term lexeme=";" token="SEMICOLON"><location begcolumn="17" begline="3" endcolumn="17" endline="3" loc="3.17 - 3.17"/></term><term lexeme="var" token="VAR"><location begcolumn="1" begline="4" endcolumn="3" endline="4" loc="4.1 - 4.3"/></term><term lexeme="exit_code" token="ID"><location begcolumn="5" begline="4" endcolumn="13" endline="4" loc="4.5 - 4.13"/></term><term lexeme=":" token="COLON"><location begcolumn="15" begline="4" endcolumn="15" endline="4" loc="4.15 - 4.15"/></term><term lexeme="int" token="INT"><location begcolumn="17" begline="4" endcolumn="19" endline="4" loc="4.17 - 4.19"/></term><term lexeme=";" token="SEMICOLON"><location begcolumn="20" begline="4" endcolumn="20" endline="4" loc="4.20 - 4.20"/></term><term lexeme="fun" token="FUN"><location begcolumn="1" begline="6" endcolumn="3" endline="6" loc="6.1 - 6.3"/></term><term lexeme="putChar" token="ID"><location begcolumn="5" begline="6" endcolumn="11" endline="6" loc="6.5 - 6.11"/></term><term lexeme="(" token="LP"><location begcolumn="12" begline="6" endcolumn="12" endline="6" loc="6.12 - 6.12"/></term><term lexeme="c" token="ID"><location begcolumn="13" begline="6" endcolumn="13" endline="6" loc="6.13 - 6.13"/></term><term lexeme=":" token="COLON"><location begcolumn="15" begline="6" endcolumn="15" endline="6" loc="6.15 - 6.15"/></term><term lexeme="char" token="CHAR"><location begcolumn="17" begline="6" endcolumn="20" endline="6" loc="6.17 - 6.20"/></term><term lexeme=")" token="RP"><location begcolumn="21" begline="6" endcolumn="21" endline="6" loc="6.21 - 6.21"/></term><term lexeme=":" token="COLON"><location begcolumn="23" begline="6" endcolumn="23" endline="6" loc="6.23 - 6.23"/></term><term lexeme="char" token="CHAR"><location begcolumn="25" begline="6" endcolumn="28" endline="6" loc="6.25 - 6.28"/></term><term lexeme="=" token="ASSIGN"><location begcolumn="30" begline="6" endcolumn="30" endline="6" loc="6.30 - 6.30"/></term><term lexeme="' '" token="CHARCONST"><location begcolumn="32" begline="6" endcolumn="34" endline="6" loc="6.32 - 6.34"/></term><term lexeme=";" token="SEMICOLON"><location begcolumn="35" begline="6" endcolumn="35" endline="6" loc="6.35 - 6.35"/></term><term lexeme="fun" token="FUN"><location begcolumn="1" begline="8" endcolumn="3" endline="8" loc="8.1 - 8.3"/></term><term lexeme="outputStartArray" token="ID"><location begcolumn="5" begline="8" endcolumn="20" endline="8" loc="8.5 - 8.20"/></term><term lexeme="(" token="LP"><location begcolumn="21" begline="8" endcolumn="21" endline="8" loc="8.21 - 8.21"/></term><term lexeme=")" token="RP"><location begcolumn="22" begline="8" endcolumn="22" endline="8" loc="8.22 - 8.22"/></term><term lexeme=":" token="COLON"><location begcolumn="24" begline="8" endcolumn="24" endline="8" loc="8.24 - 8.24"/></term><term lexeme="char" token="CHAR"><location begcolumn="26" begline="8" endcolumn="29" endline="8" loc="8.26 - 8.29"/></term><term lexeme="=" token="ASSIGN"><location begcolumn="31" begline="8" endcolumn="31" endline="8" loc="8.31 - 8.31"/></term><term lexeme="{" token="LBR"><location begcolumn="33" begline="8" endcolumn="33" endline="8" loc="8.33 - 8.33"/></term><term lexeme="putChar" token="ID"><location begcolumn="5" begline="9" endcolumn="11" endline="9" loc="9.5 - 9.11"/></term><term lexeme="(" token="LP"><location begcolumn="12" begline="9" endcolumn="12" endline="9" loc="9.12 - 9.12"/></term><term lexeme="(" token="LP"><location begcolumn="13" begline="9" endcolumn="13" endline="9" loc="9.13 - 9.13"/></term><term lexeme="48" token="INTEGER"><location begcolumn="14" begline="9" endcolumn="15" endline="9" loc="9.14 - 9.15"/></term><term lexeme="+" token="ADD"><location begcolumn="17" begline="9" endcolumn="17" endline="9" loc="9.17 - 9.17"/></term><term lexeme="tab" token="ID"><location begcolumn="19" begline="9" endcolumn="21" endline="9" loc="9.19 - 9.21"/></term><term lexeme="[" token="LB"><location begcolumn="22" begline="9" endcolumn="22" endline="9" loc="9.22 - 9.22"/></term><term lexeme="0" token="INTEGER"><location begcolumn="23" begline="9" endcolumn="23" endline="9" loc="9.23 - 9.23"/></term><term lexeme="]" token="RB"><location begcolumn="24" begline="9" endcolumn="24" endline="9" loc="9.24 - 9.24"/></term><term lexeme=":" token="COLON"><location begcolumn="26" begline="9" endcolumn="26" endline="9" loc="9.26 - 9.26"/></term><term lexeme="char" token="CHAR"><location begcolumn="28" begline="9" endcolumn="31" endline="9" loc="9.28 - 9.31"/></term><term lexeme=")" token="RP"><location begcolumn="32" begline="9" endcolumn="32" endline="9" loc="9.32 - 9.32"/></term><term lexeme=")" token="RP"><location begcolumn="33" begline="9" endcolumn="33" endline="9" loc="9.33 - 9.33"/></term><term lexeme=";" token="SEMICOLON"><location begcolumn="34" begline="9" endcolumn="34" endline="9" loc="9.34 - 9.34"/></term><term lexeme="putChar" token="ID"><location begcolumn="5" begline="10" endcolumn="11" endline="10" loc="10.5 - 10.11"/></term><term lexeme="(" token="LP"><location begcolumn="12" begline="10" endcolumn="12" endline="10" loc="10.12 - 10.12"/></term><term lexeme="(" token="LP"><location begcolumn="13" begline="10" endcolumn="13" endline="10" loc="10.13 - 10.13"/></term><term lexeme="48" token="INTEGER"><location begcolumn="14" begline="10" endcolumn="15" endline="10" loc="10.14 - 10.15"/></term><term lexeme="+" token="ADD"><location begcolumn="17" begline="10" endcolumn="17" endline="10" loc="10.17 - 10.17"/></term><term lexeme="tab" token="ID"><location begcolumn="19" begline="10" endcolumn="21" endline="10" loc="10.19 - 10.21"/></term><term lexeme="[" token="LB"><location begcolumn="22" begline="10" endcolumn="22" endline="10" loc="10.22 - 10.22"/></term><term lexeme="1" token="INTEGER"><location begcolumn="23" begline="10" endcolumn="23" endline="10" loc="10.23 - 10.23"/></term><term lexeme="]" token="RB"><location begcolumn="24" begline="10" endcolumn="24" endline="10" loc="10.24 - 10.24"/></term><term lexeme=":" token="COLON"><location begcolumn="26" begline="10" endcolumn="26" endline="10" loc="10.26 - 10.26"/></term><term lexeme="char" token="CHAR"><location begcolumn="28" begline="10" endcolumn="31" endline="10" loc="10.28 - 10.31"/></term><term lexeme=")" token="RP"><location begcolumn="32" begline="10" endcolumn="32" endline="10" loc="10.32 - 10.32"/></term><term lexeme=")" token="RP"><location begcolumn="33" begline="10" endcolumn="33" endline="10" loc="10.33 - 10.33"/></term><term lexeme=";" token="SEMICOLON"><location begcolumn="34" begline="10" endcolumn="34" endline="10" loc="10.34 - 10.34"/></term><term lexeme="putChar" token="ID"><location begcolumn="5" begline="11" endcolumn="11" endline="11" loc="11.5 - 11.11"/></term><term lexeme="(" token="LP"><location begcolumn="12" begline="11" endcolumn="12" endline="11" loc="11.12 - 11.12"/></term><term lexeme="(" token="LP"><location begcolumn="13" begline="11" endcolumn="13" endline="11" loc="11.13 - 11.13"/></term><term lexeme="48" token="INTEGER"><location begcolumn="14" begline="11" endcolumn="15" endline="11" loc="11.14 - 11.15"/></term><term lexeme="+" token="ADD"><location begcolumn="17" begline="11" endcolumn="17" endline="11" loc="11.17 - 11.17"/></term><term lexeme="tab" token="ID"><location begcolumn="19" begline="11" endcolumn="21" endline="11" loc="11.19 - 11.21"/></term><term lexeme="[" token="LB"><location begcolumn="22" begline="11" endcolumn="22" endline="11" loc="11.22 - 11.22"/></term><term lexeme="2" token="INTEGER"><location begcolumn="23" begline="11" endcolumn="23" endline="11" loc="11.23 - 11.23"/></term><term lexeme="]" token="RB"><location begcolumn="24" begline="11" endcolumn="24" endline="11" loc="11.24 - 11.24"/></term><term lexeme=":" token="COLON"><location begcolumn="26" begline="11" endcolumn="26" endline="11" loc="11.26 - 11.26"/></term><term lexeme="char" token="CHAR"><location begcolumn="28" begline="11" endcolumn="31" endline="11" loc="11.28 - 11.31"/></term><term lexeme=")" token="RP"><location begcolumn="32" begline="11" endcolumn="32" endline="11" loc="11.32 - 11.32"/></term><term lexeme=")" token="RP"><location begcolumn="33" begline="11" endcolumn="33" endline="11" loc="11.33 - 11.33"/></term><term lexeme=";" token="SEMICOLON"><location begcolumn="34" begline="11" endcolumn="34" endline="11" loc="11.34 - 11.34"/></term><term lexeme="putChar" token="ID"><location begcolumn="5" begline="12" endcolumn="11" endline="12" loc="12.5 - 12.11"/></term><term lexeme="(" token="LP"><location begcolumn="12" begline="12" endcolumn="12" endline="12" loc="12.12 - 12.12"/></term><term lexeme="(" token="LP"><location begcolumn="13" begline="12" endcolumn="13" endline="12" loc="12.13 - 12.13"/></term><term lexeme="48" token="INTEGER"><location begcolumn="14" begline="12" endcolumn="15" endline="12" loc="12.14 - 12.15"/></term><term lexeme="+" token="ADD"><location begcolumn="17" begline="12" endcolumn="17" endline="12" loc="12.17 - 12.17"/></term><term lexeme="tab" token="ID"><location begcolumn="19" begline="12" endcolumn="21" endline="12" loc="12.19 - 12.21"/></term><term lexeme="[" token="LB"><location begcolumn="22" begline="12" endcolumn="22" endline="12" loc="12.22 - 12.22"/></term><term lexeme="3" token="INTEGER"><location begcolumn="23" begline="12" endcolumn="23" endline="12" loc="12.23 - 12.23"/></term><term lexeme="]" token="RB"><location begcolumn="24" begline="12" endcolumn="24" endline="12" loc="12.24 - 12.24"/></term><term lexeme=":" token="COLON"><location begcolumn="26" begline="12" endcolumn="26" endline="12" loc="12.26 - 12.26"/></term><term lexeme="char" token="CHAR"><location begcolumn="28" begline="12" endcolumn="31" endline="12" loc="12.28 - 12.31"/></term><term lexeme=")" token="RP"><location begcolumn="32" begline="12" endcolumn="32" endline="12" loc="12.32 - 12.32"/></term><term lexeme=")" token="RP"><location begcolumn="33" begline="12" endcolumn="33" endline="12" loc="12.33 - 12.33"/></term><term lexeme=";" token="SEMICOLON"><location begcolumn="34" begline="12" endcolumn="34" endline="12" loc="12.34 - 12.34"/></term><term lexeme="putChar" token="ID"><location begcolumn="5" begline="13" endcolumn="11" endline="13" loc="13.5 - 13.11"/></term><term lexeme="(" token="LP"><location begcolumn="12" begline="13" endcolumn="12" endline="13" loc="13.12 - 13.12"/></term><term lexeme="(" token="LP"><location begcolumn="13" begline="13" endcolumn="13" endline="13" loc="13.13 - 13.13"/></term><term lexeme="48" token="INTEGER"><location begcolumn="14" begline="13" endcolumn="15" endline="13" loc="13.14 - 13.15"/></term><term lexeme="+" token="ADD"><location begcolumn="17" begline="13" endcolumn="17" endline="13" loc="13.17 - 13.17"/></term><term lexeme="tab" token="ID"><location begcolumn="19" begline="13" endcolumn="21" endline="13" loc="13.19 - 13.21"/></term><term lexeme="[" token="LB"><location begcolumn="22" begline="13" endcolumn="22" endline="13" loc="13.22 - 13.22"/></term><term lexeme="4" token="INTEGER"><location begcolumn="23" begline="13" endcolumn="23" endline="13" loc="13.23 - 13.23"/></term><term lexeme="]" token="RB"><location begcolumn="24" begline="13" endcolumn="24" endline="13" loc="13.24 - 13.24"/></term><term lexeme=":" token="COLON"><location begcolumn="26" begline="13" endcolumn="26" endline="13" loc="13.26 - 13.26"/></term><term lexeme="char" token="CHAR"><location begcolumn="28" begline="13" endcolumn="31" endline="13" loc="13.28 - 13.31"/></term><term lexeme=")" token="RP"><location begcolumn="32" begline="13" endcolumn="32" endline="13" loc="13.32 - 13.32"/></term><term lexeme=")" token="RP"><location begcolumn="33" begline="13" endcolumn="33" endline="13" loc="13.33 - 13.33"/></term><term lexeme=";" token="SEMICOLON"><location begcolumn="34" begline="13" endcolumn="34" endline="13" loc="13.34 - 13.34"/></term><term lexeme="putChar" token="ID"><location begcolumn="5" begline="14" endcolumn="11" endline="14" loc="14.5 - 14.11"/></term><term lexeme="(" token="LP"><location begcolumn="12" begline="14" endcolumn="12" endline="14" loc="14.12 - 14.12"/></term><term lexeme="' '" token="CHARCONST"><location begcolumn="13" begline="14" endcolumn="15" endline="14" loc="14.13 - 14.15"/></term><term lexeme=")" token="RP"><location begcolumn="16" begline="14" endcolumn="16" endline="14" loc="14.16 - 14.16"/></term><term lexeme=";" token="SEMICOLON"><location begcolumn="17" begline="14" endcolumn="17" endline="14" loc="14.17 - 14.17"/></term><term lexeme="putChar" token="ID"><location begcolumn="5" begline="15" endcolumn="11" endline="15" loc="15.5 - 15.11"/></term><term lexeme="(" token="LP"><location begcolumn="12" begline="15" endcolumn="12" endline="15" loc="15.12 - 15.12"/></term><term lexeme="'='" token="CHARCONST"><location begcolumn="13" begline="15" endcolumn="15" endline="15" loc="15.13 - 15.15"/></term><term lexeme=")" token="RP"><location begcolumn="16" begline="15" endcolumn="16" endline="15" loc="15.16 - 15.16"/></term><term lexeme=";" token="SEMICOLON"><location begcolumn="17" begline="15" endcolumn="17" endline="15" loc="15.17 - 15.17"/></term><term lexeme="putChar" token="ID"><location begcolumn="5" begline="16" endcolumn="11" endline="16" loc="16.5 - 16.11"/></term><term lexeme="(" token="LP"><location begcolumn="12" begline="16" endcolumn="12" endline="16" loc="16.12 - 16.12"/></term><term lexeme="'&gt;'" token="CHARCONST"><location begcolumn="13" begline="16" endcolumn="15" endline="16" loc="16.13 - 16.15"/></term><term lexeme=")" token="RP"><location begcolumn="16" begline="16" endcolumn="16" endline="16" loc="16.16 - 16.16"/></term><term lexeme=";" token="SEMICOLON"><location begcolumn="17" begline="16" endcolumn="17" endline="16" loc="16.17 - 16.17"/></term><term lexeme="putChar" token="ID"><location begcolumn="5" begline="17" endcolumn="11" endline="17" loc="17.5 - 17.11"/></term><term lexeme="(" token="LP"><location begcolumn="12" begline="17" endcolumn="12" endline="17" loc="17.12 - 17.12"/></term><term lexeme="' '" token="CHARCONST"><location begcolumn="13" begline="17" endcolumn="15" endline="17" loc="17.13 - 17.15"/></term><term lexeme=")" token="RP"><location begcolumn="16" begline="17" endcolumn="16" endline="17" loc="17.16 - 17.16"/></term><term lexeme=";" token="SEMICOLON"><location begcolumn="17" begline="17" endcolumn="17" endline="17" loc="17.17 - 17.17"/></term><term lexeme="}" token="RBR"><location begcolumn="1" begline="18" endcolumn="1" endline="18" loc="18.1 - 18.1"/></term><term lexeme=";" token="SEMICOLON"><location begcolumn="2" begline="18" endcolumn="2" endline="18" loc="18.2 - 18.2"/></term><term lexeme="fun" token="FUN"><location begcolumn="1" begline="20" endcolumn="3" endline="20" loc="20.1 - 20.3"/></term><term lexeme="outputSortedArray" token="ID"><location begcolumn="5" begline="20" endcolumn="21" endline="20" loc="20.5 - 20.21"/></term><term lexeme="(" token="LP"><location begcolumn="22" begline="20" endcolumn="22" endline="20" loc="20.22 - 20.22"/></term><term lexeme=")" token="RP"><location begcolumn="23" begline="20" endcolumn="23" endline="20" loc="20.23 - 20.23"/></term><term lexeme=":" token="COLON"><location begcolumn="25" begline="20" endcolumn="25" endline="20" loc="20.25 - 20.25"/></term><term lexeme="char" token="CHAR"><location begcolumn="27" begline="20" endcolumn="30" endline="20" loc="20.27 - 20.30"/></term><term lexeme="=" token="ASSIGN"><location begcolumn="32" begline="20" endcolumn="32" endline="20" loc="20.32 - 20.32"/></term><term lexeme="{" token="LBR"><location begcolumn="34" begline="20" endcolumn="34" endline="20" loc="20.34 - 20.34"/></term><term lexeme="putChar" token="ID"><location begcolumn="5" begline="21" endcolumn="11" endline="21" loc="21.5 - 21.11"/></term><term lexeme="(" token="LP"><location begcolumn="12" begline="21" endcolumn="12" endline="21" loc="21.12 - 21.12"/></term><term lexeme="(" token="LP"><location begcolumn="13" begline="21" endcolumn="13" endline="21" loc="21.13 - 21.13"/></term><term lexeme="48" token="INTEGER"><location begcolumn="14" begline="21" endcolumn="15" endline="21" loc="21.14 - 21.15"/></term><term lexeme="+" token="ADD"><location begcolumn="17" begline="21" endcolumn="17" endline="21" loc="21.17 - 21.17"/></term><term lexeme="tab" token="ID"><location begcolumn="19" begline="21" endcolumn="21" endline="21" loc="21.19 - 21.21"/></term><term lexeme="[" token="LB"><location begcolumn="22" begline="21" endcolumn="22" endline="21" loc="21.22 - 21.22"/></term><term lexeme="0" token="INTEGER"><location begcolumn="23" begline="21" endcolumn="23" endline="21" loc="21.23 - 21.23"/></term><term lexeme="]" token="RB"><location begcolumn="24" begline="21" endcolumn="24" endline="21" loc="21.24 - 21.24"/></term><term lexeme=":" token="COLON"><location begcolumn="26" begline="21" endcolumn="26" endline="21" loc="21.26 - 21.26"/></term><term lexeme="char" token="CHAR"><location begcolumn="28" begline="21" endcolumn="31" endline="21" loc="21.28 - 21.31"/></term><term lexeme=")" token="RP"><location begcolumn="32" begline="21" endcolumn="32" endline="21" loc="21.32 - 21.32"/></term><term lexeme=")" token="RP"><location begcolumn="33" begline="21" endcolumn="33" endline="21" loc="21.33 - 21.33"/></term><term lexeme=";" token="SEMICOLON"><location begcolumn="34" begline="21" endcolumn="34" endline="21" loc="21.34 - 21.34"/></term><term lexeme="putChar" token="ID"><location begcolumn="5" begline="22" endcolumn="11" endline="22" loc="22.5 - 22.11"/></term><term lexeme="(" token="LP"><location begcolumn="12" begline="22" endcolumn="12" endline="22" loc="22.12 - 22.12"/></term><term lexeme="(" token="LP"><location begcolumn="13" begline="22" endcolumn="13" endline="22" loc="22.13 - 22.13"/></term><term lexeme="48" token="INTEGER"><location begcolumn="14" begline="22" endcolumn="15" endline="22" loc="22.14 - 22.15"/></term><term lexeme="+" token="ADD"><location begcolumn="17" begline="22" endcolumn="17" endline="22" loc="22.17 - 22.17"/></term><term lexeme="tab" token="ID"><location begcolumn="19" begline="22" endcolumn="21" endline="22" loc="22.19 - 22.21"/></term><term lexeme="[" token="LB"><location begcolumn="22" begline="22" endcolumn="22" endline="22" loc="22.22 - 22.22"/></term><term lexeme="1" token="INTEGER"><location begcolumn="23" begline="22" endcolumn="23" endline="22" loc="22.23 - 22.23"/></term><term lexeme="]" token="RB"><location begcolumn="24" begline="22" endcolumn="24" endline="22" loc="22.24 - 22.24"/></term><term lexeme=":" token="COLON"><location begcolumn="26" begline="22" endcolumn="26" endline="22" loc="22.26 - 22.26"/></term><term lexeme="char" token="CHAR"><location begcolumn="28" begline="22" endcolumn="31" endline="22" loc="22.28 - 22.31"/></term><term lexeme=")" token="RP"><location begcolumn="32" begline="22" endcolumn="32" endline="22" loc="22.32 - 22.32"/></term><term lexeme=")" token="RP"><location begcolumn="33" begline="22" endcolumn="33" endline="22" loc="22.33 - 22.33"/></term><term lexeme=";" token="SEMICOLON"><location begcolumn="34" begline="22" endcolumn="34" endline="22" loc="22.34 - 22.34"/></term><term lexeme="putChar" token="ID"><location begcolumn="5" begline="23" endcolumn="11" endline="23" loc="23.5 - 23.11"/></term><term lexeme="(" token="LP"><location begcolumn="12" begline="23" endcolumn="12" endline="23" loc="23.12 - 23.12"/></term><term lexeme="(" token="LP"><location begcolumn="13" begline="23" endcolumn="13" endline="23" loc="23.13 - 23.13"/></term><term lexeme="48" token="INTEGER"><location begcolumn="14" begline="23" endcolumn="15" endline="23" loc="23.14 - 23.15"/></term><term lexeme="+" token="ADD"><location begcolumn="17" begline="23" endcolumn="17" endline="23" loc="23.17 - 23.17"/></term><term lexeme="tab" token="ID"><location begcolumn="19" begline="23" endcolumn="21" endline="23" loc="23.19 - 23.21"/></term><term lexeme="[" token="LB"><location begcolumn="22" begline="23" endcolumn="22" endline="23" loc="23.22 - 23.22"/></term><term lexeme="2" token="INTEGER"><location begcolumn="23" begline="23" endcolumn="23" endline="23" loc="23.23 - 23.23"/></term><term lexeme="]" token="RB"><location begcolumn="24" begline="23" endcolumn="24" endline="23" loc="23.24 - 23.24"/></term><term lexeme=":" token="COLON"><location begcolumn="26" begline="23" endcolumn="26" endline="23" loc="23.26 - 23.26"/></term><term lexeme="char" token="CHAR"><location begcolumn="28" begline="23" endcolumn="31" endline="23" loc="23.28 - 23.31"/></term><term lexeme=")" token="RP"><location begcolumn="32" begline="23" endcolumn="32" endline="23" loc="23.32 - 23.32"/></term><term lexeme=")" token="RP"><location begcolumn="33" begline="23" endcolumn="33" endline="23" loc="23.33 - 23.33"/></term><term lexeme=";" token="SEMICOLON"><location begcolumn="34" begline="23" endcolumn="34" endline="23" loc="23.34 - 23.34"/></term><term lexeme="putChar" token="ID"><location begcolumn="5" begline="24" endcolumn="11" endline="24" loc="24.5 - 24.11"/></term><term lexeme="(" token="LP"><location begcolumn="12" begline="24" endcolumn="12" endline="24" loc="24.12 - 24.12"/></term><term lexeme="(" token="LP"><location begcolumn="13" begline="24" endcolumn="13" endline="24" loc="24.13 - 24.13"/></term><term lexeme="48" token="INTEGER"><location begcolumn="14" begline="24" endcolumn="15" endline="24" loc="24.14 - 24.15"/></term><term lexeme="+" token="ADD"><location begcolumn="17" begline="24" endcolumn="17" endline="24" loc="24.17 - 24.17"/></term><term lexeme="tab" token="ID"><location begcolumn="19" begline="24" endcolumn="21" endline="24" loc="24.19 - 24.21"/></term><term lexeme="[" token="LB"><location begcolumn="22" begline="24" endcolumn="22" endline="24" loc="24.22 - 24.22"/></term><term lexeme="3" token="INTEGER"><location begcolumn="23" begline="24" endcolumn="23" endline="24" loc="24.23 - 24.23"/></term><term lexeme="]" token="RB"><location begcolumn="24" begline="24" endcolumn="24" endline="24" loc="24.24 - 24.24"/></term><term lexeme=":" token="COLON"><location begcolumn="26" begline="24" endcolumn="26" endline="24" loc="24.26 - 24.26"/></term><term lexeme="char" token="CHAR"><location begcolumn="28" begline="24" endcolumn="31" endline="24" loc="24.28 - 24.31"/></term><term lexeme=")" token="RP"><location begcolumn="32" begline="24" endcolumn="32" endline="24" loc="24.32 - 24.32"/></term><term lexeme=")" token="RP"><location begcolumn="33" begline="24" endcolumn="33" endline="24" loc="24.33 - 24.33"/></term><term lexeme=";" token="SEMICOLON"><location begcolumn="34" begline="24" endcolumn="34" endline="24" loc="24.34 - 24.34"/></term><term lexeme="putChar" token="ID"><location begcolumn="5" begline="25" endcolumn="11" endline="25" loc="25.5 - 25.11"/></term><term lexeme="(" token="LP"><location begcolumn="12" begline="25" endcolumn="12" endline="25" loc="25.12 - 25.12"/></term><term lexeme="(" token="LP"><location begcolumn="13" begline="25" endcolumn="13" endline="25" loc="25.13 - 25.13"/></term><term lexeme="48" token="INTEGER"><location begcolumn="14" begline="25" endcolumn="15" endline="25" loc="25.14 - 25.15"/></term><term lexeme="+" token="ADD"><location begcolumn="17" begline="25" endcolumn="17" endline="25" loc="25.17 - 25.17"/></term><term lexeme="tab" token="ID"><location begcolumn="19" begline="25" endcolumn="21" endline="25" loc="25.19 - 25.21"/></term><term lexeme="[" token="LB"><location begcolumn="22" begline="25" endcolumn="22" endline="25" loc="25.22 - 25.22"/></term><term lexeme="4" token="INTEGER"><location begcolumn="23" begline="25" endcolumn="23" endline="25" loc="25.23 - 25.23"/></term><term lexeme="]" token="RB"><location begcolumn="24" begline="25" endcolumn="24" endline="25" loc="25.24 - 25.24"/></term><term lexeme=":" token="COLON"><location begcolumn="26" begline="25" endcolumn="26" endline="25" loc="25.26 - 25.26"/></term><term lexeme="char" token="CHAR"><location begcolumn="28" begline="25" endcolumn="31" endline="25" loc="25.28 - 25.31"/></term><term lexeme=")" token="RP"><location begcolumn="32" begline="25" endcolumn="32" endline="25" loc="25.32 - 25.32"/></term><term lexeme=")" token="RP"><location begcolumn="33" begline="25" endcolumn="33" endline="25" loc="25.33 - 25.33"/></term><term lexeme=";" token="SEMICOLON"><location begcolumn="34" begline="25" endcolumn="34" endline="25" loc="25.34 - 25.34"/></term><term lexeme="putChar" token="ID"><location begcolumn="5" begline="26" endcolumn="11" endline="26" loc="26.5 - 26.11"/></term><term lexeme="(" token="LP"><location begcolumn="12" begline="26" endcolumn="12" endline="26" loc="26.12 - 26.12"/></term><term lexeme="' '" token="CHARCONST"><location begcolumn="13" begline="26" endcolumn="15" endline="26" loc="26.13 - 26.15"/></term><term lexeme=")" token="RP"><location begcolumn="16" begline="26" endcolumn="16" endline="26" loc="26.16 - 26.16"/></term><term lexeme=";" token="SEMICOLON"><location begcolumn="17" begline="26" endcolumn="17" endline="26" loc="26.17 - 26.17"/></term><term lexeme="}" token="RBR"><location begcolumn="1" begline="27" endcolumn="1" endline="27" loc="27.1 - 27.1"/></term><term lexeme=";" token="SEMICOLON"><location begcolumn="2" begline="27" endcolumn="2" endline="27" loc="27.2 - 27.2"/></term><term lexeme="fun" token="FUN"><location begcolumn="1" begline="29" endcolumn="3" endline="29" loc="29.1 - 29.3"/></term><term lexeme="main" token="ID"><location begcolumn="5" begline="29" endcolumn="8" endline="29" loc="29.5 - 29.8"/></term><term lexeme="(" token="LP"><location begcolumn="9" begline="29" endcolumn="9" endline="29" loc="29.9 - 29.9"/></term><term lexeme=")" token="RP"><location begcolumn="10" begline="29" endcolumn="10" endline="29" loc="29.10 - 29.10"/></term><term lexeme=":" token="COLON"><location begcolumn="12" begline="29" endcolumn="12" endline="29" loc="29.12 - 29.12"/></term><term lexeme="int" token="INT"><location begcolumn="14" begline="29" endcolumn="16" endline="29" loc="29.14 - 29.16"/></term><term lexeme="=" token="ASSIGN"><location begcolumn="18" begline="29" endcolumn="18" endline="29" loc="29.18 - 29.18"/></term><term lexeme="{" token="LBR"><location begcolumn="20" begline="29" endcolumn="20" endline="29" loc="29.20 - 29.20"/></term><term lexeme="tab" token="ID"><location begcolumn="5" begline="30" endcolumn="7" endline="30" loc="30.5 - 30.7"/></term><term lexeme="[" token="LB"><location begcolumn="8" begline="30" endcolumn="8" endline="30" loc="30.8 - 30.8"/></term><term lexeme="0" token="INTEGER"><location begcolumn="9" begline="30" endcolumn="9" endline="30" loc="30.9 - 30.9"/></term><term lexeme="]" token="RB"><location begcolumn="10" begline="30" endcolumn="10" endline="30" loc="30.10 - 30.10"/></term><term lexeme="=" token="ASSIGN"><location begcolumn="12" begline="30" endcolumn="12" endline="30" loc="30.12 - 30.12"/></term><term lexeme="9" token="INTEGER"><location begcolumn="14" begline="30" endcolumn="14" endline="30" loc="30.14 - 30.14"/></term><term lexeme=";" token="SEMICOLON"><location begcolumn="15" begline="30" endcolumn="15" endline="30" loc="30.15 - 30.15"/></term><term lexeme="tab" token="ID"><location begcolumn="5" begline="31" endcolumn="7" endline="31" loc="31.5 - 31.7"/></term><term lexeme="[" token="LB"><location begcolumn="8" begline="31" endcolumn="8" endline="31" loc="31.8 - 31.8"/></term><term lexeme="1" token="INTEGER"><location begcolumn="9" begline="31" endcolumn="9" endline="31" loc="31.9 - 31.9"/></term><term lexeme="]" token="RB"><location begcolumn="10" begline="31" endcolumn="10" endline="31" loc="31.10 - 31.10"/></term><term lexeme="=" token="ASSIGN"><location begcolumn="12" begline="31" endcolumn="12" endline="31" loc="31.12 - 31.12"/></term><term lexeme="6" token="INTEGER"><location begcolumn="14" begline="31" endcolumn="14" endline="31" loc="31.14 - 31.14"/></term><term lexeme=";" token="SEMICOLON"><location begcolumn="15" begline="31" endcolumn="15" endline="31" loc="31.15 - 31.15"/></term><term lexeme="tab" token="ID"><location begcolumn="5" begline="32" endcolumn="7" endline="32" loc="32.5 - 32.7"/></term><term lexeme="[" token="LB"><location begcolumn="8" begline="32" endcolumn="8" endline="32" loc="32.8 - 32.8"/></term><term lexeme="2" token="INTEGER"><location begcolumn="9" begline="32" endcolumn="9" endline="32" loc="32.9 - 32.9"/></term><term lexeme="]" token="RB"><location begcolumn="10" begline="32" endcolumn="10" endline="32" loc="32.10 - 32.10"/></term><term lexeme="=" token="ASSIGN"><location begcolumn="12" begline="32" endcolumn="12" endline="32" loc="32.12 - 32.12"/></term><term lexeme="3" token="INTEGER"><location begcolumn="14" begline="32" endcolumn="14" endline="32" loc="32.14 - 32.14"/></term><term lexeme=";" token="SEMICOLON"><location begcolumn="15" begline="32" endcolumn="15" endline="32" loc="32.15 - 32.15"/></term><term lexeme="tab" token="ID"><location begcolumn="5" begline="33" endcolumn="7" endline="33" loc="33.5 - 33.7"/></term><term lexeme="[" token="LB"><location begcolumn="8" begline="33" endcolumn="8" endline="33" loc="33.8 - 33.8"/></term><term lexeme="3" token="INTEGER"><location begcolumn="9" begline="33" endcolumn="9" endline="33" loc="33.9 - 33.9"/></term><term lexeme="]" token="RB"><location begcolumn="10" begline="33" endcolumn="10" endline="33" loc="33.10 - 33.10"/></term><term lexeme="=" token="ASSIGN"><location begcolumn="12" begline="33" endcolumn="12" endline="33" loc="33.12 - 33.12"/></term><term lexeme="9" token="INTEGER"><location begcolumn="14" begline="33" endcolumn="14" endline="33" loc="33.14 - 33.14"/></term><term lexeme=";" token="SEMICOLON"><location begcolumn="15" begline="33" endcolumn="15" endline="33" loc="33.15 - 33.15"/></term><term lexeme="tab" token="ID"><location begcolumn="5" begline="34" endcolumn="7" endline="34" loc="34.5 - 34.7"/></term><term lexeme="[" token="LB"><location begcolumn="8" begline="34" endcolumn="8" endline="34" loc="34.8 - 34.8"/></term><term lexeme="4" token="INTEGER"><location begcolumn="9" begline="34" endcolumn="9" endline="34" loc="34.9 - 34.9"/></term><term lexeme="]" token="RB"><location begcolumn="10" begline="34" endcolumn="10" endline="34" loc="34.10 - 34.10"/></term><term lexeme="=" token="ASSIGN"><location begcolumn="12" begline="34" endcolumn="12" endline="34" loc="34.12 - 34.12"/></term><term lexeme="8" token="INTEGER"><location begcolumn="14" begline="34" endcolumn="14" endline="34" loc="34.14 - 34.14"/></term><term lexeme=";" token="SEMICOLON"><location begcolumn="15" begline="34" endcolumn="15" endline="34" loc="34.15 - 34.15"/></term><term lexeme="outputStartArray" token="ID"><location begcolumn="5" begline="36" endcolumn="20" endline="36" loc="36.5 - 36.20"/></term><term lexeme="(" token="LP"><location begcolumn="21" begline="36" endcolumn="21" endline="36" loc="36.21 - 36.21"/></term><term lexeme=")" token="RP"><location begcolumn="22" begline="36" endcolumn="22" endline="36" loc="36.22 - 36.22"/></term><term lexeme=";" token="SEMICOLON"><location begcolumn="23" begline="36" endcolumn="23" endline="36" loc="36.23 - 36.23"/></term><term lexeme="(" token="LP"><location begcolumn="5" begline="38" endcolumn="5" endline="38" loc="38.5 - 38.5"/></term><term lexeme="sort" token="ID"><location begcolumn="6" begline="38" endcolumn="9" endline="38" loc="38.6 - 38.9"/></term><term lexeme="(" token="LP"><location begcolumn="10" begline="38" endcolumn="10" endline="38" loc="38.10 - 38.10"/></term><term lexeme=")" token="RP"><location begcolumn="11" begline="38" endcolumn="11" endline="38" loc="38.11 - 38.11"/></term><term lexeme="where" token="WHERE"><location begcolumn="13" begline="38" endcolumn="17" endline="38" loc="38.13 - 38.17"/></term><term lexeme="var" token="VAR"><location begcolumn="9" begline="39" endcolumn="11" endline="39" loc="39.9 - 39.11"/></term><term lexeme="index" token="ID"><location begcolumn="13" begline="39" endcolumn="17" endline="39" loc="39.13 - 39.17"/></term><term lexeme=":" token="COLON"><location begcolumn="19" begline="39" endcolumn="19" endline="39" loc="39.19 - 39.19"/></term><term lexeme="int" token="INT"><location begcolumn="21" begline="39" endcolumn="23" endline="39" loc="39.21 - 39.23"/></term><term lexeme=";" token="SEMICOLON"><location begcolumn="24" begline="39" endcolumn="24" endline="39" loc="39.24 - 39.24"/></term><term lexeme="var" token="VAR"><location begcolumn="9" begline="40" endcolumn="11" endline="40" loc="40.9 - 40.11"/></term><term lexeme="index2" token="ID"><location begcolumn="13" begline="40" endcolumn="18" endline="40" loc="40.13 - 40.18"/></term><term lexeme=":" token="COLON"><location begcolumn="20" begline="40" endcolumn="20" endline="40" loc="40.20 - 40.20"/></term><term lexeme="int" token="INT"><location begcolumn="22" begline="40" endcolumn="24" endline="40" loc="40.22 - 40.24"/></term><term lexeme=";" token="SEMICOLON"><location begcolumn="25" begline="40" endcolumn="25" endline="40" loc="40.25 - 40.25"/></term><term lexeme="var" token="VAR"><location begcolumn="9" begline="41" endcolumn="11" endline="41" loc="41.9 - 41.11"/></term><term lexeme="tmp" token="ID"><location begcolumn="13" begline="41" endcolumn="15" endline="41" loc="41.13 - 41.15"/></term><term lexeme=":" token="COLON"><location begcolumn="17" begline="41" endcolumn="17" endline="41" loc="41.17 - 41.17"/></term><term lexeme="int" token="INT"><location begcolumn="19" begline="41" endcolumn="21" endline="41" loc="41.19 - 41.21"/></term><term lexeme=";" token="SEMICOLON"><location begcolumn="22" begline="41" endcolumn="22" endline="41" loc="41.22 - 41.22"/></term><term lexeme="var" token="VAR"><location begcolumn="9" begline="42" endcolumn="11" endline="42" loc="42.9 - 42.11"/></term><term lexeme="max" token="ID"><location begcolumn="13" begline="42" endcolumn="15" endline="42" loc="42.13 - 42.15"/></term><term lexeme=":" token="COLON"><location begcolumn="17" begline="42" endcolumn="17" endline="42" loc="42.17 - 42.17"/></term><term lexeme="int" token="INT"><location begcolumn="19" begline="42" endcolumn="21" endline="42" loc="42.19 - 42.21"/></term><term lexeme=";" token="SEMICOLON"><location begcolumn="22" begline="42" endcolumn="22" endline="42" loc="42.22 - 42.22"/></term><term lexeme="fun" token="FUN"><location begcolumn="9" begline="44" endcolumn="11" endline="44" loc="44.9 - 44.11"/></term><term lexeme="sort" token="ID"><location begcolumn="13" begline="44" endcolumn="16" endline="44" loc="44.13 - 44.16"/></term><term lexeme="(" token="LP"><location begcolumn="17" begline="44" endcolumn="17" endline="44" loc="44.17 - 44.17"/></term><term lexeme=")" token="RP"><location begcolumn="18" begline="44" endcolumn="18" endline="44" loc="44.18 - 44.18"/></term><term lexeme=":" token="COLON"><location begcolumn="20" begline="44" endcolumn="20" endline="44" loc="44.20 - 44.20"/></term><term lexeme="void" token="VOID"><location begcolumn="22" begline="44" endcolumn="25" endline="44" loc="44.22 - 44.25"/></term><term lexeme="=" token="ASSIGN"><location begcolumn="27" begline="44" endcolumn="27" endline="44" loc="44.27 - 44.27"/></term><term lexeme="{" token="LBR"><location begcolumn="29" begline="44" endcolumn="29" endline="44" loc="44.29 - 44.29"/></term><term lexeme="index" token="ID"><location begcolumn="13" begline="45" endcolumn="17" endline="45" loc="45.13 - 45.17"/></term><term lexeme="=" token="ASSIGN"><location begcolumn="19" begline="45" endcolumn="19" endline="45" loc="45.19 - 45.19"/></term><term lexeme="0" token="INTEGER"><location begcolumn="21" begline="45" endcolumn="21" endline="45" loc="45.21 - 45.21"/></term><term lexeme=";" token="SEMICOLON"><location begcolumn="22" begline="45" endcolumn="22" endline="45" loc="45.22 - 45.22"/></term><term lexeme="tmp" token="ID"><location begcolumn="13" begline="46" endcolumn="15" endline="46" loc="46.13 - 46.15"/></term><term lexeme="=" token="ASSIGN"><location begcolumn="17" begline="46" endcolumn="17" endline="46" loc="46.17 - 46.17"/></term><term lexeme="0" token="INTEGER"><location begcolumn="19" begline="46" endcolumn="19" endline="46" loc="46.19 - 46.19"/></term><term lexeme=";" token="SEMICOLON"><location begcolumn="20" begline="46" endcolumn="20" endline="46" loc="46.20 - 46.20"/></term><term lexeme="while" token="WHILE"><location begcolumn="13" begline="48" endcolumn="17" endline="48" loc="48.13 - 48.17"/></term><term lexeme="index" token="ID"><location begcolumn="19" begline="48" endcolumn="23" endline="48" loc="48.19 - 48.23"/></term><term lexeme="&lt;" token="LT"><location begcolumn="25" begline="48" endcolumn="25" endline="48" loc="48.25 - 48.25"/></term><term lexeme="5" token="INTEGER"><location begcolumn="27" begline="48" endcolumn="27" endline="48" loc="48.27 - 48.27"/></term><term lexeme="do" token="DO"><location begcolumn="29" begline="48" endcolumn="30" endline="48" loc="48.29 - 48.30"/></term><term lexeme="index2" token="ID"><location begcolumn="17" begline="49" endcolumn="22" endline="49" loc="49.17 - 49.22"/></term><term lexeme="=" token="ASSIGN"><location begcolumn="24" begline="49" endcolumn="24" endline="49" loc="49.24 - 49.24"/></term><term lexeme="index" token="ID"><location begcolumn="26" begline="49" endcolumn="30" endline="49" loc="49.26 - 49.30"/></term><term lexeme=";" token="SEMICOLON"><location begcolumn="31" begline="49" endcolumn="31" endline="49" loc="49.31 - 49.31"/></term><term lexeme="while" token="WHILE"><location begcolumn="17" begline="50" endcolumn="21" endline="50" loc="50.17 - 50.21"/></term><term lexeme="index2" token="ID"><location begcolumn="23" begline="50" endcolumn="28" endline="50" loc="50.23 - 50.28"/></term><term lexeme="&lt;" token="LT"><location begcolumn="30" begline="50" endcolumn="30" endline="50" loc="50.30 - 50.30"/></term><term lexeme="5" token="INTEGER"><location begcolumn="32" begline="50" endcolumn="32" endline="50" loc="50.32 - 50.32"/></term><term lexeme="do" token="DO"><location begcolumn="34" begline="50" endcolumn="35" endline="50" loc="50.34 - 50.35"/></term><term lexeme="if" token="IF"><location begcolumn="21" begline="51" endcolumn="22" endline="51" loc="51.21 - 51.22"/></term><term lexeme="index2" token="ID"><location begcolumn="24" begline="51" endcolumn="29" endline="51" loc="51.24 - 51.29"/></term><term lexeme="+" token="ADD"><location begcolumn="31" begline="51" endcolumn="31" endline="51" loc="51.31 - 51.31"/></term><term lexeme="1" token="INTEGER"><location begcolumn="33" begline="51" endcolumn="33" endline="51" loc="51.33 - 51.33"/></term><term lexeme="&lt;" token="LT"><location begcolumn="35" begline="51" endcolumn="35" endline="51" loc="51.35 - 51.35"/></term><term lexeme="5" token="INTEGER"><location begcolumn="37" begline="51" endcolumn="37" endline="51" loc="51.37 - 51.37"/></term><term lexeme="then" token="THEN"><location begcolumn="39" begline="51" endcolumn="42" endline="51" loc="51.39 - 51.42"/></term><term lexeme="if" token="IF"><location begcolumn="25" begline="52" endcolumn="26" endline="52" loc="52.25 - 52.26"/></term><term lexeme="tab" token="ID"><location begcolumn="28" begline="52" endcolumn="30" endline="52" loc="52.28 - 52.30"/></term><term lexeme="[" token="LB"><location begcolumn="31" begline="52" endcolumn="31" endline="52" loc="52.31 - 52.31"/></term><term lexeme="index2" token="ID"><location begcolumn="32" begline="52" endcolumn="37" endline="52" loc="52.32 - 52.37"/></term><term lexeme="]" token="RB"><location begcolumn="38" begline="52" endcolumn="38" endline="52" loc="52.38 - 52.38"/></term><term lexeme="&lt;" token="LT"><location begcolumn="40" begline="52" endcolumn="40" endline="52" loc="52.40 - 52.40"/></term><term lexeme="tab" token="ID"><location begcolumn="42" begline="52" endcolumn="44" endline="52" loc="52.42 - 52.44"/></term><term lexeme="[" token="LB"><location begcolumn="45" begline="52" endcolumn="45" endline="52" loc="52.45 - 52.45"/></term><term lexeme="index2" token="ID"><location begcolumn="46" begline="52" endcolumn="51" endline="52" loc="52.46 - 52.51"/></term><term lexeme="+" token="ADD"><location begcolumn="53" begline="52" endcolumn="53" endline="52" loc="52.53 - 52.53"/></term><term lexeme="1" token="INTEGER"><location begcolumn="55" begline="52" endcolumn="55" endline="52" loc="52.55 - 52.55"/></term><term lexeme="]" token="RB"><location begcolumn="56" begline="52" endcolumn="56" endline="52" loc="52.56 - 52.56"/></term><term lexeme="then" token="THEN"><location begcolumn="58" begline="52" endcolumn="61" endline="52" loc="52.58 - 52.61"/></term><term lexeme="tmp" token="ID"><location begcolumn="29" begline="53" endcolumn="31" endline="53" loc="53.29 - 53.31"/></term><term lexeme="=" token="ASSIGN"><location begcolumn="33" begline="53" endcolumn="33" endline="53" loc="53.33 - 53.33"/></term><term lexeme="tab" token="ID"><location begcolumn="35" begline="53" endcolumn="37" endline="53" loc="53.35 - 53.37"/></term><term lexeme="[" token="LB"><location begcolumn="38" begline="53" endcolumn="38" endline="53" loc="53.38 - 53.38"/></term><term lexeme="index2" token="ID"><location begcolumn="39" begline="53" endcolumn="44" endline="53" loc="53.39 - 53.44"/></term><term lexeme="]" token="RB"><location begcolumn="45" begline="53" endcolumn="45" endline="53" loc="53.45 - 53.45"/></term><term lexeme=";" token="SEMICOLON"><location begcolumn="46" begline="53" endcolumn="46" endline="53" loc="53.46 - 53.46"/></term><term lexeme="tab" token="ID"><location begcolumn="29" begline="54" endcolumn="31" endline="54" loc="54.29 - 54.31"/></term><term lexeme="[" token="LB"><location begcolumn="32" begline="54" endcolumn="32" endline="54" loc="54.32 - 54.32"/></term><term lexeme="index2" token="ID"><location begcolumn="33" begline="54" endcolumn="38" endline="54" loc="54.33 - 54.38"/></term><term lexeme="]" token="RB"><location begcolumn="39" begline="54" endcolumn="39" endline="54" loc="54.39 - 54.39"/></term><term lexeme="=" token="ASSIGN"><location begcolumn="41" begline="54" endcolumn="41" endline="54" loc="54.41 - 54.41"/></term><term lexeme="tab" token="ID"><location begcolumn="43" begline="54" endcolumn="45" endline="54" loc="54.43 - 54.45"/></term><term lexeme="[" token="LB"><location begcolumn="46" begline="54" endcolumn="46" endline="54" loc="54.46 - 54.46"/></term><term lexeme="index2" token="ID"><location begcolumn="47" begline="54" endcolumn="52" endline="54" loc="54.47 - 54.52"/></term><term lexeme="+" token="ADD"><location begcolumn="54" begline="54" endcolumn="54" endline="54" loc="54.54 - 54.54"/></term><term lexeme="1" token="INTEGER"><location begcolumn="56" begline="54" endcolumn="56" endline="54" loc="54.56 - 54.56"/></term><term lexeme="]" token="RB"><location begcolumn="57" begline="54" endcolumn="57" endline="54" loc="54.57 - 54.57"/></term><term lexeme=";" token="SEMICOLON"><location begcolumn="58" begline="54" endcolumn="58" endline="54" loc="54.58 - 54.58"/></term><term lexeme="tab" token="ID"><location begcolumn="29" begline="55" endcolumn="31" endline="55" loc="55.29 - 55.31"/></term><term lexeme="[" token="LB"><location begcolumn="32" begline="55" endcolumn="32" endline="55" loc="55.32 - 55.32"/></term><term lexeme="index2" token="ID"><location begcolumn="33" begline="55" endcolumn="38" endline="55" loc="55.33 - 55.38"/></term><term lexeme="+" token="ADD"><location begcolumn="40" begline="55" endcolumn="40" endline="55" loc="55.40 - 55.40"/></term><term lexeme="1" token="INTEGER"><location begcolumn="42" begline="55" endcolumn="42" endline="55" loc="55.42 - 55.42"/></term><term lexeme="]" token="RB"><location begcolumn="43" begline="55" endcolumn="43" endline="55" loc="55.43 - 55.43"/></term><term lexeme="=" token="ASSIGN"><location begcolumn="45" begline="55" endcolumn="45" endline="55" loc="55.45 - 55.45"/></term><term lexeme="tmp" token="ID"><location begcolumn="47" begline="55" endcolumn="49" endline="55" loc="55.47 - 55.49"/></term><term lexeme=";" token="SEMICOLON"><location begcolumn="50" begline="55" endcolumn="50" endline="55" loc="55.50 - 55.50"/></term><term lexeme="end" token="END"><location begcolumn="25" begline="56" endcolumn="27" endline="56" loc="56.25 - 56.27"/></term><term lexeme=";" token="SEMICOLON"><location begcolumn="28" begline="56" endcolumn="28" endline="56" loc="56.28 - 56.28"/></term><term lexeme="end" token="END"><location begcolumn="21" begline="57" endcolumn="23" endline="57" loc="57.21 - 57.23"/></term><term lexeme=";" token="SEMICOLON"><location begcolumn="24" begline="57" endcolumn="24" endline="57" loc="57.24 - 57.24"/></term><term lexeme="index2" token="ID"><location begcolumn="21" begline="59" endcolumn="26" endline="59" loc="59.21 - 59.26"/></term><term lexeme="=" token="ASSIGN"><location begcolumn="28" begline="59" endcolumn="28" endline="59" loc="59.28 - 59.28"/></term><term lexeme="index2" token="ID"><location begcolumn="30" begline="59" endcolumn="35" endline="59" loc="59.30 - 59.35"/></term><term lexeme="+" token="ADD"><location begcolumn="37" begline="59" endcolumn="37" endline="59" loc="59.37 - 59.37"/></term><term lexeme="1" token="INTEGER"><location begcolumn="39" begline="59" endcolumn="39" endline="59" loc="59.39 - 59.39"/></term><term lexeme=";" token="SEMICOLON"><location begcolumn="40" begline="59" endcolumn="40" endline="59" loc="59.40 - 59.40"/></term><term lexeme="end" token="END"><location begcolumn="17" begline="60" endcolumn="19" endline="60" loc="60.17 - 60.19"/></term><term lexeme=";" token="SEMICOLON"><location begcolumn="20" begline="60" endcolumn="20" endline="60" loc="60.20 - 60.20"/></term><term lexeme="index" token="ID"><location begcolumn="17" begline="62" endcolumn="21" endline="62" loc="62.17 - 62.21"/></term><term lexeme="=" token="ASSIGN"><location begcolumn="23" begline="62" endcolumn="23" endline="62" loc="62.23 - 62.23"/></term><term lexeme="index" token="ID"><location begcolumn="25" begline="62" endcolumn="29" endline="62" loc="62.25 - 62.29"/></term><term lexeme="+" token="ADD"><location begcolumn="31" begline="62" endcolumn="31" endline="62" loc="62.31 - 62.31"/></term><term lexeme="1" token="INTEGER"><location begcolumn="33" begline="62" endcolumn="33" endline="62" loc="62.33 - 62.33"/></term><term lexeme=";" token="SEMICOLON"><location begcolumn="34" begline="62" endcolumn="34" endline="62" loc="62.34 - 62.34"/></term><term lexeme="end" token="END"><location begcolumn="13" begline="63" endcolumn="15" endline="63" loc="63.13 - 63.15"/></term><term lexeme=";" token="SEMICOLON"><location begcolumn="16" begline="63" endcolumn="16" endline="63" loc="63.16 - 63.16"/></term><term lexeme="exit_code" token="ID"><location begcolumn="13" begline="65" endcolumn="21" endline="65" loc="65.13 - 65.21"/></term><term lexeme="=" token="ASSIGN"><location begcolumn="23" begline="65" endcolumn="23" endline="65" loc="65.23 - 65.23"/></term><term lexeme="0" token="INTEGER"><location begcolumn="25" begline="65" endcolumn="25" endline="65" loc="65.25 - 65.25"/></term><term lexeme=";" token="SEMICOLON"><location begcolumn="26" begline="65" endcolumn="26" endline="65" loc="65.26 - 65.26"/></term><term lexeme="}" token="RBR"><location begcolumn="9" begline="66" endcolumn="9" endline="66" loc="66.9 - 66.9"/></term><term lexeme=";" token="SEMICOLON"><location begcolumn="10" begline="66" endcolumn="10" endline="66" loc="66.10 - 66.10"/></term><term lexeme=")" token="RP"><location begcolumn="5" begline="67" endcolumn="5" endline="67" loc="67.5 - 67.5"/></term><term lexeme=";" token="SEMICOLON"><location begcolumn="6" begline="67" endcolumn="6" endline="67" loc="67.6 - 67.6"/></term><term lexeme="outputSortedArray" token="ID"><location begcolumn="5" begline="69" endcolumn="21" endline="69" loc="69.5 - 69.21"/></term><term lexeme="(" token="LP"><location begcolumn="22" begline="69" endcolumn="22" endline="69" loc="69.22 - 69.22"/></term><term lexeme=")" token="RP"><location begcolumn="23" begline="69" endcolumn="23" endline="69" loc="69.23 - 69.23"/></term><term lexeme=";" token="SEMICOLON"><location begcolumn="24" begline="69" endcolumn="24" endline="69" loc="69.24 - 69.24"/></term><term lexeme="exit_code" token="ID"><location begcolumn="5" begline="71" endcolumn="13" endline="71" loc="71.5 - 71.13"/></term><term lexeme=";" token="SEMICOLON"><location begcolumn="14" begline="71" endcolumn="14" endline="71" loc="71.14 - 71.14"/></term><term lexeme="}" token="RBR"><location begcolumn="1" begline="72" endcolumn="1" endline="72" loc="72.1 - 72.1"/></term><term lexeme=";" token="SEMICOLON"><location begcolumn="2" begline="72" endcolumn="2" endline="72" loc="72.2 - 72.2"/></term><term lexeme="" token="EOF"/></lexan>