<?xml version="1.0" encoding="UTF-8" standalone="no"?><?xml-stylesheet type="text/xsl" href="../lib/xsl/seman.xsl"?><seman><node id="93" label="{Decls}"><node id="1" label="VarDecl" lexeme="i"><node id="0" label="AtomType" spec="INT"><location begcolumn="9" begline="1" endcolumn="11" endline="1" loc="1.9 - 1.11"/><isType><semtype type="INTEGER"/></isType></node><location begcolumn="1" begline="1" endcolumn="12" endline="1" loc="1.1 - 1.12"/></node><node id="3" label="VarDecl" lexeme="exit_code"><node id="2" label="AtomType" spec="INT"><location begcolumn="17" begline="3" endcolumn="19" endline="3" loc="3.17 - 3.19"/><isType><semtype type="INTEGER"/></isType></node><location begcolumn="1" begline="3" endcolumn="20" endline="3" loc="3.1 - 3.20"/></node><node id="9" label="FunDecl" lexeme="putChar"><node id="8" label="{Pars}"><node id="5" label="ParDecl" lexeme="c"><node id="4" label="AtomType" spec="CHAR"><location begcolumn="17" begline="4" endcolumn="20" endline="4" loc="4.17 - 4.20"/><isType><semtype type="CHAR"/></isType></node><location begcolumn="13" begline="4" endcolumn="20" endline="4" loc="4.13 - 4.20"/></node><location begcolumn="13" begline="4" endcolumn="20" endline="4" loc="4.13 - 4.20"/></node><node id="6" label="AtomType" spec="CHAR"><location begcolumn="25" begline="4" endcolumn="28" endline="4" loc="4.25 - 4.28"/><isType><semtype type="CHAR"/></isType></node><node id="7" label="AtomExpr" lexeme="' '" spec="CHAR"><location begcolumn="32" begline="4" endcolumn="34" endline="4" loc="4.32 - 4.34"/><ofType><semtype type="CHAR"/></ofType></node><location begcolumn="1" begline="4" endcolumn="35" endline="4" loc="4.1 - 4.35"/></node><node id="92" label="FunDecl" lexeme="main"><node id="10" label="AtomType" spec="INT"><location begcolumn="14" begline="6" endcolumn="16" endline="6" loc="6.14 - 6.16"/><isType><semtype type="INTEGER"/></isType></node><node id="90" label="StmtExpr"><node id="89" label="{Stmts}"><node id="13" label="AssignStmt"><node id="11" label="NameExpr" lexeme="i"><location begcolumn="5" begline="7" endcolumn="5" endline="7" loc="7.5 - 7.5"/><declaredAt idx="1" location="1.1 - 1.12"/><ofType><semtype type="INTEGER"/></ofType><lvalue/></node><node id="12" label="AtomExpr" lexeme="10" spec="INT"><location begcolumn="9" begline="7" endcolumn="10" endline="7" loc="7.9 - 7.10"/><ofType><semtype type="INTEGER"/></ofType></node><location begcolumn="5" begline="7" endcolumn="11" endline="7" loc="7.5 - 7.11"/><ofType><semtype type="VOID"/></ofType></node><node id="78" label="AssignStmt"><node id="14" label="NameExpr" lexeme="i"><location begcolumn="5" begline="9" endcolumn="5" endline="9" loc="9.5 - 9.5"/><declaredAt idx="1" location="1.1 - 1.12"/><ofType><semtype type="INTEGER"/></ofType><lvalue/></node><node id="77" label="WhereExpr"><node id="21" label="BinExpr" spec="GTH"><node id="17" label="CallExpr" lexeme="p"><node id="16" label="{CallArgs}"><node id="15" label="NameExpr" lexeme="i"><location begcolumn="12" begline="9" endcolumn="12" endline="9" loc="9.12 - 9.12"/><declaredAt idx="1" location="1.1 - 1.12"/><ofType><semtype type="INTEGER"/></ofType><lvalue/></node><location begcolumn="12" begline="9" endcolumn="12" endline="9" loc="9.12 - 9.12"/></node><location begcolumn="10" begline="9" endcolumn="13" endline="9" loc="9.10 - 9.13"/><declaredAt idx="75" location="11.9 - 22.10"/><ofType><semtype type="INTEGER"/></ofType></node><node id="20" label="ArrExpr"><node id="18" label="NameExpr" lexeme="integer"><location begcolumn="17" begline="9" endcolumn="23" endline="9" loc="9.17 - 9.23"/><declaredAt idx="25" location="10.9 - 10.29"/><ofType><semtype type="ARRAY[1]"><semtype type="INTEGER"/></semtype></ofType><lvalue/></node><node id="19" label="AtomExpr" lexeme="0" spec="INT"><location begcolumn="25" begline="9" endcolumn="25" endline="9" loc="9.25 - 9.25"/><ofType><semtype type="INTEGER"/></ofType></node><location begcolumn="17" begline="9" endcolumn="26" endline="9" loc="9.17 - 9.26"/><ofType><semtype type="INTEGER"/></ofType><lvalue/></node><location begcolumn="10" begline="9" endcolumn="26" endline="9" loc="9.10 - 9.26"/><ofType><semtype type="INTEGER"/></ofType></node><node id="76" label="{Decls}"><node id="25" label="VarDecl" lexeme="integer"><node id="24" label="ArrType"><node id="23" label="AtomType" spec="INT"><location begcolumn="26" begline="10" endcolumn="28" endline="10" loc="10.26 - 10.28"/><isType><semtype type="INTEGER"/></isType></node><node id="22" label="AtomExpr" lexeme="1" spec="INT"><location begcolumn="24" begline="10" endcolumn="24" endline="10" loc="10.24 - 10.24"/><ofType><semtype type="INTEGER"/></ofType></node><location begcolumn="23" begline="10" endcolumn="28" endline="10" loc="10.23 - 10.28"/><isType><semtype type="ARRAY[1]"><semtype type="INTEGER"/></semtype></isType></node><location begcolumn="9" begline="10" endcolumn="29" endline="10" loc="10.9 - 10.29"/></node><node id="75" label="FunDecl" lexeme="p"><node id="74" label="{Pars}"><node id="27" label="ParDecl" lexeme="num"><node id="26" label="AtomType" spec="INT"><location begcolumn="21" begline="11" endcolumn="23" endline="11" loc="11.21 - 11.23"/><isType><semtype type="INTEGER"/></isType></node><location begcolumn="15" begline="11" endcolumn="23" endline="11" loc="11.15 - 11.23"/></node><location begcolumn="15" begline="11" endcolumn="23" endline="11" loc="11.15 - 11.23"/></node><node id="28" label="AtomType" spec="INT"><location begcolumn="28" begline="11" endcolumn="30" endline="11" loc="11.28 - 11.30"/><isType><semtype type="INTEGER"/></isType></node><node id="73" label="StmtExpr"><node id="72" label="{Stmts}"><node id="35" label="AssignStmt"><node id="31" label="ArrExpr"><node id="29" label="NameExpr" lexeme="integer"><location begcolumn="13" begline="12" endcolumn="19" endline="12" loc="12.13 - 12.19"/><declaredAt idx="25" location="10.9 - 10.29"/><ofType><semtype type="ARRAY[1]"><semtype type="INTEGER"/></semtype></ofType><lvalue/></node><node id="30" label="AtomExpr" lexeme="0" spec="INT"><location begcolumn="21" begline="12" endcolumn="21" endline="12" loc="12.21 - 12.21"/><ofType><semtype type="INTEGER"/></ofType></node><location begcolumn="13" begline="12" endcolumn="22" endline="12" loc="12.13 - 12.22"/><ofType><semtype type="INTEGER"/></ofType><lvalue/></node><node id="34" label="BinExpr" spec="ADD"><node id="32" label="NameExpr" lexeme="num"><location begcolumn="26" begline="12" endcolumn="28" endline="12" loc="12.26 - 12.28"/><declaredAt idx="27" location="11.15 - 11.23"/><ofType><semtype type="INTEGER"/></ofType><lvalue/></node><node id="33" label="AtomExpr" lexeme="90" spec="INT"><location begcolumn="32" begline="12" endcolumn="33" endline="12" loc="12.32 - 12.33"/><ofType><semtype type="INTEGER"/></ofType></node><location begcolumn="26" begline="12" endcolumn="33" endline="12" loc="12.26 - 12.33"/><ofType><semtype type="INTEGER"/></ofType></node><location begcolumn="13" begline="12" endcolumn="34" endline="12" loc="12.13 - 12.34"/><ofType><semtype type="VOID"/></ofType></node><node id="38" label="AssignStmt"><node id="36" label="NameExpr" lexeme="exit_code"><location begcolumn="13" begline="13" endcolumn="21" endline="13" loc="13.13 - 13.21"/><declaredAt idx="3" location="3.1 - 3.20"/><ofType><semtype type="INTEGER"/></ofType><lvalue/></node><node id="37" label="AtomExpr" lexeme="0" spec="INT"><location begcolumn="25" begline="13" endcolumn="25" endline="13" loc="13.25 - 13.25"/><ofType><semtype type="INTEGER"/></ofType></node><location begcolumn="13" begline="13" endcolumn="26" endline="13" loc="13.13 - 13.26"/><ofType><semtype type="VOID"/></ofType></node><node id="55" label="IfStmt"><node id="43" label="BinExpr" spec="GTH"><node id="41" label="ArrExpr"><node id="39" label="NameExpr" lexeme="integer"><location begcolumn="16" begline="15" endcolumn="22" endline="15" loc="15.16 - 15.22"/><declaredAt idx="25" location="10.9 - 10.29"/><ofType><semtype type="ARRAY[1]"><semtype type="INTEGER"/></semtype></ofType><lvalue/></node><node id="40" label="AtomExpr" lexeme="0" spec="INT"><location begcolumn="24" begline="15" endcolumn="24" endline="15" loc="15.24 - 15.24"/><ofType><semtype type="INTEGER"/></ofType></node><location begcolumn="16" begline="15" endcolumn="25" endline="15" loc="15.16 - 15.25"/><ofType><semtype type="INTEGER"/></ofType><lvalue/></node><node id="42" label="AtomExpr" lexeme="90" spec="INT"><location begcolumn="29" begline="15" endcolumn="30" endline="15" loc="15.29 - 15.30"/><ofType><semtype type="INTEGER"/></ofType></node><location begcolumn="16" begline="15" endcolumn="30" endline="15" loc="15.16 - 15.30"/><ofType><semtype type="INTEGER"/></ofType></node><node id="53" label="{ThenStmts}"><node id="52" label="AssignStmt"><node id="46" label="ArrExpr"><node id="44" label="NameExpr" lexeme="integer"><location begcolumn="17" begline="16" endcolumn="23" endline="16" loc="16.17 - 16.23"/><declaredAt idx="25" location="10.9 - 10.29"/><ofType><semtype type="ARRAY[1]"><semtype type="INTEGER"/></semtype></ofType><lvalue/></node><node id="45" label="AtomExpr" lexeme="0" spec="INT"><location begcolumn="25" begline="16" endcolumn="25" endline="16" loc="16.25 - 16.25"/><ofType><semtype type="INTEGER"/></ofType></node><location begcolumn="17" begline="16" endcolumn="26" endline="16" loc="16.17 - 16.26"/><ofType><semtype type="INTEGER"/></ofType><lvalue/></node><node id="51" label="BinExpr" spec="ADD"><node id="49" label="ArrExpr"><node id="47" label="NameExpr" lexeme="integer"><location begcolumn="30" begline="16" endcolumn="36" endline="16" loc="16.30 - 16.36"/><declaredAt idx="25" location="10.9 - 10.29"/><ofType><semtype type="ARRAY[1]"><semtype type="INTEGER"/></semtype></ofType><lvalue/></node><node id="48" label="AtomExpr" lexeme="0" spec="INT"><location begcolumn="38" begline="16" endcolumn="38" endline="16" loc="16.38 - 16.38"/><ofType><semtype type="INTEGER"/></ofType></node><location begcolumn="30" begline="16" endcolumn="39" endline="16" loc="16.30 - 16.39"/><ofType><semtype type="INTEGER"/></ofType><lvalue/></node><node id="50" label="AtomExpr" lexeme="200" spec="INT"><location begcolumn="43" begline="16" endcolumn="45" endline="16" loc="16.43 - 16.45"/><ofType><semtype type="INTEGER"/></ofType></node><location begcolumn="30" begline="16" endcolumn="45" endline="16" loc="16.30 - 16.45"/><ofType><semtype type="INTEGER"/></ofType></node><location begcolumn="17" begline="16" endcolumn="46" endline="16" loc="16.17 - 16.46"/><ofType><semtype type="VOID"/></ofType></node><location begcolumn="17" begline="16" endcolumn="46" endline="16" loc="16.17 - 16.46"/></node><location begcolumn="13" begline="15" endcolumn="16" endline="17" loc="15.13 - 17.16"/><ofType><semtype type="VOID"/></ofType></node><node id="71" label="ExprStmt"><node id="70" label="WhereExpr"><node id="60" label="CallExpr" lexeme="p2"><node id="59" label="{CallArgs}"><node id="58" label="ArrExpr"><node id="56" label="NameExpr" lexeme="integer"><location begcolumn="18" begline="19" endcolumn="24" endline="19" loc="19.18 - 19.24"/><declaredAt idx="25" location="10.9 - 10.29"/><ofType><semtype type="ARRAY[1]"><semtype type="INTEGER"/></semtype></ofType><lvalue/></node><node id="57" label="AtomExpr" lexeme="0" spec="INT"><location begcolumn="26" begline="19" endcolumn="26" endline="19" loc="19.26 - 19.26"/><ofType><semtype type="INTEGER"/></ofType></node><location begcolumn="18" begline="19" endcolumn="27" endline="19" loc="19.18 - 19.27"/><ofType><semtype type="INTEGER"/></ofType><lvalue/></node><location begcolumn="18" begline="19" endcolumn="27" endline="19" loc="19.18 - 19.27"/></node><location begcolumn="15" begline="19" endcolumn="28" endline="19" loc="19.15 - 19.28"/><declaredAt idx="68" location="20.17 - 20.54"/><ofType><semtype type="INTEGER"/></ofType></node><node id="69" label="{Decls}"><node id="68" label="FunDecl" lexeme="p2"><node id="67" label="{Pars}"><node id="62" label="ParDecl" lexeme="num2"><node id="61" label="AtomType" spec="INT"><location begcolumn="31" begline="20" endcolumn="33" endline="20" loc="20.31 - 20.33"/><isType><semtype type="INTEGER"/></isType></node><location begcolumn="24" begline="20" endcolumn="33" endline="20" loc="20.24 - 20.33"/></node><location begcolumn="24" begline="20" endcolumn="33" endline="20" loc="20.24 - 20.33"/></node><node id="63" label="AtomType" spec="INT"><location begcolumn="38" begline="20" endcolumn="40" endline="20" loc="20.38 - 20.40"/><isType><semtype type="INTEGER"/></isType></node><node id="66" label="BinExpr" spec="ADD"><node id="64" label="NameExpr" lexeme="num2"><location begcolumn="44" begline="20" endcolumn="47" endline="20" loc="20.44 - 20.47"/><declaredAt idx="62" location="20.24 - 20.33"/><ofType><semtype type="INTEGER"/></ofType><lvalue/></node><node id="65" label="AtomExpr" lexeme="100" spec="INT"><location begcolumn="51" begline="20" endcolumn="53" endline="20" loc="20.51 - 20.53"/><ofType><semtype type="INTEGER"/></ofType></node><location begcolumn="44" begline="20" endcolumn="53" endline="20" loc="20.44 - 20.53"/><ofType><semtype type="INTEGER"/></ofType></node><location begcolumn="17" begline="20" endcolumn="54" endline="20" loc="20.17 - 20.54"/></node><location begcolumn="17" begline="20" endcolumn="54" endline="20" loc="20.17 - 20.54"/></node><location begcolumn="13" begline="19" endcolumn="13" endline="21" loc="19.13 - 21.13"/><ofType><semtype type="INTEGER"/></ofType></node><location begcolumn="13" begline="19" endcolumn="14" endline="21" loc="19.13 - 21.14"/><ofType><semtype type="INTEGER"/></ofType></node><location begcolumn="13" begline="12" endcolumn="14" endline="21" loc="12.13 - 21.14"/></node><location begcolumn="34" begline="11" endcolumn="9" endline="22" loc="11.34 - 22.9"/><ofType><semtype type="INTEGER"/></ofType></node><location begcolumn="9" begline="11" endcolumn="10" endline="22" loc="11.9 - 22.10"/></node><location begcolumn="9" begline="10" endcolumn="10" endline="22" loc="10.9 - 22.10"/></node><location begcolumn="9" begline="9" endcolumn="5" endline="23" loc="9.9 - 23.5"/><ofType><semtype type="INTEGER"/></ofType></node><location begcolumn="5" begline="9" endcolumn="6" endline="23" loc="9.5 - 23.6"/><ofType><semtype type="VOID"/></ofType></node><node id="86" label="ExprStmt"><node id="85" label="CallExpr" lexeme="putChar"><node id="84" label="{CallArgs}"><node id="83" label="CastExpr"><node id="81" label="BinExpr" spec="ADD"><node id="79" label="NameExpr" lexeme="i"><location begcolumn="14" begline="25" endcolumn="14" endline="25" loc="25.14 - 25.14"/><declaredAt idx="1" location="1.1 - 1.12"/><ofType><semtype type="INTEGER"/></ofType><lvalue/></node><node id="80" label="AtomExpr" lexeme="48" spec="INT"><location begcolumn="18" begline="25" endcolumn="19" endline="25" loc="25.18 - 25.19"/><ofType><semtype type="INTEGER"/></ofType></node><location begcolumn="14" begline="25" endcolumn="19" endline="25" loc="25.14 - 25.19"/><ofType><semtype type="INTEGER"/></ofType></node><node id="82" label="AtomType" spec="CHAR"><location begcolumn="23" begline="25" endcolumn="26" endline="25" loc="25.23 - 25.26"/><isType><semtype type="CHAR"/></isType></node><location begcolumn="13" begline="25" endcolumn="27" endline="25" loc="25.13 - 25.27"/><ofType><semtype type="CHAR"/></ofType></node><location begcolumn="13" begline="25" endcolumn="27" endline="25" loc="25.13 - 25.27"/></node><location begcolumn="5" begline="25" endcolumn="28" endline="25" loc="25.5 - 25.28"/><declaredAt idx="9" location="4.1 - 4.35"/><ofType><semtype type="CHAR"/></ofType></node><location begcolumn="5" begline="25" endcolumn="29" endline="25" loc="25.5 - 25.29"/><ofType><semtype type="CHAR"/></ofType></node><node id="88" label="ExprStmt"><node id="87" label="NameExpr" lexeme="exit_code"><location begcolumn="5" begline="26" endcolumn="13" endline="26" loc="26.5 - 26.13"/><declaredAt idx="3" location="3.1 - 3.20"/><ofType><semtype type="INTEGER"/></ofType><lvalue/></node><location begcolumn="5" begline="26" endcolumn="14" endline="26" loc="26.5 - 26.14"/><ofType><semtype type="INTEGER"/></ofType></node><location begcolumn="5" begline="7" endcolumn="14" endline="26" loc="7.5 - 26.14"/></node><location begcolumn="20" begline="6" endcolumn="1" endline="27" loc="6.20 - 27.1"/><ofType><semtype type="INTEGER"/></ofType></node><location begcolumn="1" begline="6" endcolumn="2" endline="27" loc="6.1 - 27.2"/></node><location begcolumn="1" begline="1" endcolumn="2" endline="27" loc="1.1 - 27.2"/></node></seman>