<?xml version="1.0" encoding="UTF-8" standalone="no"?><?xml-stylesheet type="text/xsl" href="../lib/xsl/seman.xsl"?><seman><node id="56" label="{Decls}"><node id="3" label="FunDecl" lexeme="exit"><node id="0" label="AtomType" spec="INT"><location begcolumn="14" begline="3" endcolumn="16" endline="3" loc="3.14 - 3.16"/><isType><semtype type="INTEGER"/></isType></node><node id="1" label="AtomExpr" lexeme="0" spec="INT"><location begcolumn="20" begline="3" endcolumn="20" endline="3" loc="3.20 - 3.20"/><ofType><semtype type="INTEGER"/></ofType></node><location begcolumn="1" begline="3" endcolumn="21" endline="3" loc="3.1 - 3.21"/></node><node id="9" label="FunDecl" lexeme="putChar"><node id="8" label="{Pars}"><node id="5" label="ParDecl" lexeme="c"><node id="4" label="AtomType" spec="CHAR"><location begcolumn="17" begline="4" endcolumn="20" endline="4" loc="4.17 - 4.20"/><isType><semtype type="CHAR"/></isType></node><location begcolumn="13" begline="4" endcolumn="20" endline="4" loc="4.13 - 4.20"/></node><location begcolumn="13" begline="4" endcolumn="20" endline="4" loc="4.13 - 4.20"/></node><node id="6" label="AtomType" spec="CHAR"><location begcolumn="25" begline="4" endcolumn="28" endline="4" loc="4.25 - 4.28"/><isType><semtype type="CHAR"/></isType></node><node id="7" label="AtomExpr" lexeme="' '" spec="CHAR"><location begcolumn="32" begline="4" endcolumn="34" endline="4" loc="4.32 - 4.34"/><ofType><semtype type="CHAR"/></ofType></node><location begcolumn="1" begline="4" endcolumn="35" endline="4" loc="4.1 - 4.35"/></node><node id="46" label="FunDecl" lexeme="rekurzija"><node id="45" label="{Pars}"><node id="11" label="ParDecl" lexeme="num"><node id="10" label="AtomType" spec="INT"><location begcolumn="21" begline="6" endcolumn="23" endline="6" loc="6.21 - 6.23"/><isType><semtype type="INTEGER"/></isType></node><location begcolumn="15" begline="6" endcolumn="23" endline="6" loc="6.15 - 6.23"/></node><location begcolumn="15" begline="6" endcolumn="23" endline="6" loc="6.15 - 6.23"/></node><node id="12" label="AtomType" spec="VOID"><location begcolumn="28" begline="6" endcolumn="31" endline="6" loc="6.28 - 6.31"/><isType><semtype type="VOID"/></isType></node><node id="44" label="StmtExpr"><node id="43" label="{Stmts}"><node id="27" label="IfStmt"><node id="15" label="BinExpr" spec="GEQ"><node id="13" label="NameExpr" lexeme="num"><location begcolumn="8" begline="7" endcolumn="10" endline="7" loc="7.8 - 7.10"/><declaredAt idx="11" location="6.15 - 6.23"/><ofType><semtype type="INTEGER"/></ofType><lvalue/></node><node id="14" label="AtomExpr" lexeme="122" spec="INT"><location begcolumn="15" begline="7" endcolumn="17" endline="7" loc="7.15 - 7.17"/><ofType><semtype type="INTEGER"/></ofType></node><location begcolumn="8" begline="7" endcolumn="17" endline="7" loc="7.8 - 7.17"/><ofType><semtype type="INTEGER"/></ofType></node><node id="25" label="{ThenStmts}"><node id="21" label="ExprStmt"><node id="20" label="CallExpr" lexeme="putChar"><node id="19" label="{CallArgs}"><node id="18" label="CastExpr"><node id="16" label="NameExpr" lexeme="num"><location begcolumn="18" begline="8" endcolumn="20" endline="8" loc="8.18 - 8.20"/><declaredAt idx="11" location="6.15 - 6.23"/><ofType><semtype type="INTEGER"/></ofType><lvalue/></node><node id="17" label="AtomType" spec="CHAR"><location begcolumn="24" begline="8" endcolumn="27" endline="8" loc="8.24 - 8.27"/><isType><semtype type="CHAR"/></isType></node><location begcolumn="17" begline="8" endcolumn="28" endline="8" loc="8.17 - 8.28"/><ofType><semtype type="CHAR"/></ofType></node><location begcolumn="17" begline="8" endcolumn="28" endline="8" loc="8.17 - 8.28"/></node><location begcolumn="9" begline="8" endcolumn="29" endline="8" loc="8.9 - 8.29"/><declaredAt idx="9" location="4.1 - 4.35"/><ofType><semtype type="CHAR"/></ofType></node><location begcolumn="9" begline="8" endcolumn="30" endline="8" loc="8.9 - 8.30"/><ofType><semtype type="CHAR"/></ofType></node><node id="24" label="ExprStmt"><node id="23" label="CallExpr" lexeme="exit"><location begcolumn="9" begline="9" endcolumn="14" endline="9" loc="9.9 - 9.14"/><declaredAt idx="3" location="3.1 - 3.21"/><ofType><semtype type="INTEGER"/></ofType></node><location begcolumn="9" begline="9" endcolumn="15" endline="9" loc="9.9 - 9.15"/><ofType><semtype type="INTEGER"/></ofType></node><location begcolumn="9" begline="8" endcolumn="15" endline="9" loc="8.9 - 9.15"/></node><location begcolumn="5" begline="7" endcolumn="8" endline="10" loc="7.5 - 10.8"/><ofType><semtype type="VOID"/></ofType></node><node id="33" label="ExprStmt"><node id="32" label="CallExpr" lexeme="putChar"><node id="31" label="{CallArgs}"><node id="30" label="CastExpr"><node id="28" label="NameExpr" lexeme="num"><location begcolumn="14" begline="12" endcolumn="16" endline="12" loc="12.14 - 12.16"/><declaredAt idx="11" location="6.15 - 6.23"/><ofType><semtype type="INTEGER"/></ofType><lvalue/></node><node id="29" label="AtomType" spec="CHAR"><location begcolumn="20" begline="12" endcolumn="23" endline="12" loc="12.20 - 12.23"/><isType><semtype type="CHAR"/></isType></node><location begcolumn="13" begline="12" endcolumn="24" endline="12" loc="12.13 - 12.24"/><ofType><semtype type="CHAR"/></ofType></node><location begcolumn="13" begline="12" endcolumn="24" endline="12" loc="12.13 - 12.24"/></node><location begcolumn="5" begline="12" endcolumn="25" endline="12" loc="12.5 - 12.25"/><declaredAt idx="9" location="4.1 - 4.35"/><ofType><semtype type="CHAR"/></ofType></node><location begcolumn="5" begline="12" endcolumn="26" endline="12" loc="12.5 - 12.26"/><ofType><semtype type="CHAR"/></ofType></node><node id="38" label="AssignStmt"><node id="34" label="NameExpr" lexeme="num"><location begcolumn="5" begline="13" endcolumn="7" endline="13" loc="13.5 - 13.7"/><declaredAt idx="11" location="6.15 - 6.23"/><ofType><semtype type="INTEGER"/></ofType><lvalue/></node><node id="37" label="BinExpr" spec="ADD"><node id="35" label="NameExpr" lexeme="num"><location begcolumn="11" begline="13" endcolumn="13" endline="13" loc="13.11 - 13.13"/><declaredAt idx="11" location="6.15 - 6.23"/><ofType><semtype type="INTEGER"/></ofType><lvalue/></node><node id="36" label="AtomExpr" lexeme="1" spec="INT"><location begcolumn="17" begline="13" endcolumn="17" endline="13" loc="13.17 - 13.17"/><ofType><semtype type="INTEGER"/></ofType></node><location begcolumn="11" begline="13" endcolumn="17" endline="13" loc="13.11 - 13.17"/><ofType><semtype type="INTEGER"/></ofType></node><location begcolumn="5" begline="13" endcolumn="18" endline="13" loc="13.5 - 13.18"/><ofType><semtype type="VOID"/></ofType></node><node id="42" label="ExprStmt"><node id="41" label="CallExpr" lexeme="rekurzija"><node id="40" label="{CallArgs}"><node id="39" label="NameExpr" lexeme="num"><location begcolumn="15" begline="15" endcolumn="17" endline="15" loc="15.15 - 15.17"/><declaredAt idx="11" location="6.15 - 6.23"/><ofType><semtype type="INTEGER"/></ofType><lvalue/></node><location begcolumn="15" begline="15" endcolumn="17" endline="15" loc="15.15 - 15.17"/></node><location begcolumn="5" begline="15" endcolumn="18" endline="15" loc="15.5 - 15.18"/><declaredAt idx="46" location="6.1 - 16.2"/><ofType><semtype type="VOID"/></ofType></node><location begcolumn="5" begline="15" endcolumn="19" endline="15" loc="15.5 - 15.19"/><ofType><semtype type="VOID"/></ofType></node><location begcolumn="5" begline="7" endcolumn="19" endline="15" loc="7.5 - 15.19"/></node><location begcolumn="35" begline="6" endcolumn="1" endline="16" loc="6.35 - 16.1"/><ofType><semtype type="VOID"/></ofType></node><location begcolumn="1" begline="6" endcolumn="2" endline="16" loc="6.1 - 16.2"/></node><node id="55" label="FunDecl" lexeme="main"><node id="47" label="AtomType" spec="VOID"><location begcolumn="14" begline="18" endcolumn="17" endline="18" loc="18.14 - 18.17"/><isType><semtype type="VOID"/></isType></node><node id="53" label="StmtExpr"><node id="52" label="{Stmts}"><node id="51" label="ExprStmt"><node id="50" label="CallExpr" lexeme="rekurzija"><node id="49" label="{CallArgs}"><node id="48" label="AtomExpr" lexeme="48" spec="INT"><location begcolumn="15" begline="19" endcolumn="16" endline="19" loc="19.15 - 19.16"/><ofType><semtype type="INTEGER"/></ofType></node><location begcolumn="15" begline="19" endcolumn="16" endline="19" loc="19.15 - 19.16"/></node><location begcolumn="5" begline="19" endcolumn="17" endline="19" loc="19.5 - 19.17"/><declaredAt idx="46" location="6.1 - 16.2"/><ofType><semtype type="VOID"/></ofType></node><location begcolumn="5" begline="19" endcolumn="18" endline="19" loc="19.5 - 19.18"/><ofType><semtype type="VOID"/></ofType></node><location begcolumn="5" begline="19" endcolumn="18" endline="19" loc="19.5 - 19.18"/></node><location begcolumn="21" begline="18" endcolumn="1" endline="20" loc="18.21 - 20.1"/><ofType><semtype type="VOID"/></ofType></node><location begcolumn="1" begline="18" endcolumn="2" endline="20" loc="18.1 - 20.2"/></node><location begcolumn="1" begline="3" endcolumn="2" endline="20" loc="3.1 - 20.2"/></node></seman>