<?xml version="1.0" encoding="UTF-8" standalone="no"?><?xml-stylesheet type="text/xsl" href="../lib/xsl/seman.xsl"?><seman><node id="271" label="{Decls}"><node id="3" label="VarDecl" lexeme="tab"><node id="2" label="ArrType"><node id="1" label="AtomType" spec="INT"><location begcolumn="14" begline="3" endcolumn="16" endline="3" loc="3.14 - 3.16"/><isType><semtype type="INTEGER"/></isType></node><node id="0" label="AtomExpr" lexeme="5" spec="INT"><location begcolumn="12" begline="3" endcolumn="12" endline="3" loc="3.12 - 3.12"/><ofType><semtype type="INTEGER"/></ofType></node><location begcolumn="11" begline="3" endcolumn="16" endline="3" loc="3.11 - 3.16"/><isType><semtype type="ARRAY[5]"><semtype type="INTEGER"/></semtype></isType></node><location begcolumn="1" begline="3" endcolumn="17" endline="3" loc="3.1 - 3.17"/></node><node id="5" label="VarDecl" lexeme="exit_code"><node id="4" label="AtomType" spec="INT"><location begcolumn="17" begline="4" endcolumn="19" endline="4" loc="4.17 - 4.19"/><isType><semtype type="INTEGER"/></isType></node><location begcolumn="1" begline="4" endcolumn="20" endline="4" loc="4.1 - 4.20"/></node><node id="11" label="FunDecl" lexeme="putChar"><node id="10" label="{Pars}"><node id="7" label="ParDecl" lexeme="c"><node id="6" label="AtomType" spec="CHAR"><location begcolumn="17" begline="6" endcolumn="20" endline="6" loc="6.17 - 6.20"/><isType><semtype type="CHAR"/></isType></node><location begcolumn="13" begline="6" endcolumn="20" endline="6" loc="6.13 - 6.20"/></node><location begcolumn="13" begline="6" endcolumn="20" endline="6" loc="6.13 - 6.20"/></node><node id="8" label="AtomType" spec="CHAR"><location begcolumn="25" begline="6" endcolumn="28" endline="6" loc="6.25 - 6.28"/><isType><semtype type="CHAR"/></isType></node><node id="9" label="AtomExpr" lexeme="' '" spec="CHAR"><location begcolumn="32" begline="6" endcolumn="34" endline="6" loc="6.32 - 6.34"/><ofType><semtype type="CHAR"/></ofType></node><location begcolumn="1" begline="6" endcolumn="35" endline="6" loc="6.1 - 6.35"/></node><node id="82" label="FunDecl" lexeme="outputStartArray"><node id="12" label="AtomType" spec="CHAR"><location begcolumn="26" begline="8" endcolumn="29" endline="8" loc="8.26 - 8.29"/><isType><semtype type="CHAR"/></isType></node><node id="80" label="StmtExpr"><node id="79" label="{Stmts}"><node id="22" label="ExprStmt"><node id="21" label="CallExpr" lexeme="putChar"><node id="20" label="{CallArgs}"><node id="19" label="CastExpr"><node id="17" label="BinExpr" spec="ADD"><node id="13" label="AtomExpr" lexeme="48" spec="INT"><location begcolumn="14" begline="9" endcolumn="15" endline="9" loc="9.14 - 9.15"/><ofType><semtype type="INTEGER"/></ofType></node><node id="16" label="ArrExpr"><node id="14" label="NameExpr" lexeme="tab"><location begcolumn="19" begline="9" endcolumn="21" endline="9" loc="9.19 - 9.21"/><declaredAt idx="3" location="3.1 - 3.17"/><ofType><semtype type="ARRAY[5]"><semtype type="INTEGER"/></semtype></ofType><lvalue/></node><node id="15" label="AtomExpr" lexeme="0" spec="INT"><location begcolumn="23" begline="9" endcolumn="23" endline="9" loc="9.23 - 9.23"/><ofType><semtype type="INTEGER"/></ofType></node><location begcolumn="19" begline="9" endcolumn="24" endline="9" loc="9.19 - 9.24"/><ofType><semtype type="INTEGER"/></ofType><lvalue/></node><location begcolumn="14" begline="9" endcolumn="24" endline="9" loc="9.14 - 9.24"/><ofType><semtype type="INTEGER"/></ofType></node><node id="18" label="AtomType" spec="CHAR"><location begcolumn="28" begline="9" endcolumn="31" endline="9" loc="9.28 - 9.31"/><isType><semtype type="CHAR"/></isType></node><location begcolumn="13" begline="9" endcolumn="32" endline="9" loc="9.13 - 9.32"/><ofType><semtype type="CHAR"/></ofType></node><location begcolumn="13" begline="9" endcolumn="32" endline="9" loc="9.13 - 9.32"/></node><location begcolumn="5" begline="9" endcolumn="33" endline="9" loc="9.5 - 9.33"/><declaredAt idx="11" location="6.1 - 6.35"/><ofType><semtype type="CHAR"/></ofType></node><location begcolumn="5" begline="9" endcolumn="34" endline="9" loc="9.5 - 9.34"/><ofType><semtype type="CHAR"/></ofType></node><node id="32" label="ExprStmt"><node id="31" label="CallExpr" lexeme="putChar"><node id="30" label="{CallArgs}"><node id="29" label="CastExpr"><node id="27" label="BinExpr" spec="ADD"><node id="23" label="AtomExpr" lexeme="48" spec="INT"><location begcolumn="14" begline="10" endcolumn="15" endline="10" loc="10.14 - 10.15"/><ofType><semtype type="INTEGER"/></ofType></node><node id="26" label="ArrExpr"><node id="24" label="NameExpr" lexeme="tab"><location begcolumn="19" begline="10" endcolumn="21" endline="10" loc="10.19 - 10.21"/><declaredAt idx="3" location="3.1 - 3.17"/><ofType><semtype type="ARRAY[5]"><semtype type="INTEGER"/></semtype></ofType><lvalue/></node><node id="25" label="AtomExpr" lexeme="1" spec="INT"><location begcolumn="23" begline="10" endcolumn="23" endline="10" loc="10.23 - 10.23"/><ofType><semtype type="INTEGER"/></ofType></node><location begcolumn="19" begline="10" endcolumn="24" endline="10" loc="10.19 - 10.24"/><ofType><semtype type="INTEGER"/></ofType><lvalue/></node><location begcolumn="14" begline="10" endcolumn="24" endline="10" loc="10.14 - 10.24"/><ofType><semtype type="INTEGER"/></ofType></node><node id="28" label="AtomType" spec="CHAR"><location begcolumn="28" begline="10" endcolumn="31" endline="10" loc="10.28 - 10.31"/><isType><semtype type="CHAR"/></isType></node><location begcolumn="13" begline="10" endcolumn="32" endline="10" loc="10.13 - 10.32"/><ofType><semtype type="CHAR"/></ofType></node><location begcolumn="13" begline="10" endcolumn="32" endline="10" loc="10.13 - 10.32"/></node><location begcolumn="5" begline="10" endcolumn="33" endline="10" loc="10.5 - 10.33"/><declaredAt idx="11" location="6.1 - 6.35"/><ofType><semtype type="CHAR"/></ofType></node><location begcolumn="5" begline="10" endcolumn="34" endline="10" loc="10.5 - 10.34"/><ofType><semtype type="CHAR"/></ofType></node><node id="42" label="ExprStmt"><node id="41" label="CallExpr" lexeme="putChar"><node id="40" label="{CallArgs}"><node id="39" label="CastExpr"><node id="37" label="BinExpr" spec="ADD"><node id="33" label="AtomExpr" lexeme="48" spec="INT"><location begcolumn="14" begline="11" endcolumn="15" endline="11" loc="11.14 - 11.15"/><ofType><semtype type="INTEGER"/></ofType></node><node id="36" label="ArrExpr"><node id="34" label="NameExpr" lexeme="tab"><location begcolumn="19" begline="11" endcolumn="21" endline="11" loc="11.19 - 11.21"/><declaredAt idx="3" location="3.1 - 3.17"/><ofType><semtype type="ARRAY[5]"><semtype type="INTEGER"/></semtype></ofType><lvalue/></node><node id="35" label="AtomExpr" lexeme="2" spec="INT"><location begcolumn="23" begline="11" endcolumn="23" endline="11" loc="11.23 - 11.23"/><ofType><semtype type="INTEGER"/></ofType></node><location begcolumn="19" begline="11" endcolumn="24" endline="11" loc="11.19 - 11.24"/><ofType><semtype type="INTEGER"/></ofType><lvalue/></node><location begcolumn="14" begline="11" endcolumn="24" endline="11" loc="11.14 - 11.24"/><ofType><semtype type="INTEGER"/></ofType></node><node id="38" label="AtomType" spec="CHAR"><location begcolumn="28" begline="11" endcolumn="31" endline="11" loc="11.28 - 11.31"/><isType><semtype type="CHAR"/></isType></node><location begcolumn="13" begline="11" endcolumn="32" endline="11" loc="11.13 - 11.32"/><ofType><semtype type="CHAR"/></ofType></node><location begcolumn="13" begline="11" endcolumn="32" endline="11" loc="11.13 - 11.32"/></node><location begcolumn="5" begline="11" endcolumn="33" endline="11" loc="11.5 - 11.33"/><declaredAt idx="11" location="6.1 - 6.35"/><ofType><semtype type="CHAR"/></ofType></node><location begcolumn="5" begline="11" endcolumn="34" endline="11" loc="11.5 - 11.34"/><ofType><semtype type="CHAR"/></ofType></node><node id="52" label="ExprStmt"><node id="51" label="CallExpr" lexeme="putChar"><node id="50" label="{CallArgs}"><node id="49" label="CastExpr"><node id="47" label="BinExpr" spec="ADD"><node id="43" label="AtomExpr" lexeme="48" spec="INT"><location begcolumn="14" begline="12" endcolumn="15" endline="12" loc="12.14 - 12.15"/><ofType><semtype type="INTEGER"/></ofType></node><node id="46" label="ArrExpr"><node id="44" label="NameExpr" lexeme="tab"><location begcolumn="19" begline="12" endcolumn="21" endline="12" loc="12.19 - 12.21"/><declaredAt idx="3" location="3.1 - 3.17"/><ofType><semtype type="ARRAY[5]"><semtype type="INTEGER"/></semtype></ofType><lvalue/></node><node id="45" label="AtomExpr" lexeme="3" spec="INT"><location begcolumn="23" begline="12" endcolumn="23" endline="12" loc="12.23 - 12.23"/><ofType><semtype type="INTEGER"/></ofType></node><location begcolumn="19" begline="12" endcolumn="24" endline="12" loc="12.19 - 12.24"/><ofType><semtype type="INTEGER"/></ofType><lvalue/></node><location begcolumn="14" begline="12" endcolumn="24" endline="12" loc="12.14 - 12.24"/><ofType><semtype type="INTEGER"/></ofType></node><node id="48" label="AtomType" spec="CHAR"><location begcolumn="28" begline="12" endcolumn="31" endline="12" loc="12.28 - 12.31"/><isType><semtype type="CHAR"/></isType></node><location begcolumn="13" begline="12" endcolumn="32" endline="12" loc="12.13 - 12.32"/><ofType><semtype type="CHAR"/></ofType></node><location begcolumn="13" begline="12" endcolumn="32" endline="12" loc="12.13 - 12.32"/></node><location begcolumn="5" begline="12" endcolumn="33" endline="12" loc="12.5 - 12.33"/><declaredAt idx="11" location="6.1 - 6.35"/><ofType><semtype type="CHAR"/></ofType></node><location begcolumn="5" begline="12" endcolumn="34" endline="12" loc="12.5 - 12.34"/><ofType><semtype type="CHAR"/></ofType></node><node id="62" label="ExprStmt"><node id="61" label="CallExpr" lexeme="putChar"><node id="60" label="{CallArgs}"><node id="59" label="CastExpr"><node id="57" label="BinExpr" spec="ADD"><node id="53" label="AtomExpr" lexeme="48" spec="INT"><location begcolumn="14" begline="13" endcolumn="15" endline="13" loc="13.14 - 13.15"/><ofType><semtype type="INTEGER"/></ofType></node><node id="56" label="ArrExpr"><node id="54" label="NameExpr" lexeme="tab"><location begcolumn="19" begline="13" endcolumn="21" endline="13" loc="13.19 - 13.21"/><declaredAt idx="3" location="3.1 - 3.17"/><ofType><semtype type="ARRAY[5]"><semtype type="INTEGER"/></semtype></ofType><lvalue/></node><node id="55" label="AtomExpr" lexeme="4" spec="INT"><location begcolumn="23" begline="13" endcolumn="23" endline="13" loc="13.23 - 13.23"/><ofType><semtype type="INTEGER"/></ofType></node><location begcolumn="19" begline="13" endcolumn="24" endline="13" loc="13.19 - 13.24"/><ofType><semtype type="INTEGER"/></ofType><lvalue/></node><location begcolumn="14" begline="13" endcolumn="24" endline="13" loc="13.14 - 13.24"/><ofType><semtype type="INTEGER"/></ofType></node><node id="58" label="AtomType" spec="CHAR"><location begcolumn="28" begline="13" endcolumn="31" endline="13" loc="13.28 - 13.31"/><isType><semtype type="CHAR"/></isType></node><location begcolumn="13" begline="13" endcolumn="32" endline="13" loc="13.13 - 13.32"/><ofType><semtype type="CHAR"/></ofType></node><location begcolumn="13" begline="13" endcolumn="32" endline="13" loc="13.13 - 13.32"/></node><location begcolumn="5" begline="13" endcolumn="33" endline="13" loc="13.5 - 13.33"/><declaredAt idx="11" location="6.1 - 6.35"/><ofType><semtype type="CHAR"/></ofType></node><location begcolumn="5" begline="13" endcolumn="34" endline="13" loc="13.5 - 13.34"/><ofType><semtype type="CHAR"/></ofType></node><node id="66" label="ExprStmt"><node id="65" label="CallExpr" lexeme="putChar"><node id="64" label="{CallArgs}"><node id="63" label="AtomExpr" lexeme="' '" spec="CHAR"><location begcolumn="13" begline="14" endcolumn="15" endline="14" loc="14.13 - 14.15"/><ofType><semtype type="CHAR"/></ofType></node><location begcolumn="13" begline="14" endcolumn="15" endline="14" loc="14.13 - 14.15"/></node><location begcolumn="5" begline="14" endcolumn="16" endline="14" loc="14.5 - 14.16"/><declaredAt idx="11" location="6.1 - 6.35"/><ofType><semtype type="CHAR"/></ofType></node><location begcolumn="5" begline="14" endcolumn="17" endline="14" loc="14.5 - 14.17"/><ofType><semtype type="CHAR"/></ofType></node><node id="70" label="ExprStmt"><node id="69" label="CallExpr" lexeme="putChar"><node id="68" label="{CallArgs}"><node id="67" label="AtomExpr" lexeme="'='" spec="CHAR"><location begcolumn="13" begline="15" endcolumn="15" endline="15" loc="15.13 - 15.15"/><ofType><semtype type="CHAR"/></ofType></node><location begcolumn="13" begline="15" endcolumn="15" endline="15" loc="15.13 - 15.15"/></node><location begcolumn="5" begline="15" endcolumn="16" endline="15" loc="15.5 - 15.16"/><declaredAt idx="11" location="6.1 - 6.35"/><ofType><semtype type="CHAR"/></ofType></node><location begcolumn="5" begline="15" endcolumn="17" endline="15" loc="15.5 - 15.17"/><ofType><semtype type="CHAR"/></ofType></node><node id="74" label="ExprStmt"><node id="73" label="CallExpr" lexeme="putChar"><node id="72" label="{CallArgs}"><node id="71" label="AtomExpr" lexeme="'&gt;'" spec="CHAR"><location begcolumn="13" begline="16" endcolumn="15" endline="16" loc="16.13 - 16.15"/><ofType><semtype type="CHAR"/></ofType></node><location begcolumn="13" begline="16" endcolumn="15" endline="16" loc="16.13 - 16.15"/></node><location begcolumn="5" begline="16" endcolumn="16" endline="16" loc="16.5 - 16.16"/><declaredAt idx="11" location="6.1 - 6.35"/><ofType><semtype type="CHAR"/></ofType></node><location begcolumn="5" begline="16" endcolumn="17" endline="16" loc="16.5 - 16.17"/><ofType><semtype type="CHAR"/></ofType></node><node id="78" label="ExprStmt"><node id="77" label="CallExpr" lexeme="putChar"><node id="76" label="{CallArgs}"><node id="75" label="AtomExpr" lexeme="' '" spec="CHAR"><location begcolumn="13" begline="17" endcolumn="15" endline="17" loc="17.13 - 17.15"/><ofType><semtype type="CHAR"/></ofType></node><location begcolumn="13" begline="17" endcolumn="15" endline="17" loc="17.13 - 17.15"/></node><location begcolumn="5" begline="17" endcolumn="16" endline="17" loc="17.5 - 17.16"/><declaredAt idx="11" location="6.1 - 6.35"/><ofType><semtype type="CHAR"/></ofType></node><location begcolumn="5" begline="17" endcolumn="17" endline="17" loc="17.5 - 17.17"/><ofType><semtype type="CHAR"/></ofType></node><location begcolumn="5" begline="9" endcolumn="17" endline="17" loc="9.5 - 17.17"/></node><location begcolumn="33" begline="8" endcolumn="1" endline="18" loc="8.33 - 18.1"/><ofType><semtype type="CHAR"/></ofType></node><location begcolumn="1" begline="8" endcolumn="2" endline="18" loc="8.1 - 18.2"/></node><node id="141" label="FunDecl" lexeme="outputSortedArray"><node id="83" label="AtomType" spec="CHAR"><location begcolumn="27" begline="20" endcolumn="30" endline="20" loc="20.27 - 20.30"/><isType><semtype type="CHAR"/></isType></node><node id="139" label="StmtExpr"><node id="138" label="{Stmts}"><node id="93" label="ExprStmt"><node id="92" label="CallExpr" lexeme="putChar"><node id="91" label="{CallArgs}"><node id="90" label="CastExpr"><node id="88" label="BinExpr" spec="ADD"><node id="84" label="AtomExpr" lexeme="48" spec="INT"><location begcolumn="14" begline="21" endcolumn="15" endline="21" loc="21.14 - 21.15"/><ofType><semtype type="INTEGER"/></ofType></node><node id="87" label="ArrExpr"><node id="85" label="NameExpr" lexeme="tab"><location begcolumn="19" begline="21" endcolumn="21" endline="21" loc="21.19 - 21.21"/><declaredAt idx="3" location="3.1 - 3.17"/><ofType><semtype type="ARRAY[5]"><semtype type="INTEGER"/></semtype></ofType><lvalue/></node><node id="86" label="AtomExpr" lexeme="0" spec="INT"><location begcolumn="23" begline="21" endcolumn="23" endline="21" loc="21.23 - 21.23"/><ofType><semtype type="INTEGER"/></ofType></node><location begcolumn="19" begline="21" endcolumn="24" endline="21" loc="21.19 - 21.24"/><ofType><semtype type="INTEGER"/></ofType><lvalue/></node><location begcolumn="14" begline="21" endcolumn="24" endline="21" loc="21.14 - 21.24"/><ofType><semtype type="INTEGER"/></ofType></node><node id="89" label="AtomType" spec="CHAR"><location begcolumn="28" begline="21" endcolumn="31" endline="21" loc="21.28 - 21.31"/><isType><semtype type="CHAR"/></isType></node><location begcolumn="13" begline="21" endcolumn="32" endline="21" loc="21.13 - 21.32"/><ofType><semtype type="CHAR"/></ofType></node><location begcolumn="13" begline="21" endcolumn="32" endline="21" loc="21.13 - 21.32"/></node><location begcolumn="5" begline="21" endcolumn="33" endline="21" loc="21.5 - 21.33"/><declaredAt idx="11" location="6.1 - 6.35"/><ofType><semtype type="CHAR"/></ofType></node><location begcolumn="5" begline="21" endcolumn="34" endline="21" loc="21.5 - 21.34"/><ofType><semtype type="CHAR"/></ofType></node><node id="103" label="ExprStmt"><node id="102" label="CallExpr" lexeme="putChar"><node id="101" label="{CallArgs}"><node id="100" label="CastExpr"><node id="98" label="BinExpr" spec="ADD"><node id="94" label="AtomExpr" lexeme="48" spec="INT"><location begcolumn="14" begline="22" endcolumn="15" endline="22" loc="22.14 - 22.15"/><ofType><semtype type="INTEGER"/></ofType></node><node id="97" label="ArrExpr"><node id="95" label="NameExpr" lexeme="tab"><location begcolumn="19" begline="22" endcolumn="21" endline="22" loc="22.19 - 22.21"/><declaredAt idx="3" location="3.1 - 3.17"/><ofType><semtype type="ARRAY[5]"><semtype type="INTEGER"/></semtype></ofType><lvalue/></node><node id="96" label="AtomExpr" lexeme="1" spec="INT"><location begcolumn="23" begline="22" endcolumn="23" endline="22" loc="22.23 - 22.23"/><ofType><semtype type="INTEGER"/></ofType></node><location begcolumn="19" begline="22" endcolumn="24" endline="22" loc="22.19 - 22.24"/><ofType><semtype type="INTEGER"/></ofType><lvalue/></node><location begcolumn="14" begline="22" endcolumn="24" endline="22" loc="22.14 - 22.24"/><ofType><semtype type="INTEGER"/></ofType></node><node id="99" label="AtomType" spec="CHAR"><location begcolumn="28" begline="22" endcolumn="31" endline="22" loc="22.28 - 22.31"/><isType><semtype type="CHAR"/></isType></node><location begcolumn="13" begline="22" endcolumn="32" endline="22" loc="22.13 - 22.32"/><ofType><semtype type="CHAR"/></ofType></node><location begcolumn="13" begline="22" endcolumn="32" endline="22" loc="22.13 - 22.32"/></node><location begcolumn="5" begline="22" endcolumn="33" endline="22" loc="22.5 - 22.33"/><declaredAt idx="11" location="6.1 - 6.35"/><ofType><semtype type="CHAR"/></ofType></node><location begcolumn="5" begline="22" endcolumn="34" endline="22" loc="22.5 - 22.34"/><ofType><semtype type="CHAR"/></ofType></node><node id="113" label="ExprStmt"><node id="112" label="CallExpr" lexeme="putChar"><node id="111" label="{CallArgs}"><node id="110" label="CastExpr"><node id="108" label="BinExpr" spec="ADD"><node id="104" label="AtomExpr" lexeme="48" spec="INT"><location begcolumn="14" begline="23" endcolumn="15" endline="23" loc="23.14 - 23.15"/><ofType><semtype type="INTEGER"/></ofType></node><node id="107" label="ArrExpr"><node id="105" label="NameExpr" lexeme="tab"><location begcolumn="19" begline="23" endcolumn="21" endline="23" loc="23.19 - 23.21"/><declaredAt idx="3" location="3.1 - 3.17"/><ofType><semtype type="ARRAY[5]"><semtype type="INTEGER"/></semtype></ofType><lvalue/></node><node id="106" label="AtomExpr" lexeme="2" spec="INT"><location begcolumn="23" begline="23" endcolumn="23" endline="23" loc="23.23 - 23.23"/><ofType><semtype type="INTEGER"/></ofType></node><location begcolumn="19" begline="23" endcolumn="24" endline="23" loc="23.19 - 23.24"/><ofType><semtype type="INTEGER"/></ofType><lvalue/></node><location begcolumn="14" begline="23" endcolumn="24" endline="23" loc="23.14 - 23.24"/><ofType><semtype type="INTEGER"/></ofType></node><node id="109" label="AtomType" spec="CHAR"><location begcolumn="28" begline="23" endcolumn="31" endline="23" loc="23.28 - 23.31"/><isType><semtype type="CHAR"/></isType></node><location begcolumn="13" begline="23" endcolumn="32" endline="23" loc="23.13 - 23.32"/><ofType><semtype type="CHAR"/></ofType></node><location begcolumn="13" begline="23" endcolumn="32" endline="23" loc="23.13 - 23.32"/></node><location begcolumn="5" begline="23" endcolumn="33" endline="23" loc="23.5 - 23.33"/><declaredAt idx="11" location="6.1 - 6.35"/><ofType><semtype type="CHAR"/></ofType></node><location begcolumn="5" begline="23" endcolumn="34" endline="23" loc="23.5 - 23.34"/><ofType><semtype type="CHAR"/></ofType></node><node id="123" label="ExprStmt"><node id="122" label="CallExpr" lexeme="putChar"><node id="121" label="{CallArgs}"><node id="120" label="CastExpr"><node id="118" label="BinExpr" spec="ADD"><node id="114" label="AtomExpr" lexeme="48" spec="INT"><location begcolumn="14" begline="24" endcolumn="15" endline="24" loc="24.14 - 24.15"/><ofType><semtype type="INTEGER"/></ofType></node><node id="117" label="ArrExpr"><node id="115" label="NameExpr" lexeme="tab"><location begcolumn="19" begline="24" endcolumn="21" endline="24" loc="24.19 - 24.21"/><declaredAt idx="3" location="3.1 - 3.17"/><ofType><semtype type="ARRAY[5]"><semtype type="INTEGER"/></semtype></ofType><lvalue/></node><node id="116" label="AtomExpr" lexeme="3" spec="INT"><location begcolumn="23" begline="24" endcolumn="23" endline="24" loc="24.23 - 24.23"/><ofType><semtype type="INTEGER"/></ofType></node><location begcolumn="19" begline="24" endcolumn="24" endline="24" loc="24.19 - 24.24"/><ofType><semtype type="INTEGER"/></ofType><lvalue/></node><location begcolumn="14" begline="24" endcolumn="24" endline="24" loc="24.14 - 24.24"/><ofType><semtype type="INTEGER"/></ofType></node><node id="119" label="AtomType" spec="CHAR"><location begcolumn="28" begline="24" endcolumn="31" endline="24" loc="24.28 - 24.31"/><isType><semtype type="CHAR"/></isType></node><location begcolumn="13" begline="24" endcolumn="32" endline="24" loc="24.13 - 24.32"/><ofType><semtype type="CHAR"/></ofType></node><location begcolumn="13" begline="24" endcolumn="32" endline="24" loc="24.13 - 24.32"/></node><location begcolumn="5" begline="24" endcolumn="33" endline="24" loc="24.5 - 24.33"/><declaredAt idx="11" location="6.1 - 6.35"/><ofType><semtype type="CHAR"/></ofType></node><location begcolumn="5" begline="24" endcolumn="34" endline="24" loc="24.5 - 24.34"/><ofType><semtype type="CHAR"/></ofType></node><node id="133" label="ExprStmt"><node id="132" label="CallExpr" lexeme="putChar"><node id="131" label="{CallArgs}"><node id="130" label="CastExpr"><node id="128" label="BinExpr" spec="ADD"><node id="124" label="AtomExpr" lexeme="48" spec="INT"><location begcolumn="14" begline="25" endcolumn="15" endline="25" loc="25.14 - 25.15"/><ofType><semtype type="INTEGER"/></ofType></node><node id="127" label="ArrExpr"><node id="125" label="NameExpr" lexeme="tab"><location begcolumn="19" begline="25" endcolumn="21" endline="25" loc="25.19 - 25.21"/><declaredAt idx="3" location="3.1 - 3.17"/><ofType><semtype type="ARRAY[5]"><semtype type="INTEGER"/></semtype></ofType><lvalue/></node><node id="126" label="AtomExpr" lexeme="4" spec="INT"><location begcolumn="23" begline="25" endcolumn="23" endline="25" loc="25.23 - 25.23"/><ofType><semtype type="INTEGER"/></ofType></node><location begcolumn="19" begline="25" endcolumn="24" endline="25" loc="25.19 - 25.24"/><ofType><semtype type="INTEGER"/></ofType><lvalue/></node><location begcolumn="14" begline="25" endcolumn="24" endline="25" loc="25.14 - 25.24"/><ofType><semtype type="INTEGER"/></ofType></node><node id="129" label="AtomType" spec="CHAR"><location begcolumn="28" begline="25" endcolumn="31" endline="25" loc="25.28 - 25.31"/><isType><semtype type="CHAR"/></isType></node><location begcolumn="13" begline="25" endcolumn="32" endline="25" loc="25.13 - 25.32"/><ofType><semtype type="CHAR"/></ofType></node><location begcolumn="13" begline="25" endcolumn="32" endline="25" loc="25.13 - 25.32"/></node><location begcolumn="5" begline="25" endcolumn="33" endline="25" loc="25.5 - 25.33"/><declaredAt idx="11" location="6.1 - 6.35"/><ofType><semtype type="CHAR"/></ofType></node><location begcolumn="5" begline="25" endcolumn="34" endline="25" loc="25.5 - 25.34"/><ofType><semtype type="CHAR"/></ofType></node><node id="137" label="ExprStmt"><node id="136" label="CallExpr" lexeme="putChar"><node id="135" label="{CallArgs}"><node id="134" label="AtomExpr" lexeme="' '" spec="CHAR"><location begcolumn="13" begline="26" endcolumn="15" endline="26" loc="26.13 - 26.15"/><ofType><semtype type="CHAR"/></ofType></node><location begcolumn="13" begline="26" endcolumn="15" endline="26" loc="26.13 - 26.15"/></node><location begcolumn="5" begline="26" endcolumn="16" endline="26" loc="26.5 - 26.16"/><declaredAt idx="11" location="6.1 - 6.35"/><ofType><semtype type="CHAR"/></ofType></node><location begcolumn="5" begline="26" endcolumn="17" endline="26" loc="26.5 - 26.17"/><ofType><semtype type="CHAR"/></ofType></node><location begcolumn="5" begline="21" endcolumn="17" endline="26" loc="21.5 - 26.17"/></node><location begcolumn="34" begline="20" endcolumn="1" endline="27" loc="20.34 - 27.1"/><ofType><semtype type="CHAR"/></ofType></node><location begcolumn="1" begline="20" endcolumn="2" endline="27" loc="20.1 - 27.2"/></node><node id="270" label="FunDecl" lexeme="main"><node id="142" label="AtomType" spec="INT"><location begcolumn="14" begline="29" endcolumn="16" endline="29" loc="29.14 - 29.16"/><isType><semtype type="INTEGER"/></isType></node><node id="268" label="StmtExpr"><node id="267" label="{Stmts}"><node id="147" label="AssignStmt"><node id="145" label="ArrExpr"><node id="143" label="NameExpr" lexeme="tab"><location begcolumn="5" begline="30" endcolumn="7" endline="30" loc="30.5 - 30.7"/><declaredAt idx="3" location="3.1 - 3.17"/><ofType><semtype type="ARRAY[5]"><semtype type="INTEGER"/></semtype></ofType><lvalue/></node><node id="144" label="AtomExpr" lexeme="0" spec="INT"><location begcolumn="9" begline="30" endcolumn="9" endline="30" loc="30.9 - 30.9"/><ofType><semtype type="INTEGER"/></ofType></node><location begcolumn="5" begline="30" endcolumn="10" endline="30" loc="30.5 - 30.10"/><ofType><semtype type="INTEGER"/></ofType><lvalue/></node><node id="146" label="AtomExpr" lexeme="9" spec="INT"><location begcolumn="14" begline="30" endcolumn="14" endline="30" loc="30.14 - 30.14"/><ofType><semtype type="INTEGER"/></ofType></node><location begcolumn="5" begline="30" endcolumn="15" endline="30" loc="30.5 - 30.15"/><ofType><semtype type="VOID"/></ofType></node><node id="152" label="AssignStmt"><node id="150" label="ArrExpr"><node id="148" label="NameExpr" lexeme="tab"><location begcolumn="5" begline="31" endcolumn="7" endline="31" loc="31.5 - 31.7"/><declaredAt idx="3" location="3.1 - 3.17"/><ofType><semtype type="ARRAY[5]"><semtype type="INTEGER"/></semtype></ofType><lvalue/></node><node id="149" label="AtomExpr" lexeme="1" spec="INT"><location begcolumn="9" begline="31" endcolumn="9" endline="31" loc="31.9 - 31.9"/><ofType><semtype type="INTEGER"/></ofType></node><location begcolumn="5" begline="31" endcolumn="10" endline="31" loc="31.5 - 31.10"/><ofType><semtype type="INTEGER"/></ofType><lvalue/></node><node id="151" label="AtomExpr" lexeme="6" spec="INT"><location begcolumn="14" begline="31" endcolumn="14" endline="31" loc="31.14 - 31.14"/><ofType><semtype type="INTEGER"/></ofType></node><location begcolumn="5" begline="31" endcolumn="15" endline="31" loc="31.5 - 31.15"/><ofType><semtype type="VOID"/></ofType></node><node id="157" label="AssignStmt"><node id="155" label="ArrExpr"><node id="153" label="NameExpr" lexeme="tab"><location begcolumn="5" begline="32" endcolumn="7" endline="32" loc="32.5 - 32.7"/><declaredAt idx="3" location="3.1 - 3.17"/><ofType><semtype type="ARRAY[5]"><semtype type="INTEGER"/></semtype></ofType><lvalue/></node><node id="154" label="AtomExpr" lexeme="2" spec="INT"><location begcolumn="9" begline="32" endcolumn="9" endline="32" loc="32.9 - 32.9"/><ofType><semtype type="INTEGER"/></ofType></node><location begcolumn="5" begline="32" endcolumn="10" endline="32" loc="32.5 - 32.10"/><ofType><semtype type="INTEGER"/></ofType><lvalue/></node><node id="156" label="AtomExpr" lexeme="3" spec="INT"><location begcolumn="14" begline="32" endcolumn="14" endline="32" loc="32.14 - 32.14"/><ofType><semtype type="INTEGER"/></ofType></node><location begcolumn="5" begline="32" endcolumn="15" endline="32" loc="32.5 - 32.15"/><ofType><semtype type="VOID"/></ofType></node><node id="162" label="AssignStmt"><node id="160" label="ArrExpr"><node id="158" label="NameExpr" lexeme="tab"><location begcolumn="5" begline="33" endcolumn="7" endline="33" loc="33.5 - 33.7"/><declaredAt idx="3" location="3.1 - 3.17"/><ofType><semtype type="ARRAY[5]"><semtype type="INTEGER"/></semtype></ofType><lvalue/></node><node id="159" label="AtomExpr" lexeme="3" spec="INT"><location begcolumn="9" begline="33" endcolumn="9" endline="33" loc="33.9 - 33.9"/><ofType><semtype type="INTEGER"/></ofType></node><location begcolumn="5" begline="33" endcolumn="10" endline="33" loc="33.5 - 33.10"/><ofType><semtype type="INTEGER"/></ofType><lvalue/></node><node id="161" label="AtomExpr" lexeme="9" spec="INT"><location begcolumn="14" begline="33" endcolumn="14" endline="33" loc="33.14 - 33.14"/><ofType><semtype type="INTEGER"/></ofType></node><location begcolumn="5" begline="33" endcolumn="15" endline="33" loc="33.5 - 33.15"/><ofType><semtype type="VOID"/></ofType></node><node id="167" label="AssignStmt"><node id="165" label="ArrExpr"><node id="163" label="NameExpr" lexeme="tab"><location begcolumn="5" begline="34" endcolumn="7" endline="34" loc="34.5 - 34.7"/><declaredAt idx="3" location="3.1 - 3.17"/><ofType><semtype type="ARRAY[5]"><semtype type="INTEGER"/></semtype></ofType><lvalue/></node><node id="164" label="AtomExpr" lexeme="4" spec="INT"><location begcolumn="9" begline="34" endcolumn="9" endline="34" loc="34.9 - 34.9"/><ofType><semtype type="INTEGER"/></ofType></node><location begcolumn="5" begline="34" endcolumn="10" endline="34" loc="34.5 - 34.10"/><ofType><semtype type="INTEGER"/></ofType><lvalue/></node><node id="166" label="AtomExpr" lexeme="8" spec="INT"><location begcolumn="14" begline="34" endcolumn="14" endline="34" loc="34.14 - 34.14"/><ofType><semtype type="INTEGER"/></ofType></node><location begcolumn="5" begline="34" endcolumn="15" endline="34" loc="34.5 - 34.15"/><ofType><semtype type="VOID"/></ofType></node><node id="170" label="ExprStmt"><node id="169" label="CallExpr" lexeme="outputStartArray"><location begcolumn="5" begline="36" endcolumn="22" endline="36" loc="36.5 - 36.22"/><declaredAt idx="82" location="8.1 - 18.2"/><ofType><semtype type="CHAR"/></ofType></node><location begcolumn="5" begline="36" endcolumn="23" endline="36" loc="36.5 - 36.23"/><ofType><semtype type="CHAR"/></ofType></node><node id="261" label="ExprStmt"><node id="260" label="WhereExpr"><node id="172" label="CallExpr" lexeme="sort"><location begcolumn="6" begline="38" endcolumn="11" endline="38" loc="38.6 - 38.11"/><declaredAt idx="258" location="44.9 - 66.10"/><ofType><semtype type="VOID"/></ofType></node><node id="259" label="{Decls}"><node id="174" label="VarDecl" lexeme="index"><node id="173" label="AtomType" spec="INT"><location begcolumn="21" begline="39" endcolumn="23" endline="39" loc="39.21 - 39.23"/><isType><semtype type="INTEGER"/></isType></node><location begcolumn="9" begline="39" endcolumn="24" endline="39" loc="39.9 - 39.24"/></node><node id="176" label="VarDecl" lexeme="index2"><node id="175" label="AtomType" spec="INT"><location begcolumn="22" begline="40" endcolumn="24" endline="40" loc="40.22 - 40.24"/><isType><semtype type="INTEGER"/></isType></node><location begcolumn="9" begline="40" endcolumn="25" endline="40" loc="40.9 - 40.25"/></node><node id="178" label="VarDecl" lexeme="tmp"><node id="177" label="AtomType" spec="INT"><location begcolumn="19" begline="41" endcolumn="21" endline="41" loc="41.19 - 41.21"/><isType><semtype type="INTEGER"/></isType></node><location begcolumn="9" begline="41" endcolumn="22" endline="41" loc="41.9 - 41.22"/></node><node id="180" label="VarDecl" lexeme="max"><node id="179" label="AtomType" spec="INT"><location begcolumn="19" begline="42" endcolumn="21" endline="42" loc="42.19 - 42.21"/><isType><semtype type="INTEGER"/></isType></node><location begcolumn="9" begline="42" endcolumn="22" endline="42" loc="42.9 - 42.22"/></node><node id="258" label="FunDecl" lexeme="sort"><node id="181" label="AtomType" spec="VOID"><location begcolumn="22" begline="44" endcolumn="25" endline="44" loc="44.22 - 44.25"/><isType><semtype type="VOID"/></isType></node><node id="256" label="StmtExpr"><node id="255" label="{Stmts}"><node id="184" label="AssignStmt"><node id="182" label="NameExpr" lexeme="index"><location begcolumn="13" begline="45" endcolumn="17" endline="45" loc="45.13 - 45.17"/><declaredAt idx="174" location="39.9 - 39.24"/><ofType><semtype type="INTEGER"/></ofType><lvalue/></node><node id="183" label="AtomExpr" lexeme="0" spec="INT"><location begcolumn="21" begline="45" endcolumn="21" endline="45" loc="45.21 - 45.21"/><ofType><semtype type="INTEGER"/></ofType></node><location begcolumn="13" begline="45" endcolumn="22" endline="45" loc="45.13 - 45.22"/><ofType><semtype type="VOID"/></ofType></node><node id="187" label="AssignStmt"><node id="185" label="NameExpr" lexeme="tmp"><location begcolumn="13" begline="46" endcolumn="15" endline="46" loc="46.13 - 46.15"/><declaredAt idx="178" location="41.9 - 41.22"/><ofType><semtype type="INTEGER"/></ofType><lvalue/></node><node id="186" label="AtomExpr" lexeme="0" spec="INT"><location begcolumn="19" begline="46" endcolumn="19" endline="46" loc="46.19 - 46.19"/><ofType><semtype type="INTEGER"/></ofType></node><location begcolumn="13" begline="46" endcolumn="20" endline="46" loc="46.13 - 46.20"/><ofType><semtype type="VOID"/></ofType></node><node id="251" label="WhileStmt"><node id="190" label="BinExpr" spec="LTH"><node id="188" label="NameExpr" lexeme="index"><location begcolumn="19" begline="48" endcolumn="23" endline="48" loc="48.19 - 48.23"/><declaredAt idx="174" location="39.9 - 39.24"/><ofType><semtype type="INTEGER"/></ofType><lvalue/></node><node id="189" label="AtomExpr" lexeme="5" spec="INT"><location begcolumn="27" begline="48" endcolumn="27" endline="48" loc="48.27 - 48.27"/><ofType><semtype type="INTEGER"/></ofType></node><location begcolumn="19" begline="48" endcolumn="27" endline="48" loc="48.19 - 48.27"/><ofType><semtype type="INTEGER"/></ofType></node><node id="250" label="{BodyStmts}"><node id="193" label="AssignStmt"><node id="191" label="NameExpr" lexeme="index2"><location begcolumn="17" begline="49" endcolumn="22" endline="49" loc="49.17 - 49.22"/><declaredAt idx="176" location="40.9 - 40.25"/><ofType><semtype type="INTEGER"/></ofType><lvalue/></node><node id="192" label="NameExpr" lexeme="index"><location begcolumn="26" begline="49" endcolumn="30" endline="49" loc="49.26 - 49.30"/><declaredAt idx="174" location="39.9 - 39.24"/><ofType><semtype type="INTEGER"/></ofType><lvalue/></node><location begcolumn="17" begline="49" endcolumn="31" endline="49" loc="49.17 - 49.31"/><ofType><semtype type="VOID"/></ofType></node><node id="244" label="WhileStmt"><node id="196" label="BinExpr" spec="LTH"><node id="194" label="NameExpr" lexeme="index2"><location begcolumn="23" begline="50" endcolumn="28" endline="50" loc="50.23 - 50.28"/><declaredAt idx="176" location="40.9 - 40.25"/><ofType><semtype type="INTEGER"/></ofType><lvalue/></node><node id="195" label="AtomExpr" lexeme="5" spec="INT"><location begcolumn="32" begline="50" endcolumn="32" endline="50" loc="50.32 - 50.32"/><ofType><semtype type="INTEGER"/></ofType></node><location begcolumn="23" begline="50" endcolumn="32" endline="50" loc="50.23 - 50.32"/><ofType><semtype type="INTEGER"/></ofType></node><node id="243" label="{BodyStmts}"><node id="237" label="IfStmt"><node id="201" label="BinExpr" spec="LTH"><node id="199" label="BinExpr" spec="ADD"><node id="197" label="NameExpr" lexeme="index2"><location begcolumn="24" begline="51" endcolumn="29" endline="51" loc="51.24 - 51.29"/><declaredAt idx="176" location="40.9 - 40.25"/><ofType><semtype type="INTEGER"/></ofType><lvalue/></node><node id="198" label="AtomExpr" lexeme="1" spec="INT"><location begcolumn="33" begline="51" endcolumn="33" endline="51" loc="51.33 - 51.33"/><ofType><semtype type="INTEGER"/></ofType></node><location begcolumn="24" begline="51" endcolumn="33" endline="51" loc="51.24 - 51.33"/><ofType><semtype type="INTEGER"/></ofType></node><node id="200" label="AtomExpr" lexeme="5" spec="INT"><location begcolumn="37" begline="51" endcolumn="37" endline="51" loc="51.37 - 51.37"/><ofType><semtype type="INTEGER"/></ofType></node><location begcolumn="24" begline="51" endcolumn="37" endline="51" loc="51.24 - 51.37"/><ofType><semtype type="INTEGER"/></ofType></node><node id="235" label="{ThenStmts}"><node id="234" label="IfStmt"><node id="210" label="BinExpr" spec="LTH"><node id="204" label="ArrExpr"><node id="202" label="NameExpr" lexeme="tab"><location begcolumn="28" begline="52" endcolumn="30" endline="52" loc="52.28 - 52.30"/><declaredAt idx="3" location="3.1 - 3.17"/><ofType><semtype type="ARRAY[5]"><semtype type="INTEGER"/></semtype></ofType><lvalue/></node><node id="203" label="NameExpr" lexeme="index2"><location begcolumn="32" begline="52" endcolumn="37" endline="52" loc="52.32 - 52.37"/><declaredAt idx="176" location="40.9 - 40.25"/><ofType><semtype type="INTEGER"/></ofType><lvalue/></node><location begcolumn="28" begline="52" endcolumn="38" endline="52" loc="52.28 - 52.38"/><ofType><semtype type="INTEGER"/></ofType><lvalue/></node><node id="209" label="ArrExpr"><node id="205" label="NameExpr" lexeme="tab"><location begcolumn="42" begline="52" endcolumn="44" endline="52" loc="52.42 - 52.44"/><declaredAt idx="3" location="3.1 - 3.17"/><ofType><semtype type="ARRAY[5]"><semtype type="INTEGER"/></semtype></ofType><lvalue/></node><node id="208" label="BinExpr" spec="ADD"><node id="206" label="NameExpr" lexeme="index2"><location begcolumn="46" begline="52" endcolumn="51" endline="52" loc="52.46 - 52.51"/><declaredAt idx="176" location="40.9 - 40.25"/><ofType><semtype type="INTEGER"/></ofType><lvalue/></node><node id="207" label="AtomExpr" lexeme="1" spec="INT"><location begcolumn="55" begline="52" endcolumn="55" endline="52" loc="52.55 - 52.55"/><ofType><semtype type="INTEGER"/></ofType></node><location begcolumn="46" begline="52" endcolumn="55" endline="52" loc="52.46 - 52.55"/><ofType><semtype type="INTEGER"/></ofType></node><location begcolumn="42" begline="52" endcolumn="56" endline="52" loc="52.42 - 52.56"/><ofType><semtype type="INTEGER"/></ofType><lvalue/></node><location begcolumn="28" begline="52" endcolumn="56" endline="52" loc="52.28 - 52.56"/><ofType><semtype type="INTEGER"/></ofType></node><node id="232" label="{ThenStmts}"><node id="215" label="AssignStmt"><node id="211" label="NameExpr" lexeme="tmp"><location begcolumn="29" begline="53" endcolumn="31" endline="53" loc="53.29 - 53.31"/><declaredAt idx="178" location="41.9 - 41.22"/><ofType><semtype type="INTEGER"/></ofType><lvalue/></node><node id="214" label="ArrExpr"><node id="212" label="NameExpr" lexeme="tab"><location begcolumn="35" begline="53" endcolumn="37" endline="53" loc="53.35 - 53.37"/><declaredAt idx="3" location="3.1 - 3.17"/><ofType><semtype type="ARRAY[5]"><semtype type="INTEGER"/></semtype></ofType><lvalue/></node><node id="213" label="NameExpr" lexeme="index2"><location begcolumn="39" begline="53" endcolumn="44" endline="53" loc="53.39 - 53.44"/><declaredAt idx="176" location="40.9 - 40.25"/><ofType><semtype type="INTEGER"/></ofType><lvalue/></node><location begcolumn="35" begline="53" endcolumn="45" endline="53" loc="53.35 - 53.45"/><ofType><semtype type="INTEGER"/></ofType><lvalue/></node><location begcolumn="29" begline="53" endcolumn="46" endline="53" loc="53.29 - 53.46"/><ofType><semtype type="VOID"/></ofType></node><node id="224" label="AssignStmt"><node id="218" label="ArrExpr"><node id="216" label="NameExpr" lexeme="tab"><location begcolumn="29" begline="54" endcolumn="31" endline="54" loc="54.29 - 54.31"/><declaredAt idx="3" location="3.1 - 3.17"/><ofType><semtype type="ARRAY[5]"><semtype type="INTEGER"/></semtype></ofType><lvalue/></node><node id="217" label="NameExpr" lexeme="index2"><location begcolumn="33" begline="54" endcolumn="38" endline="54" loc="54.33 - 54.38"/><declaredAt idx="176" location="40.9 - 40.25"/><ofType><semtype type="INTEGER"/></ofType><lvalue/></node><location begcolumn="29" begline="54" endcolumn="39" endline="54" loc="54.29 - 54.39"/><ofType><semtype type="INTEGER"/></ofType><lvalue/></node><node id="223" label="ArrExpr"><node id="219" label="NameExpr" lexeme="tab"><location begcolumn="43" begline="54" endcolumn="45" endline="54" loc="54.43 - 54.45"/><declaredAt idx="3" location="3.1 - 3.17"/><ofType><semtype type="ARRAY[5]"><semtype type="INTEGER"/></semtype></ofType><lvalue/></node><node id="222" label="BinExpr" spec="ADD"><node id="220" label="NameExpr" lexeme="index2"><location begcolumn="47" begline="54" endcolumn="52" endline="54" loc="54.47 - 54.52"/><declaredAt idx="176" location="40.9 - 40.25"/><ofType><semtype type="INTEGER"/></ofType><lvalue/></node><node id="221" label="AtomExpr" lexeme="1" spec="INT"><location begcolumn="56" begline="54" endcolumn="56" endline="54" loc="54.56 - 54.56"/><ofType><semtype type="INTEGER"/></ofType></node><location begcolumn="47" begline="54" endcolumn="56" endline="54" loc="54.47 - 54.56"/><ofType><semtype type="INTEGER"/></ofType></node><location begcolumn="43" begline="54" endcolumn="57" endline="54" loc="54.43 - 54.57"/><ofType><semtype type="INTEGER"/></ofType><lvalue/></node><location begcolumn="29" begline="54" endcolumn="58" endline="54" loc="54.29 - 54.58"/><ofType><semtype type="VOID"/></ofType></node><node id="231" label="AssignStmt"><node id="229" label="ArrExpr"><node id="225" label="NameExpr" lexeme="tab"><location begcolumn="29" begline="55" endcolumn="31" endline="55" loc="55.29 - 55.31"/><declaredAt idx="3" location="3.1 - 3.17"/><ofType><semtype type="ARRAY[5]"><semtype type="INTEGER"/></semtype></ofType><lvalue/></node><node id="228" label="BinExpr" spec="ADD"><node id="226" label="NameExpr" lexeme="index2"><location begcolumn="33" begline="55" endcolumn="38" endline="55" loc="55.33 - 55.38"/><declaredAt idx="176" location="40.9 - 40.25"/><ofType><semtype type="INTEGER"/></ofType><lvalue/></node><node id="227" label="AtomExpr" lexeme="1" spec="INT"><location begcolumn="42" begline="55" endcolumn="42" endline="55" loc="55.42 - 55.42"/><ofType><semtype type="INTEGER"/></ofType></node><location begcolumn="33" begline="55" endcolumn="42" endline="55" loc="55.33 - 55.42"/><ofType><semtype type="INTEGER"/></ofType></node><location begcolumn="29" begline="55" endcolumn="43" endline="55" loc="55.29 - 55.43"/><ofType><semtype type="INTEGER"/></ofType><lvalue/></node><node id="230" label="NameExpr" lexeme="tmp"><location begcolumn="47" begline="55" endcolumn="49" endline="55" loc="55.47 - 55.49"/><declaredAt idx="178" location="41.9 - 41.22"/><ofType><semtype type="INTEGER"/></ofType><lvalue/></node><location begcolumn="29" begline="55" endcolumn="50" endline="55" loc="55.29 - 55.50"/><ofType><semtype type="VOID"/></ofType></node><location begcolumn="29" begline="53" endcolumn="50" endline="55" loc="53.29 - 55.50"/></node><location begcolumn="25" begline="52" endcolumn="28" endline="56" loc="52.25 - 56.28"/><ofType><semtype type="VOID"/></ofType></node><location begcolumn="25" begline="52" endcolumn="28" endline="56" loc="52.25 - 56.28"/></node><location begcolumn="21" begline="51" endcolumn="24" endline="57" loc="51.21 - 57.24"/><ofType><semtype type="VOID"/></ofType></node><node id="242" label="AssignStmt"><node id="238" label="NameExpr" lexeme="index2"><location begcolumn="21" begline="59" endcolumn="26" endline="59" loc="59.21 - 59.26"/><declaredAt idx="176" location="40.9 - 40.25"/><ofType><semtype type="INTEGER"/></ofType><lvalue/></node><node id="241" label="BinExpr" spec="ADD"><node id="239" label="NameExpr" lexeme="index2"><location begcolumn="30" begline="59" endcolumn="35" endline="59" loc="59.30 - 59.35"/><declaredAt idx="176" location="40.9 - 40.25"/><ofType><semtype type="INTEGER"/></ofType><lvalue/></node><node id="240" label="AtomExpr" lexeme="1" spec="INT"><location begcolumn="39" begline="59" endcolumn="39" endline="59" loc="59.39 - 59.39"/><ofType><semtype type="INTEGER"/></ofType></node><location begcolumn="30" begline="59" endcolumn="39" endline="59" loc="59.30 - 59.39"/><ofType><semtype type="INTEGER"/></ofType></node><location begcolumn="21" begline="59" endcolumn="40" endline="59" loc="59.21 - 59.40"/><ofType><semtype type="VOID"/></ofType></node><location begcolumn="21" begline="51" endcolumn="40" endline="59" loc="51.21 - 59.40"/></node><location begcolumn="17" begline="50" endcolumn="20" endline="60" loc="50.17 - 60.20"/><ofType><semtype type="VOID"/></ofType></node><node id="249" label="AssignStmt"><node id="245" label="NameExpr" lexeme="index"><location begcolumn="17" begline="62" endcolumn="21" endline="62" loc="62.17 - 62.21"/><declaredAt idx="174" location="39.9 - 39.24"/><ofType><semtype type="INTEGER"/></ofType><lvalue/></node><node id="248" label="BinExpr" spec="ADD"><node id="246" label="NameExpr" lexeme="index"><location begcolumn="25" begline="62" endcolumn="29" endline="62" loc="62.25 - 62.29"/><declaredAt idx="174" location="39.9 - 39.24"/><ofType><semtype type="INTEGER"/></ofType><lvalue/></node><node id="247" label="AtomExpr" lexeme="1" spec="INT"><location begcolumn="33" begline="62" endcolumn="33" endline="62" loc="62.33 - 62.33"/><ofType><semtype type="INTEGER"/></ofType></node><location begcolumn="25" begline="62" endcolumn="33" endline="62" loc="62.25 - 62.33"/><ofType><semtype type="INTEGER"/></ofType></node><location begcolumn="17" begline="62" endcolumn="34" endline="62" loc="62.17 - 62.34"/><ofType><semtype type="VOID"/></ofType></node><location begcolumn="17" begline="49" endcolumn="34" endline="62" loc="49.17 - 62.34"/></node><location begcolumn="13" begline="48" endcolumn="16" endline="63" loc="48.13 - 63.16"/><ofType><semtype type="VOID"/></ofType></node><node id="254" label="AssignStmt"><node id="252" label="NameExpr" lexeme="exit_code"><location begcolumn="13" begline="65" endcolumn="21" endline="65" loc="65.13 - 65.21"/><declaredAt idx="5" location="4.1 - 4.20"/><ofType><semtype type="INTEGER"/></ofType><lvalue/></node><node id="253" label="AtomExpr" lexeme="0" spec="INT"><location begcolumn="25" begline="65" endcolumn="25" endline="65" loc="65.25 - 65.25"/><ofType><semtype type="INTEGER"/></ofType></node><location begcolumn="13" begline="65" endcolumn="26" endline="65" loc="65.13 - 65.26"/><ofType><semtype type="VOID"/></ofType></node><location begcolumn="13" begline="45" endcolumn="26" endline="65" loc="45.13 - 65.26"/></node><location begcolumn="29" begline="44" endcolumn="9" endline="66" loc="44.29 - 66.9"/><ofType><semtype type="VOID"/></ofType></node><location begcolumn="9" begline="44" endcolumn="10" endline="66" loc="44.9 - 66.10"/></node><location begcolumn="9" begline="39" endcolumn="10" endline="66" loc="39.9 - 66.10"/></node><location begcolumn="5" begline="38" endcolumn="5" endline="67" loc="38.5 - 67.5"/><ofType><semtype type="VOID"/></ofType></node><location begcolumn="5" begline="38" endcolumn="6" endline="67" loc="38.5 - 67.6"/><ofType><semtype type="VOID"/></ofType></node><node id="264" label="ExprStmt"><node id="263" label="CallExpr" lexeme="outputSortedArray"><location begcolumn="5" begline="69" endcolumn="23" endline="69" loc="69.5 - 69.23"/><declaredAt idx="141" location="20.1 - 27.2"/><ofType><semtype type="CHAR"/></ofType></node><location begcolumn="5" begline="69" endcolumn="24" endline="69" loc="69.5 - 69.24"/><ofType><semtype type="CHAR"/></ofType></node><node id="266" label="ExprStmt"><node id="265" label="NameExpr" lexeme="exit_code"><location begcolumn="5" begline="71" endcolumn="13" endline="71" loc="71.5 - 71.13"/><declaredAt idx="5" location="4.1 - 4.20"/><ofType><semtype type="INTEGER"/></ofType><lvalue/></node><location begcolumn="5" begline="71" endcolumn="14" endline="71" loc="71.5 - 71.14"/><ofType><semtype type="INTEGER"/></ofType></node><location begcolumn="5" begline="30" endcolumn="14" endline="71" loc="30.5 - 71.14"/></node><location begcolumn="20" begline="29" endcolumn="1" endline="72" loc="29.20 - 72.1"/><ofType><semtype type="INTEGER"/></ofType></node><location begcolumn="1" begline="29" endcolumn="2" endline="72" loc="29.1 - 72.2"/></node><location begcolumn="1" begline="3" endcolumn="2" endline="72" loc="3.1 - 72.2"/></node></seman>